18:21:28.187 [main                     ] DEBUG Logger               - Configured Logger
18:21:28.234 [main                     ] DEBUG GameApplication      - Logging settings
Title: AZ TANK
Version: 1.0
Width: 800
Height: 600
Fullscreen: false
Intro: false
Profiling: false
Single step:false
App Mode: DEVELOPER
Menu Key: ESCAPE
Stage Style: DECORATED
Scene Factory: class AZTANK$1

18:21:28.933 [JavaFX Application Thread] DEBUG FXGLApplication      - Initializing FXGL
18:21:28.938 [JavaFX Application Thread] INFO  Engine               - FXGL-21.1 (26.03.2024 17.33) on WINDOWS (J:22.0.2 FX:21.0.1)
18:21:28.939 [JavaFX Application Thread] DEBUG Engine               - JRE Vendor Name: Oracle Corporation
18:21:28.939 [JavaFX Application Thread] DEBUG Engine               - Running on OS: Windows 11 version 10.0
18:21:28.939 [JavaFX Application Thread] DEBUG Engine               - Architecture: amd64
18:21:28.939 [JavaFX Application Thread] INFO  Engine               - Source code and latest versions at: https://github.com/AlmasB/FXGL
18:21:28.940 [JavaFX Application Thread] INFO  Engine               -       Ask questions and discuss at: https://github.com/AlmasB/FXGL/discussions
18:21:28.941 [JavaFX Application Thread] INFO  Engine               -              Join the FXGL chat at: https://gitter.im/AlmasB/FXGL
18:21:29.098 [JavaFX Application Thread] DEBUG PrimaryStageWindow   - Creating a JavaFX scene
18:21:29.166 [JavaFX Application Thread] DEBUG PrimaryStageWindow   - Target settings size: 800.0 x 600.0
18:21:29.167 [JavaFX Application Thread] DEBUG PrimaryStageWindow   - Scaled scene size:    800.0 x 600.0
18:21:29.167 [JavaFX Application Thread] DEBUG PrimaryStageWindow   - Scaled ratio: (1.0, 1.0)
18:21:29.168 [JavaFX Application Thread] DEBUG PrimaryStageWindow   - Set initial scene to FXGLStartupScene
18:21:29.173 [JavaFX Application Thread] DEBUG PrimaryStageWindow   - Opening main window
18:21:29.318 [JavaFX Application Thread] DEBUG PrimaryStageWindow   - Window border size: (14.4000244140625, 37.5999755859375)
18:21:29.319 [JavaFX Application Thread] DEBUG PrimaryStageWindow   - Scaled size: 800.0 x 600.0
18:21:29.320 [JavaFX Application Thread] DEBUG PrimaryStageWindow   - Scaled ratio: (1.0, 1.0)
18:21:29.321 [JavaFX Application Thread] DEBUG PrimaryStageWindow   - Scene size: 800.0 x 600.0
18:21:29.321 [JavaFX Application Thread] DEBUG PrimaryStageWindow   - Stage size: 814.4000244140625 x 637.5999755859375
18:21:29.343 [FXGL Background Thread 1 ] DEBUG Engine               - Initializing environment variables
18:21:29.453 [FXGL Background Thread 1 ] DEBUG FXGLAssetLoaderServi - User app class for loading assets: class AZTANK
18:21:29.453 [FXGL Background Thread 1 ] DEBUG GameApplicationServi - Applying CSS: fxgl_dark.css
18:21:29.454 [FXGL Background Thread 1 ] DEBUG FXGLAssetLoaderServi - Loading from file system: jar:file:/C:/Users/Chak/Documents/SUBJECTS/Komsai%20-%20Second%20Year/CMSC%2022%20(LEC)%20-%20Fundamentals%20of%20Object%20Oriented%20Programming/Final%20Project/lib/fxgl-21.1-uber.jar!/fxglassets/ui/css/fxgl_dark.css
18:21:29.532 [FXGL Background Thread 1 ] DEBUG GameApplicationServi - Initializing application scenes
18:21:29.599 [FXGL Background Thread 1 ] DEBUG GameWorld            - Game world initialized
18:21:29.723 [FXGL Background Thread 1 ] DEBUG PhysicsWorld         - Physics world initialized: appHeight=600, physics.ppm=50.0
18:21:29.724 [FXGL Background Thread 1 ] DEBUG PhysicsWorld         - Using strategy: BRUTE_FORCE
18:21:29.733 [FXGL Background Thread 1 ] DEBUG GameScene            - Game scene initialized: 800x600
18:21:29.753 [FXGL Background Thread 1 ] DEBUG FXGL.DefaultMenu     - createMenuBodyMainMenu()
18:21:29.775 [FXGL Background Thread 1 ] DEBUG FXGL.DefaultMenu     - createOptionsMenu()
18:21:29.789 [FXGL Background Thread 1 ] DEBUG FXGLAssetLoaderServi - Loading from file system: jar:file:/C:/Users/Chak/Documents/SUBJECTS/Komsai%20-%20Second%20Year/CMSC%2022%20(LEC)%20-%20Fundamentals%20of%20Object%20Oriented%20Programming/Final%20Project/lib/fxgl-21.1-uber.jar!/fxglassets/textures/particles/smoke.png
18:21:29.989 [FXGL Background Thread 1 ] DEBUG FXGLAssetLoaderServi - Loading from file system: jar:file:/C:/Users/Chak/Documents/SUBJECTS/Komsai%20-%20Second%20Year/CMSC%2022%20(LEC)%20-%20Fundamentals%20of%20Object%20Oriented%20Programming/Final%20Project/lib/fxgl-21.1-uber.jar!/fxglassets/textures/particles/trace_horizontal.png
18:21:30.063 [FXGL Background Thread 1 ] DEBUG FXGL.DefaultMenu     - createMenuBodyGameMenu()
18:21:30.064 [FXGL Background Thread 1 ] DEBUG FXGL.DefaultMenu     - createOptionsMenu()
18:21:30.085 [FXGL Background Thread 1 ] DEBUG GameApplicationServi - Application scenes initialized
18:21:30.114 [FXGL Background Thread 1 ] DEBUG SystemBundleService  - Loading FXGL system data
18:21:30.128 [FXGL Background Thread 1 ] DEBUG FileSystemAccess     - Reading from: C:\Users\Chak\Documents\SUBJECTS\Komsai - Second Year\CMSC 22 (LEC) - Fundamentals of Object Oriented Programming\Final Project\system\fxgl.bundle
18:21:30.150 [FXGL Background Thread 1 ] DEBUG SystemBundleService  - Bundle FXGL: {}
18:21:30.151 [FXGL Background Thread 1 ] DEBUG UpdaterService       - Checking for updates
18:21:30.160 [FXGL Background Thread 4 ] DEBUG FXGLApplication      - Loading fonts
18:21:30.162 [FXGL Background Thread 4 ] DEBUG FXGLAssetLoaderServi - Loading from file system: jar:file:/C:/Users/Chak/Documents/SUBJECTS/Komsai%20-%20Second%20Year/CMSC%2022%20(LEC)%20-%20Fundamentals%20of%20Object%20Oriented%20Programming/Final%20Project/lib/fxgl-21.1-uber.jar!/fxglassets/ui/fonts/VarelaRound-Regular.ttf
18:21:30.162 [FXGL Background Thread 1 ] DEBUG FXGLApplication      - Loading default localization
18:21:30.162 [FXGL Background Thread 1 ] DEBUG FXGLAssetLoaderServi - Loading from file system: jar:file:/C:/Users/Chak/Documents/SUBJECTS/Komsai%20-%20Second%20Year/CMSC%2022%20(LEC)%20-%20Fundamentals%20of%20Object%20Oriented%20Programming/Final%20Project/lib/fxgl-21.1-uber.jar!/fxglassets/languages/english.lang
18:21:30.293 [FXGL Background Thread 4 ] DEBUG FXGLAssetLoaderServi - Loading from file system: jar:file:/C:/Users/Chak/Documents/SUBJECTS/Komsai%20-%20Second%20Year/CMSC%2022%20(LEC)%20-%20Fundamentals%20of%20Object%20Oriented%20Programming/Final%20Project/lib/fxgl-21.1-uber.jar!/fxglassets/ui/fonts/Abel-Regular.ttf
18:21:30.300 [FXGL Background Thread 4 ] DEBUG FXGLAssetLoaderServi - Loading from file system: jar:file:/C:/Users/Chak/Documents/SUBJECTS/Komsai%20-%20Second%20Year/CMSC%2022%20(LEC)%20-%20Fundamentals%20of%20Object%20Oriented%20Programming/Final%20Project/lib/fxgl-21.1-uber.jar!/fxglassets/ui/fonts/TerminalLandMono-Regular.otf
18:21:30.307 [FXGL Background Thread 4 ] DEBUG FXGLAssetLoaderServi - Loading from file system: jar:file:/C:/Users/Chak/Documents/SUBJECTS/Komsai%20-%20Second%20Year/CMSC%2022%20(LEC)%20-%20Fundamentals%20of%20Object%20Oriented%20Programming/Final%20Project/lib/fxgl-21.1-uber.jar!/fxglassets/ui/fonts/Courier-Prime.ttf
18:21:30.330 [JavaFX Application Thread] DEBUG FXGLApplication      - Registering font factories with UI factory
18:21:30.339 [FXGL Background Thread 1 ] INFO  FXGLApplication      - FXGL initialization took: 0.996 sec
18:21:30.381 [JavaFX Application Thread] DEBUG Input                - Registered new binding: Player 1 Move Left - Left
18:21:30.382 [JavaFX Application Thread] DEBUG Input                - Registered new binding: Player 1 Move Right - Right
18:21:30.383 [JavaFX Application Thread] DEBUG Input                - Registered new binding: Player 1 Move Forward - Up
18:21:30.384 [JavaFX Application Thread] DEBUG Input                - Registered new binding: Player 1 Move Backwards - Down
18:21:30.385 [JavaFX Application Thread] DEBUG Input                - Registered new binding: Player 1 Shoot - Space
18:21:30.386 [JavaFX Application Thread] DEBUG Input                - Registered new binding: Player 2 Move Left - A
18:21:30.387 [JavaFX Application Thread] DEBUG Input                - Registered new binding: Player 2 Move Right - D
18:21:30.389 [JavaFX Application Thread] DEBUG Input                - Registered new binding: Player 2 Move Forward - W
18:21:30.391 [JavaFX Application Thread] DEBUG Input                - Registered new binding: Player 2 Move Down - S
18:21:30.393 [JavaFX Application Thread] DEBUG Input                - Registered new binding: Player 2 Shoot - Q
18:21:30.394 [JavaFX Application Thread] DEBUG FXGLAssetLoaderServi - Loading from file system: jar:file:/C:/Users/Chak/Documents/SUBJECTS/Komsai%20-%20Second%20Year/CMSC%2022%20(LEC)%20-%20Fundamentals%20of%20Object%20Oriented%20Programming/Final%20Project/lib/fxgl-21.1-uber.jar!/fxglassets/textures/fxgl_icon.png
18:21:30.467 [JavaFX Application Thread] DEBUG FXGLAssetLoaderServi - Loading from file system: jar:file:/C:/Users/Chak/Documents/SUBJECTS/Komsai%20-%20Second%20Year/CMSC%2022%20(LEC)%20-%20Fundamentals%20of%20Object%20Oriented%20Programming/Final%20Project/lib/fxgl-21.1-uber.jar!/fxglassets/textures/fxgl_default_cursor.png
18:21:30.488 [JavaFX Application Thread] DEBUG Input                - Registered new binding: Screenshot - CTRL+8
18:21:30.493 [JavaFX Application Thread] DEBUG Input                - Registered new binding: System info dump - CTRL+9
18:21:30.498 [JavaFX Application Thread] DEBUG Input                - Registered new binding: Restart - CTRL+R
18:21:30.510 [JavaFX Application Thread] DEBUG Input                - Registered new binding: Toggle Debug Camera - CTRL+7
18:21:30.551 [JavaFX Application Thread] DEBUG LoopRunner           - Starting loop
18:21:30.552 [JavaFX Application Thread] DEBUG LoopRunner           - Initializing JavaFX AnimationTimerLoop
18:21:30.568 [JavaFX Application Thread] DEBUG Input                - Clearing active input actions
18:21:30.579 [JavaFX Application Thread] DEBUG GameApplicationServi - Removing overlay from FXGLStartupScene and adding to FXGLMainMenuDummyScene
18:21:30.581 [JavaFX Application Thread] DEBUG PrimaryStageWindow   - FXGLStartupScene -> FXGLMainMenuDummyScene
18:21:30.582 [JavaFX Application Thread] DEBUG PrimaryStageWindow   - Push state: AZTANKMainMenu
18:21:30.590 [JavaFX Application Thread] DEBUG Input                - Clearing active input actions
18:21:30.620 [JavaFX Application Thread] DEBUG GameApplicationServi - Removing overlay from FXGLMainMenuDummyScene and adding to AZTANKMainMenu
18:21:30.621 [JavaFX Application Thread] DEBUG PrimaryStageWindow   - FXGLMainMenuDummyScene -> AZTANKMainMenu
18:21:33.156 [FXGL Background Thread 3 ] DEBUG Engine               - Logging environment variables
18:21:33.158 [FXGL Background Thread 3 ] DEBUG Engine               - achievements: []
18:21:33.158 [FXGL Background Thread 3 ] DEBUG Engine               - actualHeight: 600.0
18:21:33.159 [FXGL Background Thread 3 ] DEBUG Engine               - actualHeightProperty: ReadOnlyDoubleProperty [value: 600.0]
18:21:33.159 [FXGL Background Thread 3 ] DEBUG Engine               - actualWidth: 800.0
18:21:33.160 [FXGL Background Thread 3 ] DEBUG Engine               - actualWidthProperty: ReadOnlyDoubleProperty [value: 800.0]
18:21:33.160 [FXGL Background Thread 3 ] DEBUG Engine               - appIcon: fxgl_icon.png
18:21:33.160 [FXGL Background Thread 3 ] DEBUG Engine               - applicationMode: DEVELOPER
18:21:33.160 [FXGL Background Thread 3 ] DEBUG Engine               - cSSList: [fxgl_dark.css]
18:21:33.160 [FXGL Background Thread 3 ] DEBUG Engine               - collisionDetectionStrategy: BRUTE_FORCE
18:21:33.160 [FXGL Background Thread 3 ] DEBUG Engine               - configClass: Optional.empty
18:21:33.160 [FXGL Background Thread 3 ] DEBUG Engine               - credits: []
18:21:33.162 [FXGL Background Thread 3 ] DEBUG Engine               - defaultCursor: CursorInfo(imageName=fxgl_default_cursor.png, hotspotX=7.0, hotspotY=6.0)
18:21:33.162 [FXGL Background Thread 3 ] DEBUG Engine               - devBBoxColorProperty: ObjectProperty [value: 0xff0000ff]
18:21:33.162 [FXGL Background Thread 3 ] DEBUG Engine               - devEnableDebugCameraProperty: BooleanProperty [value: false]
18:21:33.162 [FXGL Background Thread 3 ] DEBUG Engine               - devSensorColorProperty: ObjectProperty [value: 0xffff00ff]
18:21:33.163 [FXGL Background Thread 3 ] DEBUG Engine               - devShowBBoxProperty: BooleanProperty [value: false]
18:21:33.163 [FXGL Background Thread 3 ] DEBUG Engine               - devShowPositionProperty: BooleanProperty [value: false]
18:21:33.163 [FXGL Background Thread 3 ] DEBUG Engine               - enabledMenuItems: []
18:21:33.163 [FXGL Background Thread 3 ] DEBUG Engine               - engineServices: [class com.almasb.fxgl.app.services.FXGLAssetLoaderService, class com.almasb.fxgl.app.FXGLApplication$GameApplicationService, class com.almasb.fxgl.app.services.FXGLDialogService, class com.almasb.fxgl.app.services.IOTaskExecutorService, class com.almasb.fxgl.io.FileSystemService, class com.almasb.fxgl.localization.LocalizationService, class com.almasb.fxgl.app.services.SystemBundleService, class com.almasb.fxgl.profile.SaveLoadService, class com.almasb.fxgl.ui.FXGLUIFactoryServiceProvider, class com.almasb.fxgl.ui.FXGLDialogFactoryServiceProvider, class com.almasb.fxgl.audio.AudioPlayer, class com.almasb.fxgl.notification.impl.NotificationServiceProvider, class com.almasb.fxgl.achievement.AchievementService, class com.almasb.fxgl.cutscene.CutsceneService, class com.almasb.fxgl.minigames.MiniGameService, class com.almasb.fxgl.net.NetService, class com.almasb.fxgl.app.services.UpdaterService, class com.almasb.fxgl.dev.DevService]
18:21:33.164 [FXGL Background Thread 3 ] DEBUG Engine               - fontGame: Abel-Regular.ttf
18:21:33.164 [FXGL Background Thread 3 ] DEBUG Engine               - fontMono: TerminalLandMono-Regular.otf
18:21:33.164 [FXGL Background Thread 3 ] DEBUG Engine               - fontSizeScaleUI: 1.0
18:21:33.164 [FXGL Background Thread 3 ] DEBUG Engine               - fontText: Courier-Prime.ttf
18:21:33.164 [FXGL Background Thread 3 ] DEBUG Engine               - fontUI: VarelaRound-Regular.ttf
18:21:33.165 [FXGL Background Thread 3 ] DEBUG Engine               - fullScreen: BooleanProperty [value: false]
18:21:33.166 [FXGL Background Thread 3 ] DEBUG Engine               - gameDifficulty: MEDIUM
18:21:33.166 [FXGL Background Thread 3 ] DEBUG Engine               - gameDifficultyProperty: ObjectProperty [value: MEDIUM]
18:21:33.166 [FXGL Background Thread 3 ] DEBUG Engine               - globalMusicVolume: 0.5
18:21:33.167 [FXGL Background Thread 3 ] DEBUG Engine               - globalMusicVolumeProperty: DoubleProperty [value: 0.5]
18:21:33.167 [FXGL Background Thread 3 ] DEBUG Engine               - globalSoundVolume: 0.5
18:21:33.167 [FXGL Background Thread 3 ] DEBUG Engine               - globalSoundVolumeProperty: DoubleProperty [value: 0.5]
18:21:33.167 [FXGL Background Thread 3 ] DEBUG Engine               - height: 600
18:21:33.167 [FXGL Background Thread 3 ] DEBUG Engine               - is3D: false
18:21:33.167 [FXGL Background Thread 3 ] DEBUG Engine               - isAndroid: false
18:21:33.168 [FXGL Background Thread 3 ] DEBUG Engine               - isBrowser: false
18:21:33.168 [FXGL Background Thread 3 ] DEBUG Engine               - isClickFeedbackEnabled: false
18:21:33.168 [FXGL Background Thread 3 ] DEBUG Engine               - isCloseConfirmation: false
18:21:33.168 [FXGL Background Thread 3 ] DEBUG Engine               - isDesktop: true
18:21:33.168 [FXGL Background Thread 3 ] DEBUG Engine               - isDeveloperMenuEnabled: false
18:21:33.168 [FXGL Background Thread 3 ] DEBUG Engine               - isEmbedded: false
18:21:33.168 [FXGL Background Thread 3 ] DEBUG Engine               - isEntityPreloadEnabled: true
18:21:33.168 [FXGL Background Thread 3 ] DEBUG Engine               - isExperimentalTiledLargeMap: false
18:21:33.168 [FXGL Background Thread 3 ] DEBUG Engine               - isFileSystemWriteAllowed: true
18:21:33.168 [FXGL Background Thread 3 ] DEBUG Engine               - isFullScreenAllowed: false
18:21:33.168 [FXGL Background Thread 3 ] DEBUG Engine               - isFullScreenFromStart: false
18:21:33.168 [FXGL Background Thread 3 ] DEBUG Engine               - isGameMenuEnabled: true
18:21:33.168 [FXGL Background Thread 3 ] DEBUG Engine               - isIOS: false
18:21:33.168 [FXGL Background Thread 3 ] DEBUG Engine               - isIntroEnabled: false
18:21:33.168 [FXGL Background Thread 3 ] DEBUG Engine               - isLinux: false
18:21:33.168 [FXGL Background Thread 3 ] DEBUG Engine               - isMac: false
18:21:33.168 [FXGL Background Thread 3 ] DEBUG Engine               - isMainMenuEnabled: true
18:21:33.169 [FXGL Background Thread 3 ] DEBUG Engine               - isManualResizeEnabled: false
18:21:33.169 [FXGL Background Thread 3 ] DEBUG Engine               - isMobile: false
18:21:33.169 [FXGL Background Thread 3 ] DEBUG Engine               - isNative: false
18:21:33.169 [FXGL Background Thread 3 ] DEBUG Engine               - isPauseMusicWhenMinimized: true
18:21:33.169 [FXGL Background Thread 3 ] DEBUG Engine               - isPreserveResizeRatio: false
18:21:33.169 [FXGL Background Thread 3 ] DEBUG Engine               - isProfilingEnabled: false
18:21:33.169 [FXGL Background Thread 3 ] DEBUG Engine               - isScaleAffectedOnResize: true
18:21:33.169 [FXGL Background Thread 3 ] DEBUG Engine               - isSingleStep: false
18:21:33.169 [FXGL Background Thread 3 ] DEBUG Engine               - isUserProfileEnabled: false
18:21:33.169 [FXGL Background Thread 3 ] DEBUG Engine               - isWindows: true
18:21:33.169 [FXGL Background Thread 3 ] DEBUG Engine               - language: ObjectProperty [value: ENGLISH]
18:21:33.169 [FXGL Background Thread 3 ] DEBUG Engine               - menuKey: ESCAPE
18:21:33.169 [FXGL Background Thread 3 ] DEBUG Engine               - mouseSensitivity: 0.2
18:21:33.169 [FXGL Background Thread 3 ] DEBUG Engine               - notificationViewClass: class com.almasb.fxgl.notification.view.XboxNotificationView
18:21:33.169 [FXGL Background Thread 3 ] DEBUG Engine               - pixelsPerMeter: 50.0
18:21:33.169 [FXGL Background Thread 3 ] DEBUG Engine               - platform: WINDOWS
18:21:33.169 [FXGL Background Thread 3 ] DEBUG Engine               - prefHeightProperty: ReadOnlyDoubleProperty [value: 600.0]
18:21:33.169 [FXGL Background Thread 3 ] DEBUG Engine               - prefWidthProperty: ReadOnlyDoubleProperty [value: 800.0]
18:21:33.170 [FXGL Background Thread 3 ] DEBUG Engine               - profileDir: profiles/
18:21:33.170 [FXGL Background Thread 3 ] DEBUG Engine               - profileName: StringProperty [value: DEFAULT]
18:21:33.170 [FXGL Background Thread 3 ] DEBUG Engine               - randomSeed: -1
18:21:33.170 [FXGL Background Thread 3 ] DEBUG Engine               - runtimeInfo: RuntimeInfo(platform=WINDOWS, version=21.1, build=26.03.2024 17.33)
18:21:33.170 [FXGL Background Thread 3 ] DEBUG Engine               - saveFileExt: sav
18:21:33.170 [FXGL Background Thread 3 ] DEBUG Engine               - scaledHeightProp$fxgl: DoubleProperty [bound, value: 600.0]
18:21:33.170 [FXGL Background Thread 3 ] DEBUG Engine               - scaledWidthProp$fxgl: DoubleProperty [bound, value: 800.0]
18:21:33.170 [FXGL Background Thread 3 ] DEBUG Engine               - sceneFactory: AZTANK$1@41ea973e
18:21:33.171 [FXGL Background Thread 3 ] DEBUG Engine               - secondsIn24h: 60
18:21:33.171 [FXGL Background Thread 3 ] DEBUG Engine               - soundMenuBack: menu/back.wav
18:21:33.171 [FXGL Background Thread 3 ] DEBUG Engine               - soundMenuPress: menu/press.wav
18:21:33.171 [FXGL Background Thread 3 ] DEBUG Engine               - soundMenuSelect: menu/select.wav
18:21:33.171 [FXGL Background Thread 3 ] DEBUG Engine               - soundNotification: core/notification.wav
18:21:33.171 [FXGL Background Thread 3 ] DEBUG Engine               - stageStyle: DECORATED
18:21:33.171 [FXGL Background Thread 3 ] DEBUG Engine               - supportedLanguages: [ENGLISH, FRENCH, GERMAN, HUNGARIAN, RUSSIAN]
18:21:33.171 [FXGL Background Thread 3 ] DEBUG Engine               - ticksPerSecond: -1
18:21:33.172 [FXGL Background Thread 3 ] DEBUG Engine               - title: AZ TANK
18:21:33.172 [FXGL Background Thread 3 ] DEBUG Engine               - urlGithub: https://github.com/AlmasB/FXGL
18:21:33.172 [FXGL Background Thread 3 ] DEBUG Engine               - urlLeaderboard: http://fxgl-top.herokuapp.com/
18:21:33.172 [FXGL Background Thread 3 ] DEBUG Engine               - urlPOM: https://raw.githubusercontent.com/AlmasB/FXGL/release/README.md
18:21:33.172 [FXGL Background Thread 3 ] DEBUG Engine               - userAppClass: class AZTANK
18:21:33.173 [FXGL Background Thread 3 ] DEBUG Engine               - version: 1.0
18:21:33.173 [FXGL Background Thread 3 ] DEBUG Engine               - versionCheckDays: 7
18:21:33.174 [FXGL Background Thread 3 ] DEBUG Engine               - width: 800
18:21:33.174 [FXGL Background Thread 3 ] DEBUG Engine               - Logging services
18:21:33.174 [FXGL Background Thread 3 ] DEBUG Engine               - class com.almasb.fxgl.app.services.FXGLAssetLoaderService
18:21:33.174 [FXGL Background Thread 3 ] DEBUG Engine               - class com.almasb.fxgl.app.FXGLApplication$GameApplicationService
18:21:33.175 [FXGL Background Thread 3 ] DEBUG Engine               - class com.almasb.fxgl.app.services.FXGLDialogService
18:21:33.175 [FXGL Background Thread 3 ] DEBUG Engine               - class com.almasb.fxgl.app.services.IOTaskExecutorService
18:21:33.175 [FXGL Background Thread 3 ] DEBUG Engine               - class com.almasb.fxgl.io.FileSystemService
18:21:33.175 [FXGL Background Thread 3 ] DEBUG Engine               - class com.almasb.fxgl.localization.LocalizationService
18:21:33.175 [FXGL Background Thread 3 ] DEBUG Engine               - class com.almasb.fxgl.app.services.SystemBundleService
18:21:33.176 [FXGL Background Thread 3 ] DEBUG Engine               - class com.almasb.fxgl.profile.SaveLoadService
18:21:33.176 [FXGL Background Thread 3 ] DEBUG Engine               - class com.almasb.fxgl.ui.FXGLUIFactoryServiceProvider
18:21:33.176 [FXGL Background Thread 3 ] DEBUG Engine               - class com.almasb.fxgl.ui.FXGLDialogFactoryServiceProvider
18:21:33.176 [FXGL Background Thread 3 ] DEBUG Engine               - class com.almasb.fxgl.audio.AudioPlayer
18:21:33.176 [FXGL Background Thread 3 ] DEBUG Engine               - class com.almasb.fxgl.notification.impl.NotificationServiceProvider
18:21:33.176 [FXGL Background Thread 3 ] DEBUG Engine               - class com.almasb.fxgl.achievement.AchievementService
18:21:33.176 [FXGL Background Thread 3 ] DEBUG Engine               - class com.almasb.fxgl.cutscene.CutsceneService
18:21:33.176 [FXGL Background Thread 3 ] DEBUG Engine               - class com.almasb.fxgl.minigames.MiniGameService
18:21:33.176 [FXGL Background Thread 3 ] DEBUG Engine               - class com.almasb.fxgl.net.NetService
18:21:33.176 [FXGL Background Thread 3 ] DEBUG Engine               - class com.almasb.fxgl.app.services.UpdaterService
18:21:33.176 [FXGL Background Thread 3 ] DEBUG Engine               - class com.almasb.fxgl.dev.DevService
18:21:33.360 [JavaFX Application Thread] DEBUG Menu                 - fireNewGame()
18:21:33.361 [JavaFX Application Thread] DEBUG GameApplicationServi - Starting new game
18:21:33.365 [JavaFX Application Thread] DEBUG PrimaryStageWindow   - Pop state: AZTANKMainMenu
18:21:33.365 [JavaFX Application Thread] DEBUG Input                - Clearing active input actions
18:21:33.366 [JavaFX Application Thread] DEBUG GameApplicationServi - Removing overlay from AZTANKMainMenu and adding to FXGLMainMenuDummyScene
18:21:33.367 [JavaFX Application Thread] DEBUG PrimaryStageWindow   - FXGLMainMenuDummyScene <- AZTANKMainMenu
18:21:33.367 [JavaFX Application Thread] DEBUG Input                - Clearing active input actions
18:21:33.382 [JavaFX Application Thread] DEBUG GameApplicationServi - Removing overlay from FXGLMainMenuDummyScene and adding to FXGLLoadingScene
18:21:33.383 [JavaFX Application Thread] DEBUG PrimaryStageWindow   - FXGLMainMenuDummyScene -> FXGLLoadingScene
18:21:33.383 [JavaFX Application Thread] DEBUG GameApplicationServi - Clearing previous game
18:21:33.383 [JavaFX Application Thread] DEBUG GameScene            - Clearing game scene
18:21:33.384 [JavaFX Application Thread] DEBUG GameWorld            - Clearing game world
18:21:33.384 [JavaFX Application Thread] DEBUG PhysicsWorld         - Clearing physics world
18:21:33.390 [FXGL Background Thread 2 ] DEBUG FXGLApplication      - Initializing game
18:21:33.513 [FXGL Background Thread 2 ] INFO  FXGLApplication      - Game initialization took: 0.123 sec
18:21:33.515 [JavaFX Application Thread] DEBUG Input                - Clearing active input actions
18:21:33.529 [JavaFX Application Thread] DEBUG GameApplicationServi - Removing overlay from FXGLLoadingScene and adding to GameScene
18:21:33.532 [JavaFX Application Thread] DEBUG PrimaryStageWindow   - FXGLLoadingScene -> GameScene
18:21:44.309 [JavaFX Application Thread] DEBUG FXGLApplication      - Exiting FXGL
18:21:44.310 [JavaFX Application Thread] DEBUG LoopRunner           - Stopping loop
18:21:44.310 [JavaFX Application Thread] DEBUG SystemBundleService  - Saving FXGL system data
18:21:44.315 [JavaFX Application Thread] DEBUG FileSystemAccess     - Writing to: C:\Users\Chak\Documents\SUBJECTS\Komsai - Second Year\CMSC 22 (LEC) - Fundamentals of Object Oriented Programming\Final Project\system\fxgl.bundle
18:21:44.318 [JavaFX Application Thread] DEBUG Async                - Shutting down background threads
18:21:44.333 [JavaFX Application Thread] DEBUG PrimaryStageWindow   - Closing main window
18:21:44.387 [JavaFX Application Thread] DEBUG Logger               - Closing Logger
