07:37:03.041 [main                     ] DEBUG Logger               - Configured Logger
07:37:03.060 [main                     ] DEBUG GameApplication      - Logging settings
Title: AZ TANK
Version: 1.0
Width: 800
Height: 600
Fullscreen: false
Intro: false
Profiling: false
Single step:false
App Mode: DEVELOPER
Menu Key: ESCAPE
Stage Style: DECORATED
Scene Factory: class AZTANK$1

07:37:03.517 [JavaFX Application Thread] DEBUG FXGLApplication      - Initializing FXGL
07:37:03.523 [JavaFX Application Thread] INFO  Engine               - FXGL-21.1 (26.03.2024 17.33) on WINDOWS (J:22.0.2 FX:21.0.1)
07:37:03.525 [JavaFX Application Thread] DEBUG Engine               - JRE Vendor Name: Oracle Corporation
07:37:03.525 [JavaFX Application Thread] DEBUG Engine               - Running on OS: Windows 11 version 10.0
07:37:03.525 [JavaFX Application Thread] DEBUG Engine               - Architecture: amd64
07:37:03.525 [JavaFX Application Thread] INFO  Engine               - Source code and latest versions at: https://github.com/AlmasB/FXGL
07:37:03.526 [JavaFX Application Thread] INFO  Engine               -       Ask questions and discuss at: https://github.com/AlmasB/FXGL/discussions
07:37:03.526 [JavaFX Application Thread] INFO  Engine               -              Join the FXGL chat at: https://gitter.im/AlmasB/FXGL
07:37:03.610 [JavaFX Application Thread] DEBUG PrimaryStageWindow   - Creating a JavaFX scene
07:37:03.651 [JavaFX Application Thread] DEBUG PrimaryStageWindow   - Target settings size: 800.0 x 600.0
07:37:03.652 [JavaFX Application Thread] DEBUG PrimaryStageWindow   - Scaled scene size:    800.0 x 600.0
07:37:03.652 [JavaFX Application Thread] DEBUG PrimaryStageWindow   - Scaled ratio: (1.0, 1.0)
07:37:03.654 [JavaFX Application Thread] DEBUG PrimaryStageWindow   - Set initial scene to FXGLStartupScene
07:37:03.660 [JavaFX Application Thread] DEBUG PrimaryStageWindow   - Opening main window
07:37:03.788 [JavaFX Application Thread] DEBUG PrimaryStageWindow   - Window border size: (14.4000244140625, 37.5999755859375)
07:37:03.789 [JavaFX Application Thread] DEBUG PrimaryStageWindow   - Scaled size: 800.0 x 600.0
07:37:03.789 [JavaFX Application Thread] DEBUG PrimaryStageWindow   - Scaled ratio: (1.0, 1.0)
07:37:03.789 [JavaFX Application Thread] DEBUG PrimaryStageWindow   - Scene size: 800.0 x 600.0
07:37:03.789 [JavaFX Application Thread] DEBUG PrimaryStageWindow   - Stage size: 814.4000244140625 x 637.5999755859375
07:37:03.802 [FXGL Background Thread 1 ] DEBUG Engine               - Initializing environment variables
07:37:03.895 [FXGL Background Thread 1 ] DEBUG FXGLAssetLoaderServi - User app class for loading assets: class AZTANK
07:37:03.895 [FXGL Background Thread 1 ] DEBUG GameApplicationServi - Applying CSS: fxgl_dark.css
07:37:03.896 [FXGL Background Thread 1 ] DEBUG FXGLAssetLoaderServi - Loading from file system: jar:file:/C:/Users/Chak/Documents/SUBJECTS/Komsai%20-%20Second%20Year/CMSC%2022%20(LEC)%20-%20Fundamentals%20of%20Object%20Oriented%20Programming/Final%20Project/lib/fxgl-21.1-uber.jar!/fxglassets/ui/css/fxgl_dark.css
07:37:03.980 [FXGL Background Thread 1 ] DEBUG GameApplicationServi - Initializing application scenes
07:37:04.080 [FXGL Background Thread 1 ] DEBUG GameWorld            - Game world initialized
07:37:04.156 [FXGL Background Thread 1 ] DEBUG PhysicsWorld         - Physics world initialized: appHeight=600, physics.ppm=50.0
07:37:04.156 [FXGL Background Thread 1 ] DEBUG PhysicsWorld         - Using strategy: BRUTE_FORCE
07:37:04.160 [FXGL Background Thread 1 ] DEBUG GameScene            - Game scene initialized: 800x600
07:37:04.171 [FXGL Background Thread 1 ] DEBUG FXGL.DefaultMenu     - createMenuBodyMainMenu()
07:37:04.201 [FXGL Background Thread 1 ] DEBUG FXGL.DefaultMenu     - createOptionsMenu()
07:37:04.229 [FXGL Background Thread 1 ] DEBUG FXGLAssetLoaderServi - Loading from file system: jar:file:/C:/Users/Chak/Documents/SUBJECTS/Komsai%20-%20Second%20Year/CMSC%2022%20(LEC)%20-%20Fundamentals%20of%20Object%20Oriented%20Programming/Final%20Project/lib/fxgl-21.1-uber.jar!/fxglassets/textures/particles/smoke.png
07:37:04.485 [FXGL Background Thread 1 ] DEBUG FXGLAssetLoaderServi - Loading from file system: jar:file:/C:/Users/Chak/Documents/SUBJECTS/Komsai%20-%20Second%20Year/CMSC%2022%20(LEC)%20-%20Fundamentals%20of%20Object%20Oriented%20Programming/Final%20Project/lib/fxgl-21.1-uber.jar!/fxglassets/textures/particles/trace_horizontal.png
07:37:04.585 [FXGL Background Thread 1 ] DEBUG FXGL.DefaultMenu     - createMenuBodyGameMenu()
07:37:04.590 [FXGL Background Thread 1 ] DEBUG FXGL.DefaultMenu     - createOptionsMenu()
07:37:04.633 [FXGL Background Thread 1 ] DEBUG GameApplicationServi - Application scenes initialized
07:37:04.680 [FXGL Background Thread 1 ] DEBUG SystemBundleService  - Loading FXGL system data
07:37:04.702 [FXGL Background Thread 1 ] DEBUG FileSystemAccess     - Reading from: C:\Users\Chak\Documents\SUBJECTS\Komsai - Second Year\CMSC 22 (LEC) - Fundamentals of Object Oriented Programming\Final Project\system\fxgl.bundle
07:37:04.738 [FXGL Background Thread 1 ] DEBUG SystemBundleService  - Bundle FXGL: {}
07:37:04.738 [FXGL Background Thread 1 ] DEBUG UpdaterService       - Checking for updates
07:37:04.756 [FXGL Background Thread 4 ] DEBUG FXGLApplication      - Loading fonts
07:37:04.757 [FXGL Background Thread 4 ] DEBUG FXGLAssetLoaderServi - Loading from file system: jar:file:/C:/Users/Chak/Documents/SUBJECTS/Komsai%20-%20Second%20Year/CMSC%2022%20(LEC)%20-%20Fundamentals%20of%20Object%20Oriented%20Programming/Final%20Project/lib/fxgl-21.1-uber.jar!/fxglassets/ui/fonts/VarelaRound-Regular.ttf
07:37:04.758 [FXGL Background Thread 1 ] DEBUG FXGLApplication      - Loading default localization
07:37:04.761 [FXGL Background Thread 1 ] DEBUG FXGLAssetLoaderServi - Loading from file system: jar:file:/C:/Users/Chak/Documents/SUBJECTS/Komsai%20-%20Second%20Year/CMSC%2022%20(LEC)%20-%20Fundamentals%20of%20Object%20Oriented%20Programming/Final%20Project/lib/fxgl-21.1-uber.jar!/fxglassets/languages/english.lang
07:37:04.811 [FXGL Background Thread 1 ] INFO  FXGLApplication      - FXGL initialization took: 1.009 sec
07:37:04.830 [JavaFX Application Thread] DEBUG Input                - Registered new binding: Player 1 Move Left - Left
07:37:04.831 [JavaFX Application Thread] DEBUG Input                - Registered new binding: Player 1 Move Right - Right
07:37:04.831 [JavaFX Application Thread] DEBUG Input                - Registered new binding: Player 1 Move Forward - Up
07:37:04.831 [JavaFX Application Thread] DEBUG Input                - Registered new binding: Player 1 Move Backwards - Down
07:37:04.831 [JavaFX Application Thread] DEBUG Input                - Registered new binding: Player 1 Shoot - Space
07:37:04.831 [JavaFX Application Thread] DEBUG Input                - Registered new binding: Player 2 Move Left - A
07:37:04.832 [JavaFX Application Thread] DEBUG Input                - Registered new binding: Player 2 Move Right - D
07:37:04.832 [JavaFX Application Thread] DEBUG Input                - Registered new binding: Player 2 Move Forward - W
07:37:04.832 [JavaFX Application Thread] DEBUG Input                - Registered new binding: Player 2 Move Down - S
07:37:04.832 [JavaFX Application Thread] DEBUG Input                - Registered new binding: Player 2 Shoot - Q
07:37:04.834 [JavaFX Application Thread] DEBUG FXGLAssetLoaderServi - Loading from file system: jar:file:/C:/Users/Chak/Documents/SUBJECTS/Komsai%20-%20Second%20Year/CMSC%2022%20(LEC)%20-%20Fundamentals%20of%20Object%20Oriented%20Programming/Final%20Project/lib/fxgl-21.1-uber.jar!/fxglassets/textures/fxgl_icon.png
07:37:04.864 [FXGL Background Thread 4 ] DEBUG FXGLAssetLoaderServi - Loading from file system: jar:file:/C:/Users/Chak/Documents/SUBJECTS/Komsai%20-%20Second%20Year/CMSC%2022%20(LEC)%20-%20Fundamentals%20of%20Object%20Oriented%20Programming/Final%20Project/lib/fxgl-21.1-uber.jar!/fxglassets/ui/fonts/Abel-Regular.ttf
07:37:04.865 [JavaFX Application Thread] DEBUG FXGLAssetLoaderServi - Loading from file system: jar:file:/C:/Users/Chak/Documents/SUBJECTS/Komsai%20-%20Second%20Year/CMSC%2022%20(LEC)%20-%20Fundamentals%20of%20Object%20Oriented%20Programming/Final%20Project/lib/fxgl-21.1-uber.jar!/fxglassets/textures/fxgl_default_cursor.png
07:37:04.871 [JavaFX Application Thread] DEBUG Input                - Registered new binding: Screenshot - CTRL+8
07:37:04.872 [JavaFX Application Thread] DEBUG Input                - Registered new binding: System info dump - CTRL+9
07:37:04.873 [JavaFX Application Thread] DEBUG Input                - Registered new binding: Restart - CTRL+R
07:37:04.874 [FXGL Background Thread 4 ] DEBUG FXGLAssetLoaderServi - Loading from file system: jar:file:/C:/Users/Chak/Documents/SUBJECTS/Komsai%20-%20Second%20Year/CMSC%2022%20(LEC)%20-%20Fundamentals%20of%20Object%20Oriented%20Programming/Final%20Project/lib/fxgl-21.1-uber.jar!/fxglassets/ui/fonts/TerminalLandMono-Regular.otf
07:37:04.875 [JavaFX Application Thread] DEBUG Input                - Registered new binding: Toggle Debug Camera - CTRL+7
07:37:04.883 [JavaFX Application Thread] DEBUG LoopRunner           - Starting loop
07:37:04.883 [JavaFX Application Thread] DEBUG LoopRunner           - Initializing JavaFX AnimationTimerLoop
07:37:04.886 [FXGL Background Thread 4 ] DEBUG FXGLAssetLoaderServi - Loading from file system: jar:file:/C:/Users/Chak/Documents/SUBJECTS/Komsai%20-%20Second%20Year/CMSC%2022%20(LEC)%20-%20Fundamentals%20of%20Object%20Oriented%20Programming/Final%20Project/lib/fxgl-21.1-uber.jar!/fxglassets/ui/fonts/Courier-Prime.ttf
07:37:04.891 [JavaFX Application Thread] DEBUG Input                - Clearing active input actions
07:37:04.904 [JavaFX Application Thread] DEBUG GameApplicationServi - Removing overlay from FXGLStartupScene and adding to FXGLMainMenuDummyScene
07:37:04.906 [JavaFX Application Thread] DEBUG PrimaryStageWindow   - FXGLStartupScene -> FXGLMainMenuDummyScene
07:37:04.906 [JavaFX Application Thread] DEBUG PrimaryStageWindow   - Push state: AZTANKMainMenu
07:37:04.917 [JavaFX Application Thread] DEBUG Input                - Clearing active input actions
07:37:04.949 [JavaFX Application Thread] DEBUG GameApplicationServi - Removing overlay from FXGLMainMenuDummyScene and adding to AZTANKMainMenu
07:37:04.951 [JavaFX Application Thread] DEBUG PrimaryStageWindow   - FXGLMainMenuDummyScene -> AZTANKMainMenu
07:37:05.167 [JavaFX Application Thread] DEBUG FXGLApplication      - Registering font factories with UI factory
07:37:07.749 [FXGL Background Thread 3 ] DEBUG Engine               - Logging environment variables
07:37:07.753 [FXGL Background Thread 3 ] DEBUG Engine               - achievements: []
07:37:07.753 [FXGL Background Thread 3 ] DEBUG Engine               - actualHeight: 600.0
07:37:07.754 [FXGL Background Thread 3 ] DEBUG Engine               - actualHeightProperty: ReadOnlyDoubleProperty [value: 600.0]
07:37:07.754 [FXGL Background Thread 3 ] DEBUG Engine               - actualWidth: 800.0
07:37:07.754 [FXGL Background Thread 3 ] DEBUG Engine               - actualWidthProperty: ReadOnlyDoubleProperty [value: 800.0]
07:37:07.754 [FXGL Background Thread 3 ] DEBUG Engine               - appIcon: fxgl_icon.png
07:37:07.754 [FXGL Background Thread 3 ] DEBUG Engine               - applicationMode: DEVELOPER
07:37:07.754 [FXGL Background Thread 3 ] DEBUG Engine               - cSSList: [fxgl_dark.css]
07:37:07.754 [FXGL Background Thread 3 ] DEBUG Engine               - collisionDetectionStrategy: BRUTE_FORCE
07:37:07.755 [FXGL Background Thread 3 ] DEBUG Engine               - configClass: Optional.empty
07:37:07.755 [FXGL Background Thread 3 ] DEBUG Engine               - credits: []
07:37:07.756 [FXGL Background Thread 3 ] DEBUG Engine               - defaultCursor: CursorInfo(imageName=fxgl_default_cursor.png, hotspotX=7.0, hotspotY=6.0)
07:37:07.757 [FXGL Background Thread 3 ] DEBUG Engine               - devBBoxColorProperty: ObjectProperty [value: 0xff0000ff]
07:37:07.757 [FXGL Background Thread 3 ] DEBUG Engine               - devEnableDebugCameraProperty: BooleanProperty [value: false]
07:37:07.757 [FXGL Background Thread 3 ] DEBUG Engine               - devSensorColorProperty: ObjectProperty [value: 0xffff00ff]
07:37:07.757 [FXGL Background Thread 3 ] DEBUG Engine               - devShowBBoxProperty: BooleanProperty [value: false]
07:37:07.758 [FXGL Background Thread 3 ] DEBUG Engine               - devShowPositionProperty: BooleanProperty [value: false]
07:37:07.758 [FXGL Background Thread 3 ] DEBUG Engine               - enabledMenuItems: []
07:37:07.758 [FXGL Background Thread 3 ] DEBUG Engine               - engineServices: [class com.almasb.fxgl.app.services.FXGLAssetLoaderService, class com.almasb.fxgl.app.FXGLApplication$GameApplicationService, class com.almasb.fxgl.app.services.FXGLDialogService, class com.almasb.fxgl.app.services.IOTaskExecutorService, class com.almasb.fxgl.io.FileSystemService, class com.almasb.fxgl.localization.LocalizationService, class com.almasb.fxgl.app.services.SystemBundleService, class com.almasb.fxgl.profile.SaveLoadService, class com.almasb.fxgl.ui.FXGLUIFactoryServiceProvider, class com.almasb.fxgl.ui.FXGLDialogFactoryServiceProvider, class com.almasb.fxgl.audio.AudioPlayer, class com.almasb.fxgl.notification.impl.NotificationServiceProvider, class com.almasb.fxgl.achievement.AchievementService, class com.almasb.fxgl.cutscene.CutsceneService, class com.almasb.fxgl.minigames.MiniGameService, class com.almasb.fxgl.net.NetService, class com.almasb.fxgl.app.services.UpdaterService, class com.almasb.fxgl.dev.DevService]
07:37:07.758 [FXGL Background Thread 3 ] DEBUG Engine               - fontGame: Abel-Regular.ttf
07:37:07.758 [FXGL Background Thread 3 ] DEBUG Engine               - fontMono: TerminalLandMono-Regular.otf
07:37:07.758 [FXGL Background Thread 3 ] DEBUG Engine               - fontSizeScaleUI: 1.0
07:37:07.758 [FXGL Background Thread 3 ] DEBUG Engine               - fontText: Courier-Prime.ttf
07:37:07.758 [FXGL Background Thread 3 ] DEBUG Engine               - fontUI: VarelaRound-Regular.ttf
07:37:07.758 [FXGL Background Thread 3 ] DEBUG Engine               - fullScreen: BooleanProperty [value: false]
07:37:07.758 [FXGL Background Thread 3 ] DEBUG Engine               - gameDifficulty: MEDIUM
07:37:07.758 [FXGL Background Thread 3 ] DEBUG Engine               - gameDifficultyProperty: ObjectProperty [value: MEDIUM]
07:37:07.758 [FXGL Background Thread 3 ] DEBUG Engine               - globalMusicVolume: 0.5
07:37:07.759 [FXGL Background Thread 3 ] DEBUG Engine               - globalMusicVolumeProperty: DoubleProperty [value: 0.5]
07:37:07.759 [FXGL Background Thread 3 ] DEBUG Engine               - globalSoundVolume: 0.5
07:37:07.759 [FXGL Background Thread 3 ] DEBUG Engine               - globalSoundVolumeProperty: DoubleProperty [value: 0.5]
07:37:07.759 [FXGL Background Thread 3 ] DEBUG Engine               - height: 600
07:37:07.759 [FXGL Background Thread 3 ] DEBUG Engine               - is3D: false
07:37:07.759 [FXGL Background Thread 3 ] DEBUG Engine               - isAndroid: false
07:37:07.759 [FXGL Background Thread 3 ] DEBUG Engine               - isBrowser: false
07:37:07.759 [FXGL Background Thread 3 ] DEBUG Engine               - isClickFeedbackEnabled: false
07:37:07.759 [FXGL Background Thread 3 ] DEBUG Engine               - isCloseConfirmation: false
07:37:07.759 [FXGL Background Thread 3 ] DEBUG Engine               - isDesktop: true
07:37:07.759 [FXGL Background Thread 3 ] DEBUG Engine               - isDeveloperMenuEnabled: false
07:37:07.759 [FXGL Background Thread 3 ] DEBUG Engine               - isEmbedded: false
07:37:07.759 [FXGL Background Thread 3 ] DEBUG Engine               - isEntityPreloadEnabled: true
07:37:07.760 [FXGL Background Thread 3 ] DEBUG Engine               - isExperimentalTiledLargeMap: false
07:37:07.760 [FXGL Background Thread 3 ] DEBUG Engine               - isFileSystemWriteAllowed: true
07:37:07.760 [FXGL Background Thread 3 ] DEBUG Engine               - isFullScreenAllowed: false
07:37:07.760 [FXGL Background Thread 3 ] DEBUG Engine               - isFullScreenFromStart: false
07:37:07.760 [FXGL Background Thread 3 ] DEBUG Engine               - isGameMenuEnabled: true
07:37:07.760 [FXGL Background Thread 3 ] DEBUG Engine               - isIOS: false
07:37:07.761 [FXGL Background Thread 3 ] DEBUG Engine               - isIntroEnabled: false
07:37:07.761 [FXGL Background Thread 3 ] DEBUG Engine               - isLinux: false
07:37:07.761 [FXGL Background Thread 3 ] DEBUG Engine               - isMac: false
07:37:07.761 [FXGL Background Thread 3 ] DEBUG Engine               - isMainMenuEnabled: true
07:37:07.761 [FXGL Background Thread 3 ] DEBUG Engine               - isManualResizeEnabled: false
07:37:07.761 [FXGL Background Thread 3 ] DEBUG Engine               - isMobile: false
07:37:07.761 [FXGL Background Thread 3 ] DEBUG Engine               - isNative: false
07:37:07.761 [FXGL Background Thread 3 ] DEBUG Engine               - isPauseMusicWhenMinimized: true
07:37:07.761 [FXGL Background Thread 3 ] DEBUG Engine               - isPreserveResizeRatio: false
07:37:07.761 [FXGL Background Thread 3 ] DEBUG Engine               - isProfilingEnabled: false
07:37:07.761 [FXGL Background Thread 3 ] DEBUG Engine               - isScaleAffectedOnResize: true
07:37:07.761 [FXGL Background Thread 3 ] DEBUG Engine               - isSingleStep: false
07:37:07.761 [FXGL Background Thread 3 ] DEBUG Engine               - isUserProfileEnabled: false
07:37:07.761 [FXGL Background Thread 3 ] DEBUG Engine               - isWindows: true
07:37:07.762 [FXGL Background Thread 3 ] DEBUG Engine               - language: ObjectProperty [value: ENGLISH]
07:37:07.762 [FXGL Background Thread 3 ] DEBUG Engine               - menuKey: ESCAPE
07:37:07.762 [FXGL Background Thread 3 ] DEBUG Engine               - mouseSensitivity: 0.2
07:37:07.762 [FXGL Background Thread 3 ] DEBUG Engine               - notificationViewClass: class com.almasb.fxgl.notification.view.XboxNotificationView
07:37:07.762 [FXGL Background Thread 3 ] DEBUG Engine               - pixelsPerMeter: 50.0
07:37:07.762 [FXGL Background Thread 3 ] DEBUG Engine               - platform: WINDOWS
07:37:07.762 [FXGL Background Thread 3 ] DEBUG Engine               - prefHeightProperty: ReadOnlyDoubleProperty [value: 600.0]
07:37:07.763 [FXGL Background Thread 3 ] DEBUG Engine               - prefWidthProperty: ReadOnlyDoubleProperty [value: 800.0]
07:37:07.763 [FXGL Background Thread 3 ] DEBUG Engine               - profileDir: profiles/
07:37:07.763 [FXGL Background Thread 3 ] DEBUG Engine               - profileName: StringProperty [value: DEFAULT]
07:37:07.763 [FXGL Background Thread 3 ] DEBUG Engine               - randomSeed: -1
07:37:07.766 [FXGL Background Thread 3 ] DEBUG Engine               - runtimeInfo: RuntimeInfo(platform=WINDOWS, version=21.1, build=26.03.2024 17.33)
07:37:07.767 [FXGL Background Thread 3 ] DEBUG Engine               - saveFileExt: sav
07:37:07.767 [FXGL Background Thread 3 ] DEBUG Engine               - scaledHeightProp$fxgl: DoubleProperty [bound, value: 600.0]
07:37:07.767 [FXGL Background Thread 3 ] DEBUG Engine               - scaledWidthProp$fxgl: DoubleProperty [bound, value: 800.0]
07:37:07.767 [FXGL Background Thread 3 ] DEBUG Engine               - sceneFactory: AZTANK$1@3d220bb4
07:37:07.767 [FXGL Background Thread 3 ] DEBUG Engine               - secondsIn24h: 60
07:37:07.767 [FXGL Background Thread 3 ] DEBUG Engine               - soundMenuBack: menu/back.wav
07:37:07.767 [FXGL Background Thread 3 ] DEBUG Engine               - soundMenuPress: menu/press.wav
07:37:07.768 [FXGL Background Thread 3 ] DEBUG Engine               - soundMenuSelect: menu/select.wav
07:37:07.768 [FXGL Background Thread 3 ] DEBUG Engine               - soundNotification: core/notification.wav
07:37:07.768 [FXGL Background Thread 3 ] DEBUG Engine               - stageStyle: DECORATED
07:37:07.768 [FXGL Background Thread 3 ] DEBUG Engine               - supportedLanguages: [ENGLISH, FRENCH, GERMAN, HUNGARIAN, RUSSIAN]
07:37:07.768 [FXGL Background Thread 3 ] DEBUG Engine               - ticksPerSecond: -1
07:37:07.768 [FXGL Background Thread 3 ] DEBUG Engine               - title: AZ TANK
07:37:07.768 [FXGL Background Thread 3 ] DEBUG Engine               - urlGithub: https://github.com/AlmasB/FXGL
07:37:07.768 [FXGL Background Thread 3 ] DEBUG Engine               - urlLeaderboard: http://fxgl-top.herokuapp.com/
07:37:07.768 [FXGL Background Thread 3 ] DEBUG Engine               - urlPOM: https://raw.githubusercontent.com/AlmasB/FXGL/release/README.md
07:37:07.768 [FXGL Background Thread 3 ] DEBUG Engine               - userAppClass: class AZTANK
07:37:07.768 [FXGL Background Thread 3 ] DEBUG Engine               - version: 1.0
07:37:07.768 [FXGL Background Thread 3 ] DEBUG Engine               - versionCheckDays: 7
07:37:07.768 [FXGL Background Thread 3 ] DEBUG Engine               - width: 800
07:37:07.769 [FXGL Background Thread 3 ] DEBUG Engine               - Logging services
07:37:07.769 [FXGL Background Thread 3 ] DEBUG Engine               - class com.almasb.fxgl.app.services.FXGLAssetLoaderService
07:37:07.769 [FXGL Background Thread 3 ] DEBUG Engine               - class com.almasb.fxgl.app.FXGLApplication$GameApplicationService
07:37:07.769 [FXGL Background Thread 3 ] DEBUG Engine               - class com.almasb.fxgl.app.services.FXGLDialogService
07:37:07.769 [FXGL Background Thread 3 ] DEBUG Engine               - class com.almasb.fxgl.app.services.IOTaskExecutorService
07:37:07.769 [FXGL Background Thread 3 ] DEBUG Engine               - class com.almasb.fxgl.io.FileSystemService
07:37:07.769 [FXGL Background Thread 3 ] DEBUG Engine               - class com.almasb.fxgl.localization.LocalizationService
07:37:07.769 [FXGL Background Thread 3 ] DEBUG Engine               - class com.almasb.fxgl.app.services.SystemBundleService
07:37:07.769 [FXGL Background Thread 3 ] DEBUG Engine               - class com.almasb.fxgl.profile.SaveLoadService
07:37:07.769 [FXGL Background Thread 3 ] DEBUG Engine               - class com.almasb.fxgl.ui.FXGLUIFactoryServiceProvider
07:37:07.769 [FXGL Background Thread 3 ] DEBUG Engine               - class com.almasb.fxgl.ui.FXGLDialogFactoryServiceProvider
07:37:07.770 [FXGL Background Thread 3 ] DEBUG Engine               - class com.almasb.fxgl.audio.AudioPlayer
07:37:07.770 [FXGL Background Thread 3 ] DEBUG Engine               - class com.almasb.fxgl.notification.impl.NotificationServiceProvider
07:37:07.770 [FXGL Background Thread 3 ] DEBUG Engine               - class com.almasb.fxgl.achievement.AchievementService
07:37:07.770 [FXGL Background Thread 3 ] DEBUG Engine               - class com.almasb.fxgl.cutscene.CutsceneService
07:37:07.770 [FXGL Background Thread 3 ] DEBUG Engine               - class com.almasb.fxgl.minigames.MiniGameService
07:37:07.770 [FXGL Background Thread 3 ] DEBUG Engine               - class com.almasb.fxgl.net.NetService
07:37:07.770 [FXGL Background Thread 3 ] DEBUG Engine               - class com.almasb.fxgl.app.services.UpdaterService
07:37:07.770 [FXGL Background Thread 3 ] DEBUG Engine               - class com.almasb.fxgl.dev.DevService
07:37:08.193 [JavaFX Application Thread] DEBUG Menu                 - fireNewGame()
07:37:08.195 [JavaFX Application Thread] DEBUG GameApplicationServi - Starting new game
07:37:08.202 [JavaFX Application Thread] DEBUG PrimaryStageWindow   - Pop state: AZTANKMainMenu
07:37:08.202 [JavaFX Application Thread] DEBUG Input                - Clearing active input actions
07:37:08.204 [JavaFX Application Thread] DEBUG GameApplicationServi - Removing overlay from AZTANKMainMenu and adding to FXGLMainMenuDummyScene
07:37:08.205 [JavaFX Application Thread] DEBUG PrimaryStageWindow   - FXGLMainMenuDummyScene <- AZTANKMainMenu
07:37:08.206 [JavaFX Application Thread] DEBUG Input                - Clearing active input actions
07:37:08.220 [JavaFX Application Thread] DEBUG GameApplicationServi - Removing overlay from FXGLMainMenuDummyScene and adding to FXGLLoadingScene
07:37:08.221 [JavaFX Application Thread] DEBUG PrimaryStageWindow   - FXGLMainMenuDummyScene -> FXGLLoadingScene
07:37:08.221 [JavaFX Application Thread] DEBUG GameApplicationServi - Clearing previous game
07:37:08.221 [JavaFX Application Thread] DEBUG GameScene            - Clearing game scene
07:37:08.221 [JavaFX Application Thread] DEBUG GameWorld            - Clearing game world
07:37:08.221 [JavaFX Application Thread] DEBUG PhysicsWorld         - Clearing physics world
07:37:08.228 [FXGL Background Thread 2 ] DEBUG FXGLApplication      - Initializing game
07:37:08.332 [FXGL Background Thread 2 ] INFO  FXGLApplication      - Game initialization took: 0.104 sec
07:37:08.340 [JavaFX Application Thread] DEBUG Input                - Clearing active input actions
07:37:08.353 [JavaFX Application Thread] DEBUG GameApplicationServi - Removing overlay from FXGLLoadingScene and adding to GameScene
07:37:08.353 [JavaFX Application Thread] DEBUG PrimaryStageWindow   - FXGLLoadingScene -> GameScene
07:37:12.941 [JavaFX Application Thread] DEBUG PrimaryStageWindow   - Push state: DialogSubScene
07:37:12.941 [JavaFX Application Thread] DEBUG Input                - Clearing active input actions
07:37:12.944 [JavaFX Application Thread] DEBUG GameApplicationServi - Removing overlay from GameScene and adding to DialogSubScene
07:37:12.944 [JavaFX Application Thread] DEBUG PrimaryStageWindow   - GameScene -> DialogSubScene
07:37:14.683 [JavaFX Application Thread] DEBUG PrimaryStageWindow   - Pop state: DialogSubScene
07:37:14.683 [JavaFX Application Thread] DEBUG Input                - Clearing active input actions
07:37:14.684 [JavaFX Application Thread] DEBUG GameApplicationServi - Removing overlay from DialogSubScene and adding to GameScene
07:37:14.684 [JavaFX Application Thread] DEBUG PrimaryStageWindow   - GameScene <- DialogSubScene
07:37:14.684 [JavaFX Application Thread] DEBUG Input                - Clearing active input actions
07:37:14.689 [JavaFX Application Thread] DEBUG GameApplicationServi - Removing overlay from GameScene and adding to FXGLMainMenuDummyScene
07:37:14.689 [JavaFX Application Thread] DEBUG PrimaryStageWindow   - GameScene -> FXGLMainMenuDummyScene
07:37:14.689 [JavaFX Application Thread] DEBUG PrimaryStageWindow   - Push state: AZTANKMainMenu
07:37:14.689 [JavaFX Application Thread] DEBUG Input                - Clearing active input actions
07:37:14.692 [JavaFX Application Thread] DEBUG GameApplicationServi - Removing overlay from FXGLMainMenuDummyScene and adding to AZTANKMainMenu
07:37:14.692 [JavaFX Application Thread] DEBUG PrimaryStageWindow   - FXGLMainMenuDummyScene -> AZTANKMainMenu
07:37:16.288 [JavaFX Application Thread] DEBUG Menu                 - fireNewGame()
07:37:16.288 [JavaFX Application Thread] DEBUG GameApplicationServi - Starting new game
07:37:16.289 [JavaFX Application Thread] DEBUG PrimaryStageWindow   - Pop state: AZTANKMainMenu
07:37:16.289 [JavaFX Application Thread] DEBUG Input                - Clearing active input actions
07:37:16.289 [JavaFX Application Thread] DEBUG GameApplicationServi - Removing overlay from AZTANKMainMenu and adding to FXGLMainMenuDummyScene
07:37:16.289 [JavaFX Application Thread] DEBUG PrimaryStageWindow   - FXGLMainMenuDummyScene <- AZTANKMainMenu
07:37:16.289 [JavaFX Application Thread] DEBUG Input                - Clearing active input actions
07:37:16.293 [JavaFX Application Thread] DEBUG GameApplicationServi - Removing overlay from FXGLMainMenuDummyScene and adding to FXGLLoadingScene
07:37:16.294 [JavaFX Application Thread] DEBUG PrimaryStageWindow   - FXGLMainMenuDummyScene -> FXGLLoadingScene
07:37:16.294 [JavaFX Application Thread] DEBUG GameApplicationServi - Clearing previous game
07:37:16.294 [JavaFX Application Thread] DEBUG GameScene            - Clearing game scene
07:37:16.294 [JavaFX Application Thread] DEBUG GameWorld            - Clearing game world
07:37:16.297 [JavaFX Application Thread] DEBUG PhysicsWorld         - Clearing physics world
07:37:16.299 [FXGL Background Thread 2 ] DEBUG FXGLApplication      - Initializing game
07:37:16.315 [FXGL Background Thread 2 ] INFO  FXGLApplication      - Game initialization took: 0.016 sec
07:37:16.316 [JavaFX Application Thread] DEBUG Input                - Clearing active input actions
07:37:16.321 [JavaFX Application Thread] DEBUG GameApplicationServi - Removing overlay from FXGLLoadingScene and adding to GameScene
07:37:16.321 [JavaFX Application Thread] DEBUG PrimaryStageWindow   - FXGLLoadingScene -> GameScene
07:37:29.571 [JavaFX Application Thread] DEBUG PrimaryStageWindow   - Push state: DialogSubScene
07:37:29.571 [JavaFX Application Thread] DEBUG Input                - Clearing active input actions
07:37:29.572 [JavaFX Application Thread] DEBUG GameApplicationServi - Removing overlay from GameScene and adding to DialogSubScene
07:37:29.572 [JavaFX Application Thread] DEBUG PrimaryStageWindow   - GameScene -> DialogSubScene
07:37:32.378 [JavaFX Application Thread] DEBUG PrimaryStageWindow   - Pop state: DialogSubScene
07:37:32.379 [JavaFX Application Thread] DEBUG Input                - Clearing active input actions
07:37:32.379 [JavaFX Application Thread] DEBUG GameApplicationServi - Removing overlay from DialogSubScene and adding to GameScene
07:37:32.379 [JavaFX Application Thread] DEBUG PrimaryStageWindow   - GameScene <- DialogSubScene
07:37:32.379 [JavaFX Application Thread] DEBUG Input                - Clearing active input actions
07:37:32.381 [JavaFX Application Thread] DEBUG GameApplicationServi - Removing overlay from GameScene and adding to FXGLMainMenuDummyScene
07:37:32.382 [JavaFX Application Thread] DEBUG PrimaryStageWindow   - GameScene -> FXGLMainMenuDummyScene
07:37:32.382 [JavaFX Application Thread] DEBUG PrimaryStageWindow   - Push state: AZTANKMainMenu
07:37:32.382 [JavaFX Application Thread] DEBUG Input                - Clearing active input actions
07:37:32.383 [JavaFX Application Thread] DEBUG GameApplicationServi - Removing overlay from FXGLMainMenuDummyScene and adding to AZTANKMainMenu
07:37:32.383 [JavaFX Application Thread] DEBUG PrimaryStageWindow   - FXGLMainMenuDummyScene -> AZTANKMainMenu
07:37:35.326 [JavaFX Application Thread] DEBUG Menu                 - fireNewGame()
07:37:35.326 [JavaFX Application Thread] DEBUG GameApplicationServi - Starting new game
07:37:35.326 [JavaFX Application Thread] DEBUG PrimaryStageWindow   - Pop state: AZTANKMainMenu
07:37:35.327 [JavaFX Application Thread] DEBUG Input                - Clearing active input actions
07:37:35.327 [JavaFX Application Thread] DEBUG GameApplicationServi - Removing overlay from AZTANKMainMenu and adding to FXGLMainMenuDummyScene
07:37:35.327 [JavaFX Application Thread] DEBUG PrimaryStageWindow   - FXGLMainMenuDummyScene <- AZTANKMainMenu
07:37:35.327 [JavaFX Application Thread] DEBUG Input                - Clearing active input actions
07:37:35.329 [JavaFX Application Thread] DEBUG GameApplicationServi - Removing overlay from FXGLMainMenuDummyScene and adding to FXGLLoadingScene
07:37:35.329 [JavaFX Application Thread] DEBUG PrimaryStageWindow   - FXGLMainMenuDummyScene -> FXGLLoadingScene
07:37:35.329 [JavaFX Application Thread] DEBUG GameApplicationServi - Clearing previous game
07:37:35.329 [JavaFX Application Thread] DEBUG GameScene            - Clearing game scene
07:37:35.329 [JavaFX Application Thread] DEBUG GameWorld            - Clearing game world
07:37:35.332 [JavaFX Application Thread] DEBUG PhysicsWorld         - Clearing physics world
07:37:35.332 [FXGL Background Thread 2 ] DEBUG FXGLApplication      - Initializing game
07:37:35.339 [FXGL Background Thread 2 ] INFO  FXGLApplication      - Game initialization took: 0.007 sec
07:37:35.347 [JavaFX Application Thread] DEBUG Input                - Clearing active input actions
07:37:35.351 [JavaFX Application Thread] DEBUG GameApplicationServi - Removing overlay from FXGLLoadingScene and adding to GameScene
07:37:35.352 [JavaFX Application Thread] DEBUG PrimaryStageWindow   - FXGLLoadingScene -> GameScene
07:37:52.402 [JavaFX Application Thread] DEBUG PrimaryStageWindow   - Push state: DialogSubScene
07:37:52.402 [JavaFX Application Thread] DEBUG Input                - Clearing active input actions
07:37:52.402 [JavaFX Application Thread] DEBUG GameApplicationServi - Removing overlay from GameScene and adding to DialogSubScene
07:37:52.402 [JavaFX Application Thread] DEBUG PrimaryStageWindow   - GameScene -> DialogSubScene
07:37:55.317 [JavaFX Application Thread] DEBUG PrimaryStageWindow   - Pop state: DialogSubScene
07:37:55.317 [JavaFX Application Thread] DEBUG Input                - Clearing active input actions
07:37:55.318 [JavaFX Application Thread] DEBUG GameApplicationServi - Removing overlay from DialogSubScene and adding to GameScene
07:37:55.318 [JavaFX Application Thread] DEBUG PrimaryStageWindow   - GameScene <- DialogSubScene
07:37:55.319 [JavaFX Application Thread] DEBUG Input                - Clearing active input actions
07:37:55.322 [JavaFX Application Thread] DEBUG GameApplicationServi - Removing overlay from GameScene and adding to FXGLMainMenuDummyScene
07:37:55.322 [JavaFX Application Thread] DEBUG PrimaryStageWindow   - GameScene -> FXGLMainMenuDummyScene
07:37:55.322 [JavaFX Application Thread] DEBUG PrimaryStageWindow   - Push state: AZTANKMainMenu
07:37:55.322 [JavaFX Application Thread] DEBUG Input                - Clearing active input actions
07:37:55.323 [JavaFX Application Thread] DEBUG GameApplicationServi - Removing overlay from FXGLMainMenuDummyScene and adding to AZTANKMainMenu
07:37:55.323 [JavaFX Application Thread] DEBUG PrimaryStageWindow   - FXGLMainMenuDummyScene -> AZTANKMainMenu
07:37:56.461 [JavaFX Application Thread] DEBUG Menu                 - fireNewGame()
07:37:56.462 [JavaFX Application Thread] DEBUG GameApplicationServi - Starting new game
07:37:56.462 [JavaFX Application Thread] DEBUG PrimaryStageWindow   - Pop state: AZTANKMainMenu
07:37:56.462 [JavaFX Application Thread] DEBUG Input                - Clearing active input actions
07:37:56.463 [JavaFX Application Thread] DEBUG GameApplicationServi - Removing overlay from AZTANKMainMenu and adding to FXGLMainMenuDummyScene
07:37:56.463 [JavaFX Application Thread] DEBUG PrimaryStageWindow   - FXGLMainMenuDummyScene <- AZTANKMainMenu
07:37:56.463 [JavaFX Application Thread] DEBUG Input                - Clearing active input actions
07:37:56.465 [JavaFX Application Thread] DEBUG GameApplicationServi - Removing overlay from FXGLMainMenuDummyScene and adding to FXGLLoadingScene
07:37:56.465 [JavaFX Application Thread] DEBUG PrimaryStageWindow   - FXGLMainMenuDummyScene -> FXGLLoadingScene
07:37:56.465 [JavaFX Application Thread] DEBUG GameApplicationServi - Clearing previous game
07:37:56.465 [JavaFX Application Thread] DEBUG GameScene            - Clearing game scene
07:37:56.465 [JavaFX Application Thread] DEBUG GameWorld            - Clearing game world
07:37:56.466 [JavaFX Application Thread] DEBUG PhysicsWorld         - Clearing physics world
07:37:56.466 [FXGL Background Thread 2 ] DEBUG FXGLApplication      - Initializing game
07:37:56.476 [FXGL Background Thread 2 ] INFO  FXGLApplication      - Game initialization took: 0.009 sec
07:37:56.478 [JavaFX Application Thread] DEBUG Input                - Clearing active input actions
07:37:56.481 [JavaFX Application Thread] DEBUG GameApplicationServi - Removing overlay from FXGLLoadingScene and adding to GameScene
07:37:56.481 [JavaFX Application Thread] DEBUG PrimaryStageWindow   - FXGLLoadingScene -> GameScene
07:38:01.172 [JavaFX Application Thread] DEBUG PrimaryStageWindow   - Push state: DialogSubScene
07:38:01.172 [JavaFX Application Thread] DEBUG Input                - Clearing active input actions
07:38:01.173 [JavaFX Application Thread] DEBUG GameApplicationServi - Removing overlay from GameScene and adding to DialogSubScene
07:38:01.174 [JavaFX Application Thread] DEBUG PrimaryStageWindow   - GameScene -> DialogSubScene
07:38:05.639 [JavaFX Application Thread] DEBUG PrimaryStageWindow   - Pop state: DialogSubScene
07:38:05.639 [JavaFX Application Thread] DEBUG Input                - Clearing active input actions
07:38:05.640 [JavaFX Application Thread] DEBUG GameApplicationServi - Removing overlay from DialogSubScene and adding to GameScene
07:38:05.640 [JavaFX Application Thread] DEBUG PrimaryStageWindow   - GameScene <- DialogSubScene
07:38:05.640 [JavaFX Application Thread] DEBUG Input                - Clearing active input actions
07:38:05.642 [JavaFX Application Thread] DEBUG GameApplicationServi - Removing overlay from GameScene and adding to FXGLMainMenuDummyScene
07:38:05.642 [JavaFX Application Thread] DEBUG PrimaryStageWindow   - GameScene -> FXGLMainMenuDummyScene
07:38:05.643 [JavaFX Application Thread] DEBUG PrimaryStageWindow   - Push state: AZTANKMainMenu
07:38:05.643 [JavaFX Application Thread] DEBUG Input                - Clearing active input actions
07:38:05.644 [JavaFX Application Thread] DEBUG GameApplicationServi - Removing overlay from FXGLMainMenuDummyScene and adding to AZTANKMainMenu
07:38:05.644 [JavaFX Application Thread] DEBUG PrimaryStageWindow   - FXGLMainMenuDummyScene -> AZTANKMainMenu
07:38:06.795 [JavaFX Application Thread] DEBUG Menu                 - fireNewGame()
07:38:06.795 [JavaFX Application Thread] DEBUG GameApplicationServi - Starting new game
07:38:06.795 [JavaFX Application Thread] DEBUG PrimaryStageWindow   - Pop state: AZTANKMainMenu
07:38:06.795 [JavaFX Application Thread] DEBUG Input                - Clearing active input actions
07:38:06.796 [JavaFX Application Thread] DEBUG GameApplicationServi - Removing overlay from AZTANKMainMenu and adding to FXGLMainMenuDummyScene
07:38:06.796 [JavaFX Application Thread] DEBUG PrimaryStageWindow   - FXGLMainMenuDummyScene <- AZTANKMainMenu
07:38:06.796 [JavaFX Application Thread] DEBUG Input                - Clearing active input actions
07:38:06.798 [JavaFX Application Thread] DEBUG GameApplicationServi - Removing overlay from FXGLMainMenuDummyScene and adding to FXGLLoadingScene
07:38:06.798 [JavaFX Application Thread] DEBUG PrimaryStageWindow   - FXGLMainMenuDummyScene -> FXGLLoadingScene
07:38:06.798 [JavaFX Application Thread] DEBUG GameApplicationServi - Clearing previous game
07:38:06.798 [JavaFX Application Thread] DEBUG GameScene            - Clearing game scene
07:38:06.798 [JavaFX Application Thread] DEBUG GameWorld            - Clearing game world
07:38:06.798 [JavaFX Application Thread] DEBUG PhysicsWorld         - Clearing physics world
07:38:06.799 [FXGL Background Thread 2 ] DEBUG FXGLApplication      - Initializing game
07:38:06.805 [FXGL Background Thread 2 ] INFO  FXGLApplication      - Game initialization took: 0.006 sec
07:38:06.805 [JavaFX Application Thread] DEBUG Input                - Clearing active input actions
07:38:06.808 [JavaFX Application Thread] DEBUG GameApplicationServi - Removing overlay from FXGLLoadingScene and adding to GameScene
07:38:06.808 [JavaFX Application Thread] DEBUG PrimaryStageWindow   - FXGLLoadingScene -> GameScene
07:38:09.746 [JavaFX Application Thread] DEBUG PrimaryStageWindow   - Push state: DialogSubScene
07:38:09.747 [JavaFX Application Thread] DEBUG Input                - Clearing active input actions
07:38:09.747 [JavaFX Application Thread] DEBUG GameApplicationServi - Removing overlay from GameScene and adding to DialogSubScene
07:38:09.747 [JavaFX Application Thread] DEBUG PrimaryStageWindow   - GameScene -> DialogSubScene
07:38:12.388 [JavaFX Application Thread] DEBUG PrimaryStageWindow   - Pop state: DialogSubScene
07:38:12.388 [JavaFX Application Thread] DEBUG Input                - Clearing active input actions
07:38:12.388 [JavaFX Application Thread] DEBUG GameApplicationServi - Removing overlay from DialogSubScene and adding to GameScene
07:38:12.389 [JavaFX Application Thread] DEBUG PrimaryStageWindow   - GameScene <- DialogSubScene
07:38:12.389 [JavaFX Application Thread] DEBUG Input                - Clearing active input actions
07:38:12.399 [JavaFX Application Thread] DEBUG GameApplicationServi - Removing overlay from GameScene and adding to FXGLMainMenuDummyScene
07:38:12.399 [JavaFX Application Thread] DEBUG PrimaryStageWindow   - GameScene -> FXGLMainMenuDummyScene
07:38:12.399 [JavaFX Application Thread] DEBUG PrimaryStageWindow   - Push state: AZTANKMainMenu
07:38:12.399 [JavaFX Application Thread] DEBUG Input                - Clearing active input actions
07:38:12.400 [JavaFX Application Thread] DEBUG GameApplicationServi - Removing overlay from FXGLMainMenuDummyScene and adding to AZTANKMainMenu
07:38:12.401 [JavaFX Application Thread] DEBUG PrimaryStageWindow   - FXGLMainMenuDummyScene -> AZTANKMainMenu
07:38:13.337 [JavaFX Application Thread] DEBUG Menu                 - fireNewGame()
07:38:13.337 [JavaFX Application Thread] DEBUG GameApplicationServi - Starting new game
07:38:13.338 [JavaFX Application Thread] DEBUG PrimaryStageWindow   - Pop state: AZTANKMainMenu
07:38:13.338 [JavaFX Application Thread] DEBUG Input                - Clearing active input actions
07:38:13.338 [JavaFX Application Thread] DEBUG GameApplicationServi - Removing overlay from AZTANKMainMenu and adding to FXGLMainMenuDummyScene
07:38:13.338 [JavaFX Application Thread] DEBUG PrimaryStageWindow   - FXGLMainMenuDummyScene <- AZTANKMainMenu
07:38:13.338 [JavaFX Application Thread] DEBUG Input                - Clearing active input actions
07:38:13.340 [JavaFX Application Thread] DEBUG GameApplicationServi - Removing overlay from FXGLMainMenuDummyScene and adding to FXGLLoadingScene
07:38:13.340 [JavaFX Application Thread] DEBUG PrimaryStageWindow   - FXGLMainMenuDummyScene -> FXGLLoadingScene
07:38:13.340 [JavaFX Application Thread] DEBUG GameApplicationServi - Clearing previous game
07:38:13.340 [JavaFX Application Thread] DEBUG GameScene            - Clearing game scene
07:38:13.340 [JavaFX Application Thread] DEBUG GameWorld            - Clearing game world
07:38:13.340 [JavaFX Application Thread] DEBUG PhysicsWorld         - Clearing physics world
07:38:13.341 [FXGL Background Thread 2 ] DEBUG FXGLApplication      - Initializing game
07:38:13.346 [FXGL Background Thread 2 ] INFO  FXGLApplication      - Game initialization took: 0.005 sec
07:38:13.354 [JavaFX Application Thread] DEBUG Input                - Clearing active input actions
07:38:13.358 [JavaFX Application Thread] DEBUG GameApplicationServi - Removing overlay from FXGLLoadingScene and adding to GameScene
07:38:13.358 [JavaFX Application Thread] DEBUG PrimaryStageWindow   - FXGLLoadingScene -> GameScene
07:38:27.010 [JavaFX Application Thread] DEBUG PrimaryStageWindow   - Push state: DialogSubScene
07:38:27.010 [JavaFX Application Thread] DEBUG Input                - Clearing active input actions
07:38:27.011 [JavaFX Application Thread] DEBUG GameApplicationServi - Removing overlay from GameScene and adding to DialogSubScene
07:38:27.011 [JavaFX Application Thread] DEBUG PrimaryStageWindow   - GameScene -> DialogSubScene
07:38:29.960 [JavaFX Application Thread] DEBUG PrimaryStageWindow   - Pop state: DialogSubScene
07:38:29.960 [JavaFX Application Thread] DEBUG Input                - Clearing active input actions
07:38:29.961 [JavaFX Application Thread] DEBUG GameApplicationServi - Removing overlay from DialogSubScene and adding to GameScene
07:38:29.962 [JavaFX Application Thread] DEBUG PrimaryStageWindow   - GameScene <- DialogSubScene
07:38:29.962 [JavaFX Application Thread] DEBUG Input                - Clearing active input actions
07:38:29.971 [JavaFX Application Thread] DEBUG GameApplicationServi - Removing overlay from GameScene and adding to FXGLMainMenuDummyScene
07:38:29.971 [JavaFX Application Thread] DEBUG PrimaryStageWindow   - GameScene -> FXGLMainMenuDummyScene
07:38:29.972 [JavaFX Application Thread] DEBUG PrimaryStageWindow   - Push state: AZTANKMainMenu
07:38:29.972 [JavaFX Application Thread] DEBUG Input                - Clearing active input actions
07:38:29.973 [JavaFX Application Thread] DEBUG GameApplicationServi - Removing overlay from FXGLMainMenuDummyScene and adding to AZTANKMainMenu
07:38:29.973 [JavaFX Application Thread] DEBUG PrimaryStageWindow   - FXGLMainMenuDummyScene -> AZTANKMainMenu
07:38:31.536 [JavaFX Application Thread] DEBUG Menu                 - fireNewGame()
07:38:31.536 [JavaFX Application Thread] DEBUG GameApplicationServi - Starting new game
07:38:31.537 [JavaFX Application Thread] DEBUG PrimaryStageWindow   - Pop state: AZTANKMainMenu
07:38:31.537 [JavaFX Application Thread] DEBUG Input                - Clearing active input actions
07:38:31.537 [JavaFX Application Thread] DEBUG GameApplicationServi - Removing overlay from AZTANKMainMenu and adding to FXGLMainMenuDummyScene
07:38:31.537 [JavaFX Application Thread] DEBUG PrimaryStageWindow   - FXGLMainMenuDummyScene <- AZTANKMainMenu
07:38:31.537 [JavaFX Application Thread] DEBUG Input                - Clearing active input actions
07:38:31.539 [JavaFX Application Thread] DEBUG GameApplicationServi - Removing overlay from FXGLMainMenuDummyScene and adding to FXGLLoadingScene
07:38:31.539 [JavaFX Application Thread] DEBUG PrimaryStageWindow   - FXGLMainMenuDummyScene -> FXGLLoadingScene
07:38:31.539 [JavaFX Application Thread] DEBUG GameApplicationServi - Clearing previous game
07:38:31.539 [JavaFX Application Thread] DEBUG GameScene            - Clearing game scene
07:38:31.539 [JavaFX Application Thread] DEBUG GameWorld            - Clearing game world
07:38:31.540 [JavaFX Application Thread] DEBUG PhysicsWorld         - Clearing physics world
07:38:31.541 [FXGL Background Thread 2 ] DEBUG FXGLApplication      - Initializing game
07:38:31.548 [FXGL Background Thread 2 ] INFO  FXGLApplication      - Game initialization took: 0.007 sec
07:38:31.553 [JavaFX Application Thread] DEBUG Input                - Clearing active input actions
07:38:31.556 [JavaFX Application Thread] DEBUG GameApplicationServi - Removing overlay from FXGLLoadingScene and adding to GameScene
07:38:31.556 [JavaFX Application Thread] DEBUG PrimaryStageWindow   - FXGLLoadingScene -> GameScene
07:38:39.293 [JavaFX Application Thread] DEBUG FXGLApplication      - Exiting FXGL
07:38:39.293 [JavaFX Application Thread] DEBUG LoopRunner           - Stopping loop
07:38:39.293 [JavaFX Application Thread] DEBUG SystemBundleService  - Saving FXGL system data
07:38:39.299 [JavaFX Application Thread] DEBUG FileSystemAccess     - Writing to: C:\Users\Chak\Documents\SUBJECTS\Komsai - Second Year\CMSC 22 (LEC) - Fundamentals of Object Oriented Programming\Final Project\system\fxgl.bundle
07:38:39.301 [JavaFX Application Thread] DEBUG Async                - Shutting down background threads
07:38:39.301 [JavaFX Application Thread] DEBUG PrimaryStageWindow   - Closing main window
07:38:39.315 [JavaFX Application Thread] DEBUG Logger               - Closing Logger
