07:38:57.615 [main                     ] DEBUG Logger               - Configured Logger
07:38:57.633 [main                     ] DEBUG GameApplication      - Logging settings
Title: AZ TANK
Version: 1.0
Width: 800
Height: 600
Fullscreen: false
Intro: false
Profiling: false
Single step:false
App Mode: DEVELOPER
Menu Key: ESCAPE
Stage Style: DECORATED
Scene Factory: class AZTANK$1

07:38:57.959 [JavaFX Application Thread] DEBUG FXGLApplication      - Initializing FXGL
07:38:57.962 [JavaFX Application Thread] INFO  Engine               - FXGL-21.1 (26.03.2024 17.33) on WINDOWS (J:22.0.2 FX:21.0.1)
07:38:57.963 [JavaFX Application Thread] DEBUG Engine               - JRE Vendor Name: Oracle Corporation
07:38:57.963 [JavaFX Application Thread] DEBUG Engine               - Running on OS: Windows 11 version 10.0
07:38:57.963 [JavaFX Application Thread] DEBUG Engine               - Architecture: amd64
07:38:57.963 [JavaFX Application Thread] INFO  Engine               - Source code and latest versions at: https://github.com/AlmasB/FXGL
07:38:57.963 [JavaFX Application Thread] INFO  Engine               -       Ask questions and discuss at: https://github.com/AlmasB/FXGL/discussions
07:38:57.964 [JavaFX Application Thread] INFO  Engine               -              Join the FXGL chat at: https://gitter.im/AlmasB/FXGL
07:38:58.038 [JavaFX Application Thread] DEBUG PrimaryStageWindow   - Creating a JavaFX scene
07:38:58.066 [JavaFX Application Thread] DEBUG PrimaryStageWindow   - Target settings size: 800.0 x 600.0
07:38:58.067 [JavaFX Application Thread] DEBUG PrimaryStageWindow   - Scaled scene size:    800.0 x 600.0
07:38:58.067 [JavaFX Application Thread] DEBUG PrimaryStageWindow   - Scaled ratio: (1.0, 1.0)
07:38:58.068 [JavaFX Application Thread] DEBUG PrimaryStageWindow   - Set initial scene to FXGLStartupScene
07:38:58.070 [JavaFX Application Thread] DEBUG PrimaryStageWindow   - Opening main window
07:38:58.142 [JavaFX Application Thread] DEBUG PrimaryStageWindow   - Window border size: (14.4000244140625, 37.5999755859375)
07:38:58.142 [JavaFX Application Thread] DEBUG PrimaryStageWindow   - Scaled size: 800.0 x 600.0
07:38:58.142 [JavaFX Application Thread] DEBUG PrimaryStageWindow   - Scaled ratio: (1.0, 1.0)
07:38:58.143 [JavaFX Application Thread] DEBUG PrimaryStageWindow   - Scene size: 800.0 x 600.0
07:38:58.143 [JavaFX Application Thread] DEBUG PrimaryStageWindow   - Stage size: 814.4000244140625 x 637.5999755859375
07:38:58.159 [FXGL Background Thread 1 ] DEBUG Engine               - Initializing environment variables
07:38:58.231 [FXGL Background Thread 1 ] DEBUG FXGLAssetLoaderServi - User app class for loading assets: class AZTANK
07:38:58.231 [FXGL Background Thread 1 ] DEBUG GameApplicationServi - Applying CSS: fxgl_dark.css
07:38:58.232 [FXGL Background Thread 1 ] DEBUG FXGLAssetLoaderServi - Loading from file system: jar:file:/C:/Users/Chak/Documents/SUBJECTS/Komsai%20-%20Second%20Year/CMSC%2022%20(LEC)%20-%20Fundamentals%20of%20Object%20Oriented%20Programming/Final%20Project/lib/fxgl-21.1-uber.jar!/fxglassets/ui/css/fxgl_dark.css
07:38:58.275 [FXGL Background Thread 1 ] DEBUG GameApplicationServi - Initializing application scenes
07:38:58.319 [FXGL Background Thread 1 ] DEBUG GameWorld            - Game world initialized
07:38:58.392 [FXGL Background Thread 1 ] DEBUG PhysicsWorld         - Physics world initialized: appHeight=600, physics.ppm=50.0
07:38:58.393 [FXGL Background Thread 1 ] DEBUG PhysicsWorld         - Using strategy: BRUTE_FORCE
07:38:58.401 [FXGL Background Thread 1 ] DEBUG GameScene            - Game scene initialized: 800x600
07:38:58.411 [FXGL Background Thread 1 ] DEBUG FXGL.DefaultMenu     - createMenuBodyMainMenu()
07:38:58.424 [FXGL Background Thread 1 ] DEBUG FXGL.DefaultMenu     - createOptionsMenu()
07:38:58.436 [FXGL Background Thread 1 ] DEBUG FXGLAssetLoaderServi - Loading from file system: jar:file:/C:/Users/Chak/Documents/SUBJECTS/Komsai%20-%20Second%20Year/CMSC%2022%20(LEC)%20-%20Fundamentals%20of%20Object%20Oriented%20Programming/Final%20Project/lib/fxgl-21.1-uber.jar!/fxglassets/textures/particles/smoke.png
07:38:58.528 [FXGL Background Thread 1 ] DEBUG FXGLAssetLoaderServi - Loading from file system: jar:file:/C:/Users/Chak/Documents/SUBJECTS/Komsai%20-%20Second%20Year/CMSC%2022%20(LEC)%20-%20Fundamentals%20of%20Object%20Oriented%20Programming/Final%20Project/lib/fxgl-21.1-uber.jar!/fxglassets/textures/particles/trace_horizontal.png
07:38:58.575 [FXGL Background Thread 1 ] DEBUG FXGL.DefaultMenu     - createMenuBodyGameMenu()
07:38:58.576 [FXGL Background Thread 1 ] DEBUG FXGL.DefaultMenu     - createOptionsMenu()
07:38:58.594 [FXGL Background Thread 1 ] DEBUG GameApplicationServi - Application scenes initialized
07:38:58.608 [FXGL Background Thread 1 ] DEBUG SystemBundleService  - Loading FXGL system data
07:38:58.614 [FXGL Background Thread 1 ] DEBUG FileSystemAccess     - Reading from: C:\Users\Chak\Documents\SUBJECTS\Komsai - Second Year\CMSC 22 (LEC) - Fundamentals of Object Oriented Programming\Final Project\system\fxgl.bundle
07:38:58.621 [FXGL Background Thread 1 ] DEBUG SystemBundleService  - Bundle FXGL: {}
07:38:58.621 [FXGL Background Thread 1 ] DEBUG UpdaterService       - Checking for updates
07:38:58.626 [FXGL Background Thread 4 ] DEBUG FXGLApplication      - Loading fonts
07:38:58.627 [FXGL Background Thread 1 ] DEBUG FXGLApplication      - Loading default localization
07:38:58.627 [FXGL Background Thread 4 ] DEBUG FXGLAssetLoaderServi - Loading from file system: jar:file:/C:/Users/Chak/Documents/SUBJECTS/Komsai%20-%20Second%20Year/CMSC%2022%20(LEC)%20-%20Fundamentals%20of%20Object%20Oriented%20Programming/Final%20Project/lib/fxgl-21.1-uber.jar!/fxglassets/ui/fonts/VarelaRound-Regular.ttf
07:38:58.627 [FXGL Background Thread 1 ] DEBUG FXGLAssetLoaderServi - Loading from file system: jar:file:/C:/Users/Chak/Documents/SUBJECTS/Komsai%20-%20Second%20Year/CMSC%2022%20(LEC)%20-%20Fundamentals%20of%20Object%20Oriented%20Programming/Final%20Project/lib/fxgl-21.1-uber.jar!/fxglassets/languages/english.lang
07:38:58.669 [FXGL Background Thread 1 ] INFO  FXGLApplication      - FXGL initialization took: 0.511 sec
07:38:58.671 [FXGL Background Thread 4 ] DEBUG FXGLAssetLoaderServi - Loading from file system: jar:file:/C:/Users/Chak/Documents/SUBJECTS/Komsai%20-%20Second%20Year/CMSC%2022%20(LEC)%20-%20Fundamentals%20of%20Object%20Oriented%20Programming/Final%20Project/lib/fxgl-21.1-uber.jar!/fxglassets/ui/fonts/Abel-Regular.ttf
07:38:58.674 [FXGL Background Thread 4 ] DEBUG FXGLAssetLoaderServi - Loading from file system: jar:file:/C:/Users/Chak/Documents/SUBJECTS/Komsai%20-%20Second%20Year/CMSC%2022%20(LEC)%20-%20Fundamentals%20of%20Object%20Oriented%20Programming/Final%20Project/lib/fxgl-21.1-uber.jar!/fxglassets/ui/fonts/TerminalLandMono-Regular.otf
07:38:58.677 [JavaFX Application Thread] DEBUG Input                - Registered new binding: Player 1 Move Left - Left
07:38:58.677 [JavaFX Application Thread] DEBUG Input                - Registered new binding: Player 1 Move Right - Right
07:38:58.677 [JavaFX Application Thread] DEBUG Input                - Registered new binding: Player 1 Move Forward - Up
07:38:58.677 [JavaFX Application Thread] DEBUG Input                - Registered new binding: Player 1 Move Backwards - Down
07:38:58.677 [JavaFX Application Thread] DEBUG Input                - Registered new binding: Player 1 Shoot - Space
07:38:58.678 [JavaFX Application Thread] DEBUG Input                - Registered new binding: Player 2 Move Left - A
07:38:58.678 [JavaFX Application Thread] DEBUG Input                - Registered new binding: Player 2 Move Right - D
07:38:58.678 [JavaFX Application Thread] DEBUG Input                - Registered new binding: Player 2 Move Forward - W
07:38:58.678 [FXGL Background Thread 4 ] DEBUG FXGLAssetLoaderServi - Loading from file system: jar:file:/C:/Users/Chak/Documents/SUBJECTS/Komsai%20-%20Second%20Year/CMSC%2022%20(LEC)%20-%20Fundamentals%20of%20Object%20Oriented%20Programming/Final%20Project/lib/fxgl-21.1-uber.jar!/fxglassets/ui/fonts/Courier-Prime.ttf
07:38:58.678 [JavaFX Application Thread] DEBUG Input                - Registered new binding: Player 2 Move Down - S
07:38:58.678 [JavaFX Application Thread] DEBUG Input                - Registered new binding: Player 2 Shoot - Q
07:38:58.679 [JavaFX Application Thread] DEBUG FXGLAssetLoaderServi - Loading from file system: jar:file:/C:/Users/Chak/Documents/SUBJECTS/Komsai%20-%20Second%20Year/CMSC%2022%20(LEC)%20-%20Fundamentals%20of%20Object%20Oriented%20Programming/Final%20Project/lib/fxgl-21.1-uber.jar!/fxglassets/textures/fxgl_icon.png
07:38:58.698 [JavaFX Application Thread] DEBUG FXGLAssetLoaderServi - Loading from file system: jar:file:/C:/Users/Chak/Documents/SUBJECTS/Komsai%20-%20Second%20Year/CMSC%2022%20(LEC)%20-%20Fundamentals%20of%20Object%20Oriented%20Programming/Final%20Project/lib/fxgl-21.1-uber.jar!/fxglassets/textures/fxgl_default_cursor.png
07:38:58.702 [JavaFX Application Thread] DEBUG Input                - Registered new binding: Screenshot - CTRL+8
07:38:58.703 [JavaFX Application Thread] DEBUG Input                - Registered new binding: System info dump - CTRL+9
07:38:58.703 [JavaFX Application Thread] DEBUG Input                - Registered new binding: Restart - CTRL+R
07:38:58.705 [JavaFX Application Thread] DEBUG Input                - Registered new binding: Toggle Debug Camera - CTRL+7
07:38:58.709 [JavaFX Application Thread] DEBUG LoopRunner           - Starting loop
07:38:58.709 [JavaFX Application Thread] DEBUG LoopRunner           - Initializing JavaFX AnimationTimerLoop
07:38:58.716 [JavaFX Application Thread] DEBUG Input                - Clearing active input actions
07:38:58.725 [JavaFX Application Thread] DEBUG GameApplicationServi - Removing overlay from FXGLStartupScene and adding to FXGLMainMenuDummyScene
07:38:58.726 [JavaFX Application Thread] DEBUG PrimaryStageWindow   - FXGLStartupScene -> FXGLMainMenuDummyScene
07:38:58.726 [JavaFX Application Thread] DEBUG PrimaryStageWindow   - Push state: AZTANKMainMenu
07:38:58.737 [JavaFX Application Thread] DEBUG Input                - Clearing active input actions
07:38:58.751 [JavaFX Application Thread] DEBUG GameApplicationServi - Removing overlay from FXGLMainMenuDummyScene and adding to AZTANKMainMenu
07:38:58.752 [JavaFX Application Thread] DEBUG PrimaryStageWindow   - FXGLMainMenuDummyScene -> AZTANKMainMenu
07:38:58.752 [JavaFX Application Thread] DEBUG FXGLApplication      - Registering font factories with UI factory
07:39:01.626 [FXGL Background Thread 3 ] DEBUG Engine               - Logging environment variables
07:39:01.626 [FXGL Background Thread 3 ] DEBUG Engine               - achievements: []
07:39:01.626 [FXGL Background Thread 3 ] DEBUG Engine               - actualHeight: 600.0
07:39:01.626 [FXGL Background Thread 3 ] DEBUG Engine               - actualHeightProperty: ReadOnlyDoubleProperty [value: 600.0]
07:39:01.627 [FXGL Background Thread 3 ] DEBUG Engine               - actualWidth: 800.0
07:39:01.627 [FXGL Background Thread 3 ] DEBUG Engine               - actualWidthProperty: ReadOnlyDoubleProperty [value: 800.0]
07:39:01.627 [FXGL Background Thread 3 ] DEBUG Engine               - appIcon: fxgl_icon.png
07:39:01.627 [FXGL Background Thread 3 ] DEBUG Engine               - applicationMode: DEVELOPER
07:39:01.627 [FXGL Background Thread 3 ] DEBUG Engine               - cSSList: [fxgl_dark.css]
07:39:01.627 [FXGL Background Thread 3 ] DEBUG Engine               - collisionDetectionStrategy: BRUTE_FORCE
07:39:01.627 [FXGL Background Thread 3 ] DEBUG Engine               - configClass: Optional.empty
07:39:01.627 [FXGL Background Thread 3 ] DEBUG Engine               - credits: []
07:39:01.627 [FXGL Background Thread 3 ] DEBUG Engine               - defaultCursor: CursorInfo(imageName=fxgl_default_cursor.png, hotspotX=7.0, hotspotY=6.0)
07:39:01.628 [FXGL Background Thread 3 ] DEBUG Engine               - devBBoxColorProperty: ObjectProperty [value: 0xff0000ff]
07:39:01.628 [FXGL Background Thread 3 ] DEBUG Engine               - devEnableDebugCameraProperty: BooleanProperty [value: false]
07:39:01.628 [FXGL Background Thread 3 ] DEBUG Engine               - devSensorColorProperty: ObjectProperty [value: 0xffff00ff]
07:39:01.628 [FXGL Background Thread 3 ] DEBUG Engine               - devShowBBoxProperty: BooleanProperty [value: false]
07:39:01.628 [FXGL Background Thread 3 ] DEBUG Engine               - devShowPositionProperty: BooleanProperty [value: false]
07:39:01.628 [FXGL Background Thread 3 ] DEBUG Engine               - enabledMenuItems: []
07:39:01.628 [FXGL Background Thread 3 ] DEBUG Engine               - engineServices: [class com.almasb.fxgl.app.services.FXGLAssetLoaderService, class com.almasb.fxgl.app.FXGLApplication$GameApplicationService, class com.almasb.fxgl.app.services.FXGLDialogService, class com.almasb.fxgl.app.services.IOTaskExecutorService, class com.almasb.fxgl.io.FileSystemService, class com.almasb.fxgl.localization.LocalizationService, class com.almasb.fxgl.app.services.SystemBundleService, class com.almasb.fxgl.profile.SaveLoadService, class com.almasb.fxgl.ui.FXGLUIFactoryServiceProvider, class com.almasb.fxgl.ui.FXGLDialogFactoryServiceProvider, class com.almasb.fxgl.audio.AudioPlayer, class com.almasb.fxgl.notification.impl.NotificationServiceProvider, class com.almasb.fxgl.achievement.AchievementService, class com.almasb.fxgl.cutscene.CutsceneService, class com.almasb.fxgl.minigames.MiniGameService, class com.almasb.fxgl.net.NetService, class com.almasb.fxgl.app.services.UpdaterService, class com.almasb.fxgl.dev.DevService]
07:39:01.628 [FXGL Background Thread 3 ] DEBUG Engine               - fontGame: Abel-Regular.ttf
07:39:01.628 [FXGL Background Thread 3 ] DEBUG Engine               - fontMono: TerminalLandMono-Regular.otf
07:39:01.628 [FXGL Background Thread 3 ] DEBUG Engine               - fontSizeScaleUI: 1.0
07:39:01.628 [FXGL Background Thread 3 ] DEBUG Engine               - fontText: Courier-Prime.ttf
07:39:01.628 [FXGL Background Thread 3 ] DEBUG Engine               - fontUI: VarelaRound-Regular.ttf
07:39:01.628 [FXGL Background Thread 3 ] DEBUG Engine               - fullScreen: BooleanProperty [value: false]
07:39:01.628 [FXGL Background Thread 3 ] DEBUG Engine               - gameDifficulty: MEDIUM
07:39:01.628 [FXGL Background Thread 3 ] DEBUG Engine               - gameDifficultyProperty: ObjectProperty [value: MEDIUM]
07:39:01.628 [FXGL Background Thread 3 ] DEBUG Engine               - globalMusicVolume: 0.5
07:39:01.628 [FXGL Background Thread 3 ] DEBUG Engine               - globalMusicVolumeProperty: DoubleProperty [value: 0.5]
07:39:01.628 [FXGL Background Thread 3 ] DEBUG Engine               - globalSoundVolume: 0.5
07:39:01.628 [FXGL Background Thread 3 ] DEBUG Engine               - globalSoundVolumeProperty: DoubleProperty [value: 0.5]
07:39:01.628 [FXGL Background Thread 3 ] DEBUG Engine               - height: 600
07:39:01.628 [FXGL Background Thread 3 ] DEBUG Engine               - is3D: false
07:39:01.629 [FXGL Background Thread 3 ] DEBUG Engine               - isAndroid: false
07:39:01.629 [FXGL Background Thread 3 ] DEBUG Engine               - isBrowser: false
07:39:01.629 [FXGL Background Thread 3 ] DEBUG Engine               - isClickFeedbackEnabled: false
07:39:01.629 [FXGL Background Thread 3 ] DEBUG Engine               - isCloseConfirmation: false
07:39:01.629 [FXGL Background Thread 3 ] DEBUG Engine               - isDesktop: true
07:39:01.629 [FXGL Background Thread 3 ] DEBUG Engine               - isDeveloperMenuEnabled: false
07:39:01.629 [FXGL Background Thread 3 ] DEBUG Engine               - isEmbedded: false
07:39:01.629 [FXGL Background Thread 3 ] DEBUG Engine               - isEntityPreloadEnabled: true
07:39:01.629 [FXGL Background Thread 3 ] DEBUG Engine               - isExperimentalTiledLargeMap: false
07:39:01.629 [FXGL Background Thread 3 ] DEBUG Engine               - isFileSystemWriteAllowed: true
07:39:01.629 [FXGL Background Thread 3 ] DEBUG Engine               - isFullScreenAllowed: false
07:39:01.630 [FXGL Background Thread 3 ] DEBUG Engine               - isFullScreenFromStart: false
07:39:01.630 [FXGL Background Thread 3 ] DEBUG Engine               - isGameMenuEnabled: true
07:39:01.630 [FXGL Background Thread 3 ] DEBUG Engine               - isIOS: false
07:39:01.630 [FXGL Background Thread 3 ] DEBUG Engine               - isIntroEnabled: false
07:39:01.630 [FXGL Background Thread 3 ] DEBUG Engine               - isLinux: false
07:39:01.630 [FXGL Background Thread 3 ] DEBUG Engine               - isMac: false
07:39:01.630 [FXGL Background Thread 3 ] DEBUG Engine               - isMainMenuEnabled: true
07:39:01.630 [FXGL Background Thread 3 ] DEBUG Engine               - isManualResizeEnabled: false
07:39:01.630 [FXGL Background Thread 3 ] DEBUG Engine               - isMobile: false
07:39:01.630 [FXGL Background Thread 3 ] DEBUG Engine               - isNative: false
07:39:01.630 [FXGL Background Thread 3 ] DEBUG Engine               - isPauseMusicWhenMinimized: true
07:39:01.630 [FXGL Background Thread 3 ] DEBUG Engine               - isPreserveResizeRatio: false
07:39:01.630 [FXGL Background Thread 3 ] DEBUG Engine               - isProfilingEnabled: false
07:39:01.631 [FXGL Background Thread 3 ] DEBUG Engine               - isScaleAffectedOnResize: true
07:39:01.631 [FXGL Background Thread 3 ] DEBUG Engine               - isSingleStep: false
07:39:01.631 [FXGL Background Thread 3 ] DEBUG Engine               - isUserProfileEnabled: false
07:39:01.631 [FXGL Background Thread 3 ] DEBUG Engine               - isWindows: true
07:39:01.631 [FXGL Background Thread 3 ] DEBUG Engine               - language: ObjectProperty [value: ENGLISH]
07:39:01.631 [FXGL Background Thread 3 ] DEBUG Engine               - menuKey: ESCAPE
07:39:01.631 [FXGL Background Thread 3 ] DEBUG Engine               - mouseSensitivity: 0.2
07:39:01.631 [FXGL Background Thread 3 ] DEBUG Engine               - notificationViewClass: class com.almasb.fxgl.notification.view.XboxNotificationView
07:39:01.631 [FXGL Background Thread 3 ] DEBUG Engine               - pixelsPerMeter: 50.0
07:39:01.631 [FXGL Background Thread 3 ] DEBUG Engine               - platform: WINDOWS
07:39:01.631 [FXGL Background Thread 3 ] DEBUG Engine               - prefHeightProperty: ReadOnlyDoubleProperty [value: 600.0]
07:39:01.631 [FXGL Background Thread 3 ] DEBUG Engine               - prefWidthProperty: ReadOnlyDoubleProperty [value: 800.0]
07:39:01.631 [FXGL Background Thread 3 ] DEBUG Engine               - profileDir: profiles/
07:39:01.631 [FXGL Background Thread 3 ] DEBUG Engine               - profileName: StringProperty [value: DEFAULT]
07:39:01.631 [FXGL Background Thread 3 ] DEBUG Engine               - randomSeed: -1
07:39:01.631 [FXGL Background Thread 3 ] DEBUG Engine               - runtimeInfo: RuntimeInfo(platform=WINDOWS, version=21.1, build=26.03.2024 17.33)
07:39:01.631 [FXGL Background Thread 3 ] DEBUG Engine               - saveFileExt: sav
07:39:01.631 [FXGL Background Thread 3 ] DEBUG Engine               - scaledHeightProp$fxgl: DoubleProperty [bound, value: 600.0]
07:39:01.631 [FXGL Background Thread 3 ] DEBUG Engine               - scaledWidthProp$fxgl: DoubleProperty [bound, value: 800.0]
07:39:01.631 [FXGL Background Thread 3 ] DEBUG Engine               - sceneFactory: AZTANK$1@9bc065c
07:39:01.631 [FXGL Background Thread 3 ] DEBUG Engine               - secondsIn24h: 60
07:39:01.631 [FXGL Background Thread 3 ] DEBUG Engine               - soundMenuBack: menu/back.wav
07:39:01.632 [FXGL Background Thread 3 ] DEBUG Engine               - soundMenuPress: menu/press.wav
07:39:01.632 [FXGL Background Thread 3 ] DEBUG Engine               - soundMenuSelect: menu/select.wav
07:39:01.632 [FXGL Background Thread 3 ] DEBUG Engine               - soundNotification: core/notification.wav
07:39:01.632 [FXGL Background Thread 3 ] DEBUG Engine               - stageStyle: DECORATED
07:39:01.632 [FXGL Background Thread 3 ] DEBUG Engine               - supportedLanguages: [ENGLISH, FRENCH, GERMAN, HUNGARIAN, RUSSIAN]
07:39:01.632 [FXGL Background Thread 3 ] DEBUG Engine               - ticksPerSecond: -1
07:39:01.632 [FXGL Background Thread 3 ] DEBUG Engine               - title: AZ TANK
07:39:01.632 [FXGL Background Thread 3 ] DEBUG Engine               - urlGithub: https://github.com/AlmasB/FXGL
07:39:01.632 [FXGL Background Thread 3 ] DEBUG Engine               - urlLeaderboard: http://fxgl-top.herokuapp.com/
07:39:01.632 [FXGL Background Thread 3 ] DEBUG Engine               - urlPOM: https://raw.githubusercontent.com/AlmasB/FXGL/release/README.md
07:39:01.632 [FXGL Background Thread 3 ] DEBUG Engine               - userAppClass: class AZTANK
07:39:01.632 [FXGL Background Thread 3 ] DEBUG Engine               - version: 1.0
07:39:01.632 [FXGL Background Thread 3 ] DEBUG Engine               - versionCheckDays: 7
07:39:01.632 [FXGL Background Thread 3 ] DEBUG Engine               - width: 800
07:39:01.632 [FXGL Background Thread 3 ] DEBUG Engine               - Logging services
07:39:01.632 [FXGL Background Thread 3 ] DEBUG Engine               - class com.almasb.fxgl.app.services.FXGLAssetLoaderService
07:39:01.633 [FXGL Background Thread 3 ] DEBUG Engine               - class com.almasb.fxgl.app.FXGLApplication$GameApplicationService
07:39:01.633 [FXGL Background Thread 3 ] DEBUG Engine               - class com.almasb.fxgl.app.services.FXGLDialogService
07:39:01.633 [FXGL Background Thread 3 ] DEBUG Engine               - class com.almasb.fxgl.app.services.IOTaskExecutorService
07:39:01.633 [FXGL Background Thread 3 ] DEBUG Engine               - class com.almasb.fxgl.io.FileSystemService
07:39:01.633 [FXGL Background Thread 3 ] DEBUG Engine               - class com.almasb.fxgl.localization.LocalizationService
07:39:01.633 [FXGL Background Thread 3 ] DEBUG Engine               - class com.almasb.fxgl.app.services.SystemBundleService
07:39:01.633 [FXGL Background Thread 3 ] DEBUG Engine               - class com.almasb.fxgl.profile.SaveLoadService
07:39:01.633 [FXGL Background Thread 3 ] DEBUG Engine               - class com.almasb.fxgl.ui.FXGLUIFactoryServiceProvider
07:39:01.633 [FXGL Background Thread 3 ] DEBUG Engine               - class com.almasb.fxgl.ui.FXGLDialogFactoryServiceProvider
07:39:01.633 [FXGL Background Thread 3 ] DEBUG Engine               - class com.almasb.fxgl.audio.AudioPlayer
07:39:01.633 [FXGL Background Thread 3 ] DEBUG Engine               - class com.almasb.fxgl.notification.impl.NotificationServiceProvider
07:39:01.634 [FXGL Background Thread 3 ] DEBUG Engine               - class com.almasb.fxgl.achievement.AchievementService
07:39:01.634 [FXGL Background Thread 3 ] DEBUG Engine               - class com.almasb.fxgl.cutscene.CutsceneService
07:39:01.634 [FXGL Background Thread 3 ] DEBUG Engine               - class com.almasb.fxgl.minigames.MiniGameService
07:39:01.634 [FXGL Background Thread 3 ] DEBUG Engine               - class com.almasb.fxgl.net.NetService
07:39:01.634 [FXGL Background Thread 3 ] DEBUG Engine               - class com.almasb.fxgl.app.services.UpdaterService
07:39:01.634 [FXGL Background Thread 3 ] DEBUG Engine               - class com.almasb.fxgl.dev.DevService
07:39:01.848 [JavaFX Application Thread] DEBUG Menu                 - fireNewGame()
07:39:01.848 [JavaFX Application Thread] DEBUG GameApplicationServi - Starting new game
07:39:01.850 [JavaFX Application Thread] DEBUG PrimaryStageWindow   - Pop state: AZTANKMainMenu
07:39:01.850 [JavaFX Application Thread] DEBUG Input                - Clearing active input actions
07:39:01.851 [JavaFX Application Thread] DEBUG GameApplicationServi - Removing overlay from AZTANKMainMenu and adding to FXGLMainMenuDummyScene
07:39:01.852 [JavaFX Application Thread] DEBUG PrimaryStageWindow   - FXGLMainMenuDummyScene <- AZTANKMainMenu
07:39:01.852 [JavaFX Application Thread] DEBUG Input                - Clearing active input actions
07:39:01.857 [JavaFX Application Thread] DEBUG GameApplicationServi - Removing overlay from FXGLMainMenuDummyScene and adding to FXGLLoadingScene
07:39:01.857 [JavaFX Application Thread] DEBUG PrimaryStageWindow   - FXGLMainMenuDummyScene -> FXGLLoadingScene
07:39:01.857 [JavaFX Application Thread] DEBUG GameApplicationServi - Clearing previous game
07:39:01.857 [JavaFX Application Thread] DEBUG GameScene            - Clearing game scene
07:39:01.857 [JavaFX Application Thread] DEBUG GameWorld            - Clearing game world
07:39:01.857 [JavaFX Application Thread] DEBUG PhysicsWorld         - Clearing physics world
07:39:01.859 [FXGL Background Thread 2 ] DEBUG FXGLApplication      - Initializing game
07:39:01.904 [FXGL Background Thread 2 ] INFO  FXGLApplication      - Game initialization took: 0.045 sec
07:39:01.915 [JavaFX Application Thread] DEBUG Input                - Clearing active input actions
07:39:01.920 [JavaFX Application Thread] DEBUG GameApplicationServi - Removing overlay from FXGLLoadingScene and adding to GameScene
07:39:01.920 [JavaFX Application Thread] DEBUG PrimaryStageWindow   - FXGLLoadingScene -> GameScene
07:39:08.962 [JavaFX Application Thread] DEBUG PrimaryStageWindow   - Push state: DialogSubScene
07:39:08.962 [JavaFX Application Thread] DEBUG Input                - Clearing active input actions
07:39:08.963 [JavaFX Application Thread] DEBUG GameApplicationServi - Removing overlay from GameScene and adding to DialogSubScene
07:39:08.963 [JavaFX Application Thread] DEBUG PrimaryStageWindow   - GameScene -> DialogSubScene
07:39:11.432 [JavaFX Application Thread] DEBUG PrimaryStageWindow   - Pop state: DialogSubScene
07:39:11.433 [JavaFX Application Thread] DEBUG Input                - Clearing active input actions
07:39:11.434 [JavaFX Application Thread] DEBUG GameApplicationServi - Removing overlay from DialogSubScene and adding to GameScene
07:39:11.434 [JavaFX Application Thread] DEBUG PrimaryStageWindow   - GameScene <- DialogSubScene
07:39:11.434 [JavaFX Application Thread] DEBUG Input                - Clearing active input actions
07:39:11.442 [JavaFX Application Thread] DEBUG GameApplicationServi - Removing overlay from GameScene and adding to FXGLMainMenuDummyScene
07:39:11.442 [JavaFX Application Thread] DEBUG PrimaryStageWindow   - GameScene -> FXGLMainMenuDummyScene
07:39:11.442 [JavaFX Application Thread] DEBUG PrimaryStageWindow   - Push state: AZTANKMainMenu
07:39:11.443 [JavaFX Application Thread] DEBUG Input                - Clearing active input actions
07:39:11.453 [JavaFX Application Thread] DEBUG GameApplicationServi - Removing overlay from FXGLMainMenuDummyScene and adding to AZTANKMainMenu
07:39:11.455 [JavaFX Application Thread] DEBUG PrimaryStageWindow   - FXGLMainMenuDummyScene -> AZTANKMainMenu
07:39:12.923 [JavaFX Application Thread] DEBUG FXGLApplication      - Exiting FXGL
07:39:12.923 [JavaFX Application Thread] DEBUG LoopRunner           - Stopping loop
07:39:12.923 [JavaFX Application Thread] DEBUG SystemBundleService  - Saving FXGL system data
07:39:12.926 [JavaFX Application Thread] DEBUG FileSystemAccess     - Writing to: C:\Users\Chak\Documents\SUBJECTS\Komsai - Second Year\CMSC 22 (LEC) - Fundamentals of Object Oriented Programming\Final Project\system\fxgl.bundle
07:39:12.927 [JavaFX Application Thread] DEBUG Async                - Shutting down background threads
07:39:12.928 [JavaFX Application Thread] DEBUG PrimaryStageWindow   - Closing main window
07:39:12.943 [JavaFX Application Thread] DEBUG Logger               - Closing Logger
