03:15:52.366 [main                     ] DEBUG Logger               - Configured Logger
03:15:52.398 [main                     ] DEBUG GameApplication      - Logging settings
Title: AZ TANK
Version: 1.0
Width: 800
Height: 600
Fullscreen: false
Intro: false
Profiling: false
Single step:false
App Mode: DEVELOPER
Menu Key: ESCAPE
Stage Style: DECORATED
Scene Factory: class AZTANK$1

03:15:52.749 [JavaFX Application Thread] DEBUG FXGLApplication      - Initializing FXGL
03:15:52.752 [JavaFX Application Thread] INFO  Engine               - FXGL-21.1 (26.03.2024 17.33) on WINDOWS (J:22.0.2 FX:21.0.1)
03:15:52.753 [JavaFX Application Thread] DEBUG Engine               - JRE Vendor Name: Oracle Corporation
03:15:52.753 [JavaFX Application Thread] DEBUG Engine               - Running on OS: Windows 11 version 10.0
03:15:52.753 [JavaFX Application Thread] DEBUG Engine               - Architecture: amd64
03:15:52.753 [JavaFX Application Thread] INFO  Engine               - Source code and latest versions at: https://github.com/AlmasB/FXGL
03:15:52.754 [JavaFX Application Thread] INFO  Engine               -       Ask questions and discuss at: https://github.com/AlmasB/FXGL/discussions
03:15:52.754 [JavaFX Application Thread] INFO  Engine               -              Join the FXGL chat at: https://gitter.im/AlmasB/FXGL
03:15:52.846 [JavaFX Application Thread] DEBUG PrimaryStageWindow   - Creating a JavaFX scene
03:15:52.894 [JavaFX Application Thread] DEBUG PrimaryStageWindow   - Target settings size: 800.0 x 600.0
03:15:52.894 [JavaFX Application Thread] DEBUG PrimaryStageWindow   - Scaled scene size:    800.0 x 600.0
03:15:52.895 [JavaFX Application Thread] DEBUG PrimaryStageWindow   - Scaled ratio: (1.0, 1.0)
03:15:52.897 [JavaFX Application Thread] DEBUG PrimaryStageWindow   - Set initial scene to FXGLStartupScene
03:15:52.904 [JavaFX Application Thread] DEBUG PrimaryStageWindow   - Opening main window
03:15:52.995 [JavaFX Application Thread] DEBUG PrimaryStageWindow   - Window border size: (14.4000244140625, 37.5999755859375)
03:15:52.995 [JavaFX Application Thread] DEBUG PrimaryStageWindow   - Scaled size: 800.0 x 600.0
03:15:52.996 [JavaFX Application Thread] DEBUG PrimaryStageWindow   - Scaled ratio: (1.0, 1.0)
03:15:52.996 [JavaFX Application Thread] DEBUG PrimaryStageWindow   - Scene size: 800.0 x 600.0
03:15:52.996 [JavaFX Application Thread] DEBUG PrimaryStageWindow   - Stage size: 814.4000244140625 x 637.5999755859375
03:15:53.002 [FXGL Background Thread 1 ] DEBUG Engine               - Initializing environment variables
03:15:53.074 [FXGL Background Thread 1 ] DEBUG FXGLAssetLoaderServi - User app class for loading assets: class AZTANK
03:15:53.075 [FXGL Background Thread 1 ] DEBUG GameApplicationServi - Applying CSS: fxgl_dark.css
03:15:53.076 [FXGL Background Thread 1 ] DEBUG FXGLAssetLoaderServi - Loading from file system: jar:file:/C:/Users/Chak/Documents/SUBJECTS/Komsai%20-%20Second%20Year/CMSC%2022%20(LEC)%20-%20Fundamentals%20of%20Object%20Oriented%20Programming/Final%20Project/lib/fxgl-21.1-uber.jar!/fxglassets/ui/css/fxgl_dark.css
03:15:53.141 [FXGL Background Thread 1 ] DEBUG GameApplicationServi - Initializing application scenes
03:15:53.237 [FXGL Background Thread 1 ] DEBUG GameWorld            - Game world initialized
03:15:53.311 [FXGL Background Thread 1 ] DEBUG PhysicsWorld         - Physics world initialized: appHeight=600, physics.ppm=50.0
03:15:53.311 [FXGL Background Thread 1 ] DEBUG PhysicsWorld         - Using strategy: BRUTE_FORCE
03:15:53.313 [FXGL Background Thread 1 ] DEBUG GameScene            - Game scene initialized: 800x600
03:15:53.321 [FXGL Background Thread 1 ] DEBUG FXGL.DefaultMenu     - createMenuBodyMainMenu()
03:15:53.332 [FXGL Background Thread 1 ] DEBUG FXGL.DefaultMenu     - createOptionsMenu()
03:15:53.341 [FXGL Background Thread 1 ] DEBUG FXGLAssetLoaderServi - Loading from file system: jar:file:/C:/Users/Chak/Documents/SUBJECTS/Komsai%20-%20Second%20Year/CMSC%2022%20(LEC)%20-%20Fundamentals%20of%20Object%20Oriented%20Programming/Final%20Project/lib/fxgl-21.1-uber.jar!/fxglassets/textures/particles/smoke.png
03:15:53.455 [FXGL Background Thread 1 ] DEBUG FXGLAssetLoaderServi - Loading from file system: jar:file:/C:/Users/Chak/Documents/SUBJECTS/Komsai%20-%20Second%20Year/CMSC%2022%20(LEC)%20-%20Fundamentals%20of%20Object%20Oriented%20Programming/Final%20Project/lib/fxgl-21.1-uber.jar!/fxglassets/textures/particles/trace_horizontal.png
03:15:53.503 [FXGL Background Thread 1 ] DEBUG FXGL.DefaultMenu     - createMenuBodyGameMenu()
03:15:53.504 [FXGL Background Thread 1 ] DEBUG FXGL.DefaultMenu     - createOptionsMenu()
03:15:53.515 [FXGL Background Thread 1 ] DEBUG GameApplicationServi - Application scenes initialized
03:15:53.528 [FXGL Background Thread 1 ] DEBUG SystemBundleService  - Loading FXGL system data
03:15:53.533 [FXGL Background Thread 1 ] DEBUG FileSystemAccess     - Reading from: C:\Users\Chak\Documents\SUBJECTS\Komsai - Second Year\CMSC 22 (LEC) - Fundamentals of Object Oriented Programming\Final Project\system\fxgl.bundle
03:15:53.543 [FXGL Background Thread 1 ] DEBUG SystemBundleService  - Bundle FXGL: {}
03:15:53.543 [FXGL Background Thread 1 ] DEBUG UpdaterService       - Checking for updates
03:15:53.549 [FXGL Background Thread 4 ] DEBUG FXGLApplication      - Loading fonts
03:15:53.549 [FXGL Background Thread 4 ] DEBUG FXGLAssetLoaderServi - Loading from file system: jar:file:/C:/Users/Chak/Documents/SUBJECTS/Komsai%20-%20Second%20Year/CMSC%2022%20(LEC)%20-%20Fundamentals%20of%20Object%20Oriented%20Programming/Final%20Project/lib/fxgl-21.1-uber.jar!/fxglassets/ui/fonts/VarelaRound-Regular.ttf
03:15:53.550 [FXGL Background Thread 1 ] DEBUG FXGLApplication      - Loading default localization
03:15:53.550 [FXGL Background Thread 1 ] DEBUG FXGLAssetLoaderServi - Loading from file system: jar:file:/C:/Users/Chak/Documents/SUBJECTS/Komsai%20-%20Second%20Year/CMSC%2022%20(LEC)%20-%20Fundamentals%20of%20Object%20Oriented%20Programming/Final%20Project/lib/fxgl-21.1-uber.jar!/fxglassets/languages/english.lang
03:15:53.612 [FXGL Background Thread 4 ] DEBUG FXGLAssetLoaderServi - Loading from file system: jar:file:/C:/Users/Chak/Documents/SUBJECTS/Komsai%20-%20Second%20Year/CMSC%2022%20(LEC)%20-%20Fundamentals%20of%20Object%20Oriented%20Programming/Final%20Project/lib/fxgl-21.1-uber.jar!/fxglassets/ui/fonts/Abel-Regular.ttf
03:15:53.620 [FXGL Background Thread 4 ] DEBUG FXGLAssetLoaderServi - Loading from file system: jar:file:/C:/Users/Chak/Documents/SUBJECTS/Komsai%20-%20Second%20Year/CMSC%2022%20(LEC)%20-%20Fundamentals%20of%20Object%20Oriented%20Programming/Final%20Project/lib/fxgl-21.1-uber.jar!/fxglassets/ui/fonts/TerminalLandMono-Regular.otf
03:15:53.621 [FXGL Background Thread 1 ] INFO  FXGLApplication      - FXGL initialization took: 0.618 sec
03:15:53.626 [FXGL Background Thread 4 ] DEBUG FXGLAssetLoaderServi - Loading from file system: jar:file:/C:/Users/Chak/Documents/SUBJECTS/Komsai%20-%20Second%20Year/CMSC%2022%20(LEC)%20-%20Fundamentals%20of%20Object%20Oriented%20Programming/Final%20Project/lib/fxgl-21.1-uber.jar!/fxglassets/ui/fonts/Courier-Prime.ttf
03:15:53.640 [JavaFX Application Thread] DEBUG Input                - Registered new binding: Player 1 Move Left - Left
03:15:53.640 [JavaFX Application Thread] DEBUG Input                - Registered new binding: Player 1 Move Right - Right
03:15:53.640 [JavaFX Application Thread] DEBUG Input                - Registered new binding: Player 1 Move Forward - Up
03:15:53.641 [JavaFX Application Thread] DEBUG Input                - Registered new binding: Player 1 Move Backwards - Down
03:15:53.641 [JavaFX Application Thread] DEBUG Input                - Registered new binding: Player 1 Shoot - Space
03:15:53.641 [JavaFX Application Thread] DEBUG Input                - Registered new binding: Player 2 Move Left - A
03:15:53.641 [JavaFX Application Thread] DEBUG Input                - Registered new binding: Player 2 Move Right - D
03:15:53.641 [JavaFX Application Thread] DEBUG Input                - Registered new binding: Player 2 Move Forward - W
03:15:53.642 [JavaFX Application Thread] DEBUG Input                - Registered new binding: Player 2 Move Down - S
03:15:53.642 [JavaFX Application Thread] DEBUG Input                - Registered new binding: Player 2 Shoot - Q
03:15:53.643 [JavaFX Application Thread] DEBUG FXGLAssetLoaderServi - Loading from file system: jar:file:/C:/Users/Chak/Documents/SUBJECTS/Komsai%20-%20Second%20Year/CMSC%2022%20(LEC)%20-%20Fundamentals%20of%20Object%20Oriented%20Programming/Final%20Project/lib/fxgl-21.1-uber.jar!/fxglassets/textures/fxgl_icon.png
03:15:53.664 [JavaFX Application Thread] DEBUG FXGLAssetLoaderServi - Loading from file system: jar:file:/C:/Users/Chak/Documents/SUBJECTS/Komsai%20-%20Second%20Year/CMSC%2022%20(LEC)%20-%20Fundamentals%20of%20Object%20Oriented%20Programming/Final%20Project/lib/fxgl-21.1-uber.jar!/fxglassets/textures/fxgl_default_cursor.png
03:15:53.672 [JavaFX Application Thread] DEBUG Input                - Registered new binding: Screenshot - CTRL+8
03:15:53.673 [JavaFX Application Thread] DEBUG Input                - Registered new binding: System info dump - CTRL+9
03:15:53.675 [JavaFX Application Thread] DEBUG Input                - Registered new binding: Restart - CTRL+R
03:15:53.680 [JavaFX Application Thread] DEBUG Input                - Registered new binding: Toggle Debug Camera - CTRL+7
03:15:53.687 [JavaFX Application Thread] DEBUG LoopRunner           - Starting loop
03:15:53.687 [JavaFX Application Thread] DEBUG LoopRunner           - Initializing JavaFX AnimationTimerLoop
03:15:53.689 [JavaFX Application Thread] DEBUG Input                - Clearing active input actions
03:15:53.695 [JavaFX Application Thread] DEBUG GameApplicationServi - Removing overlay from FXGLStartupScene and adding to FXGLMainMenuDummyScene
03:15:53.696 [JavaFX Application Thread] DEBUG PrimaryStageWindow   - FXGLStartupScene -> FXGLMainMenuDummyScene
03:15:53.696 [JavaFX Application Thread] DEBUG PrimaryStageWindow   - Push state: AZTANKMainMenu
03:15:53.719 [JavaFX Application Thread] DEBUG Input                - Clearing active input actions
03:15:53.750 [JavaFX Application Thread] DEBUG GameApplicationServi - Removing overlay from FXGLMainMenuDummyScene and adding to AZTANKMainMenu
03:15:53.751 [JavaFX Application Thread] DEBUG PrimaryStageWindow   - FXGLMainMenuDummyScene -> AZTANKMainMenu
03:15:53.751 [JavaFX Application Thread] DEBUG FXGLApplication      - Registering font factories with UI factory
03:15:55.580 [JavaFX Application Thread] DEBUG Menu                 - fireNewGame()
03:15:55.581 [JavaFX Application Thread] DEBUG GameApplicationServi - Starting new game
03:15:55.582 [JavaFX Application Thread] DEBUG PrimaryStageWindow   - Pop state: AZTANKMainMenu
03:15:55.582 [JavaFX Application Thread] DEBUG Input                - Clearing active input actions
03:15:55.583 [JavaFX Application Thread] DEBUG GameApplicationServi - Removing overlay from AZTANKMainMenu and adding to FXGLMainMenuDummyScene
03:15:55.583 [JavaFX Application Thread] DEBUG PrimaryStageWindow   - FXGLMainMenuDummyScene <- AZTANKMainMenu
03:15:55.583 [JavaFX Application Thread] DEBUG Input                - Clearing active input actions
03:15:55.588 [JavaFX Application Thread] DEBUG GameApplicationServi - Removing overlay from FXGLMainMenuDummyScene and adding to FXGLLoadingScene
03:15:55.589 [JavaFX Application Thread] DEBUG PrimaryStageWindow   - FXGLMainMenuDummyScene -> FXGLLoadingScene
03:15:55.589 [JavaFX Application Thread] DEBUG GameApplicationServi - Clearing previous game
03:15:55.589 [JavaFX Application Thread] DEBUG GameScene            - Clearing game scene
03:15:55.589 [JavaFX Application Thread] DEBUG GameWorld            - Clearing game world
03:15:55.589 [JavaFX Application Thread] DEBUG PhysicsWorld         - Clearing physics world
03:15:55.591 [FXGL Background Thread 2 ] DEBUG FXGLApplication      - Initializing game
03:15:55.671 [FXGL Background Thread 2 ] INFO  FXGLApplication      - Game initialization took: 0.079 sec
03:15:55.678 [JavaFX Application Thread] DEBUG Input                - Clearing active input actions
03:15:55.682 [JavaFX Application Thread] DEBUG GameApplicationServi - Removing overlay from FXGLLoadingScene and adding to GameScene
03:15:55.682 [JavaFX Application Thread] DEBUG PrimaryStageWindow   - FXGLLoadingScene -> GameScene
03:15:56.547 [FXGL Background Thread 3 ] DEBUG Engine               - Logging environment variables
03:15:56.548 [FXGL Background Thread 3 ] DEBUG Engine               - achievements: []
03:15:56.548 [FXGL Background Thread 3 ] DEBUG Engine               - actualHeight: 600.0
03:15:56.548 [FXGL Background Thread 3 ] DEBUG Engine               - actualHeightProperty: ReadOnlyDoubleProperty [value: 600.0]
03:15:56.548 [FXGL Background Thread 3 ] DEBUG Engine               - actualWidth: 800.0
03:15:56.548 [FXGL Background Thread 3 ] DEBUG Engine               - actualWidthProperty: ReadOnlyDoubleProperty [value: 800.0]
03:15:56.548 [FXGL Background Thread 3 ] DEBUG Engine               - appIcon: fxgl_icon.png
03:15:56.549 [FXGL Background Thread 3 ] DEBUG Engine               - applicationMode: DEVELOPER
03:15:56.549 [FXGL Background Thread 3 ] DEBUG Engine               - cSSList: [fxgl_dark.css]
03:15:56.549 [FXGL Background Thread 3 ] DEBUG Engine               - collisionDetectionStrategy: BRUTE_FORCE
03:15:56.549 [FXGL Background Thread 3 ] DEBUG Engine               - configClass: Optional.empty
03:15:56.549 [FXGL Background Thread 3 ] DEBUG Engine               - credits: []
03:15:56.549 [FXGL Background Thread 3 ] DEBUG Engine               - defaultCursor: CursorInfo(imageName=fxgl_default_cursor.png, hotspotX=7.0, hotspotY=6.0)
03:15:56.549 [FXGL Background Thread 3 ] DEBUG Engine               - devBBoxColorProperty: ObjectProperty [value: 0xff0000ff]
03:15:56.549 [FXGL Background Thread 3 ] DEBUG Engine               - devEnableDebugCameraProperty: BooleanProperty [value: false]
03:15:56.549 [FXGL Background Thread 3 ] DEBUG Engine               - devSensorColorProperty: ObjectProperty [value: 0xffff00ff]
03:15:56.549 [FXGL Background Thread 3 ] DEBUG Engine               - devShowBBoxProperty: BooleanProperty [value: false]
03:15:56.549 [FXGL Background Thread 3 ] DEBUG Engine               - devShowPositionProperty: BooleanProperty [value: false]
03:15:56.549 [FXGL Background Thread 3 ] DEBUG Engine               - enabledMenuItems: []
03:15:56.549 [FXGL Background Thread 3 ] DEBUG Engine               - engineServices: [class com.almasb.fxgl.app.services.FXGLAssetLoaderService, class com.almasb.fxgl.app.FXGLApplication$GameApplicationService, class com.almasb.fxgl.app.services.FXGLDialogService, class com.almasb.fxgl.app.services.IOTaskExecutorService, class com.almasb.fxgl.io.FileSystemService, class com.almasb.fxgl.localization.LocalizationService, class com.almasb.fxgl.app.services.SystemBundleService, class com.almasb.fxgl.profile.SaveLoadService, class com.almasb.fxgl.ui.FXGLUIFactoryServiceProvider, class com.almasb.fxgl.ui.FXGLDialogFactoryServiceProvider, class com.almasb.fxgl.audio.AudioPlayer, class com.almasb.fxgl.notification.impl.NotificationServiceProvider, class com.almasb.fxgl.achievement.AchievementService, class com.almasb.fxgl.cutscene.CutsceneService, class com.almasb.fxgl.minigames.MiniGameService, class com.almasb.fxgl.net.NetService, class com.almasb.fxgl.app.services.UpdaterService, class com.almasb.fxgl.dev.DevService]
03:15:56.549 [FXGL Background Thread 3 ] DEBUG Engine               - fontGame: Abel-Regular.ttf
03:15:56.550 [FXGL Background Thread 3 ] DEBUG Engine               - fontMono: TerminalLandMono-Regular.otf
03:15:56.550 [FXGL Background Thread 3 ] DEBUG Engine               - fontSizeScaleUI: 1.0
03:15:56.550 [FXGL Background Thread 3 ] DEBUG Engine               - fontText: Courier-Prime.ttf
03:15:56.550 [FXGL Background Thread 3 ] DEBUG Engine               - fontUI: VarelaRound-Regular.ttf
03:15:56.550 [FXGL Background Thread 3 ] DEBUG Engine               - fullScreen: BooleanProperty [value: false]
03:15:56.550 [FXGL Background Thread 3 ] DEBUG Engine               - gameDifficulty: MEDIUM
03:15:56.550 [FXGL Background Thread 3 ] DEBUG Engine               - gameDifficultyProperty: ObjectProperty [value: MEDIUM]
03:15:56.550 [FXGL Background Thread 3 ] DEBUG Engine               - globalMusicVolume: 0.5
03:15:56.550 [FXGL Background Thread 3 ] DEBUG Engine               - globalMusicVolumeProperty: DoubleProperty [value: 0.5]
03:15:56.550 [FXGL Background Thread 3 ] DEBUG Engine               - globalSoundVolume: 0.5
03:15:56.550 [FXGL Background Thread 3 ] DEBUG Engine               - globalSoundVolumeProperty: DoubleProperty [value: 0.5]
03:15:56.550 [FXGL Background Thread 3 ] DEBUG Engine               - height: 600
03:15:56.550 [FXGL Background Thread 3 ] DEBUG Engine               - is3D: false
03:15:56.550 [FXGL Background Thread 3 ] DEBUG Engine               - isAndroid: false
03:15:56.550 [FXGL Background Thread 3 ] DEBUG Engine               - isBrowser: false
03:15:56.550 [FXGL Background Thread 3 ] DEBUG Engine               - isClickFeedbackEnabled: false
03:15:56.550 [FXGL Background Thread 3 ] DEBUG Engine               - isCloseConfirmation: false
03:15:56.550 [FXGL Background Thread 3 ] DEBUG Engine               - isDesktop: true
03:15:56.550 [FXGL Background Thread 3 ] DEBUG Engine               - isDeveloperMenuEnabled: false
03:15:56.550 [FXGL Background Thread 3 ] DEBUG Engine               - isEmbedded: false
03:15:56.550 [FXGL Background Thread 3 ] DEBUG Engine               - isEntityPreloadEnabled: true
03:15:56.550 [FXGL Background Thread 3 ] DEBUG Engine               - isExperimentalTiledLargeMap: false
03:15:56.550 [FXGL Background Thread 3 ] DEBUG Engine               - isFileSystemWriteAllowed: true
03:15:56.550 [FXGL Background Thread 3 ] DEBUG Engine               - isFullScreenAllowed: false
03:15:56.550 [FXGL Background Thread 3 ] DEBUG Engine               - isFullScreenFromStart: false
03:15:56.550 [FXGL Background Thread 3 ] DEBUG Engine               - isGameMenuEnabled: true
03:15:56.550 [FXGL Background Thread 3 ] DEBUG Engine               - isIOS: false
03:15:56.550 [FXGL Background Thread 3 ] DEBUG Engine               - isIntroEnabled: false
03:15:56.550 [FXGL Background Thread 3 ] DEBUG Engine               - isLinux: false
03:15:56.550 [FXGL Background Thread 3 ] DEBUG Engine               - isMac: false
03:15:56.550 [FXGL Background Thread 3 ] DEBUG Engine               - isMainMenuEnabled: true
03:15:56.551 [FXGL Background Thread 3 ] DEBUG Engine               - isManualResizeEnabled: false
03:15:56.551 [FXGL Background Thread 3 ] DEBUG Engine               - isMobile: false
03:15:56.551 [FXGL Background Thread 3 ] DEBUG Engine               - isNative: false
03:15:56.551 [FXGL Background Thread 3 ] DEBUG Engine               - isPauseMusicWhenMinimized: true
03:15:56.551 [FXGL Background Thread 3 ] DEBUG Engine               - isPreserveResizeRatio: false
03:15:56.551 [FXGL Background Thread 3 ] DEBUG Engine               - isProfilingEnabled: false
03:15:56.551 [FXGL Background Thread 3 ] DEBUG Engine               - isScaleAffectedOnResize: true
03:15:56.551 [FXGL Background Thread 3 ] DEBUG Engine               - isSingleStep: false
03:15:56.551 [FXGL Background Thread 3 ] DEBUG Engine               - isUserProfileEnabled: false
03:15:56.551 [FXGL Background Thread 3 ] DEBUG Engine               - isWindows: true
03:15:56.551 [FXGL Background Thread 3 ] DEBUG Engine               - language: ObjectProperty [value: ENGLISH]
03:15:56.551 [FXGL Background Thread 3 ] DEBUG Engine               - menuKey: ESCAPE
03:15:56.551 [FXGL Background Thread 3 ] DEBUG Engine               - mouseSensitivity: 0.2
03:15:56.551 [FXGL Background Thread 3 ] DEBUG Engine               - notificationViewClass: class com.almasb.fxgl.notification.view.XboxNotificationView
03:15:56.551 [FXGL Background Thread 3 ] DEBUG Engine               - pixelsPerMeter: 50.0
03:15:56.551 [FXGL Background Thread 3 ] DEBUG Engine               - platform: WINDOWS
03:15:56.551 [FXGL Background Thread 3 ] DEBUG Engine               - prefHeightProperty: ReadOnlyDoubleProperty [value: 600.0]
03:15:56.551 [FXGL Background Thread 3 ] DEBUG Engine               - prefWidthProperty: ReadOnlyDoubleProperty [value: 800.0]
03:15:56.551 [FXGL Background Thread 3 ] DEBUG Engine               - profileDir: profiles/
03:15:56.552 [FXGL Background Thread 3 ] DEBUG Engine               - profileName: StringProperty [value: DEFAULT]
03:15:56.552 [FXGL Background Thread 3 ] DEBUG Engine               - randomSeed: -1
03:15:56.552 [FXGL Background Thread 3 ] DEBUG Engine               - runtimeInfo: RuntimeInfo(platform=WINDOWS, version=21.1, build=26.03.2024 17.33)
03:15:56.552 [FXGL Background Thread 3 ] DEBUG Engine               - saveFileExt: sav
03:15:56.552 [FXGL Background Thread 3 ] DEBUG Engine               - scaledHeightProp$fxgl: DoubleProperty [bound, value: 600.0]
03:15:56.552 [FXGL Background Thread 3 ] DEBUG Engine               - scaledWidthProp$fxgl: DoubleProperty [bound, value: 800.0]
03:15:56.552 [FXGL Background Thread 3 ] DEBUG Engine               - sceneFactory: AZTANK$1@7a9936ad
03:15:56.553 [FXGL Background Thread 3 ] DEBUG Engine               - secondsIn24h: 60
03:15:56.553 [FXGL Background Thread 3 ] DEBUG Engine               - soundMenuBack: menu/back.wav
03:15:56.553 [FXGL Background Thread 3 ] DEBUG Engine               - soundMenuPress: menu/press.wav
03:15:56.553 [FXGL Background Thread 3 ] DEBUG Engine               - soundMenuSelect: menu/select.wav
03:15:56.553 [FXGL Background Thread 3 ] DEBUG Engine               - soundNotification: core/notification.wav
03:15:56.553 [FXGL Background Thread 3 ] DEBUG Engine               - stageStyle: DECORATED
03:15:56.553 [FXGL Background Thread 3 ] DEBUG Engine               - supportedLanguages: [ENGLISH, FRENCH, GERMAN, HUNGARIAN, RUSSIAN]
03:15:56.553 [FXGL Background Thread 3 ] DEBUG Engine               - ticksPerSecond: -1
03:15:56.553 [FXGL Background Thread 3 ] DEBUG Engine               - title: AZ TANK
03:15:56.553 [FXGL Background Thread 3 ] DEBUG Engine               - urlGithub: https://github.com/AlmasB/FXGL
03:15:56.553 [FXGL Background Thread 3 ] DEBUG Engine               - urlLeaderboard: http://fxgl-top.herokuapp.com/
03:15:56.553 [FXGL Background Thread 3 ] DEBUG Engine               - urlPOM: https://raw.githubusercontent.com/AlmasB/FXGL/release/README.md
03:15:56.553 [FXGL Background Thread 3 ] DEBUG Engine               - userAppClass: class AZTANK
03:15:56.553 [FXGL Background Thread 3 ] DEBUG Engine               - version: 1.0
03:15:56.553 [FXGL Background Thread 3 ] DEBUG Engine               - versionCheckDays: 7
03:15:56.553 [FXGL Background Thread 3 ] DEBUG Engine               - width: 800
03:15:56.553 [FXGL Background Thread 3 ] DEBUG Engine               - Logging services
03:15:56.553 [FXGL Background Thread 3 ] DEBUG Engine               - class com.almasb.fxgl.app.services.FXGLAssetLoaderService
03:15:56.553 [FXGL Background Thread 3 ] DEBUG Engine               - class com.almasb.fxgl.app.FXGLApplication$GameApplicationService
03:15:56.553 [FXGL Background Thread 3 ] DEBUG Engine               - class com.almasb.fxgl.app.services.FXGLDialogService
03:15:56.553 [FXGL Background Thread 3 ] DEBUG Engine               - class com.almasb.fxgl.app.services.IOTaskExecutorService
03:15:56.553 [FXGL Background Thread 3 ] DEBUG Engine               - class com.almasb.fxgl.io.FileSystemService
03:15:56.553 [FXGL Background Thread 3 ] DEBUG Engine               - class com.almasb.fxgl.localization.LocalizationService
03:15:56.553 [FXGL Background Thread 3 ] DEBUG Engine               - class com.almasb.fxgl.app.services.SystemBundleService
03:15:56.553 [FXGL Background Thread 3 ] DEBUG Engine               - class com.almasb.fxgl.profile.SaveLoadService
03:15:56.553 [FXGL Background Thread 3 ] DEBUG Engine               - class com.almasb.fxgl.ui.FXGLUIFactoryServiceProvider
03:15:56.553 [FXGL Background Thread 3 ] DEBUG Engine               - class com.almasb.fxgl.ui.FXGLDialogFactoryServiceProvider
03:15:56.553 [FXGL Background Thread 3 ] DEBUG Engine               - class com.almasb.fxgl.audio.AudioPlayer
03:15:56.553 [FXGL Background Thread 3 ] DEBUG Engine               - class com.almasb.fxgl.notification.impl.NotificationServiceProvider
03:15:56.553 [FXGL Background Thread 3 ] DEBUG Engine               - class com.almasb.fxgl.achievement.AchievementService
03:15:56.553 [FXGL Background Thread 3 ] DEBUG Engine               - class com.almasb.fxgl.cutscene.CutsceneService
03:15:56.553 [FXGL Background Thread 3 ] DEBUG Engine               - class com.almasb.fxgl.minigames.MiniGameService
03:15:56.553 [FXGL Background Thread 3 ] DEBUG Engine               - class com.almasb.fxgl.net.NetService
03:15:56.553 [FXGL Background Thread 3 ] DEBUG Engine               - class com.almasb.fxgl.app.services.UpdaterService
03:15:56.553 [FXGL Background Thread 3 ] DEBUG Engine               - class com.almasb.fxgl.dev.DevService
03:16:00.132 [JavaFX Application Thread] DEBUG PrimaryStageWindow   - Push state: DialogSubScene
03:16:00.132 [JavaFX Application Thread] DEBUG Input                - Clearing active input actions
03:16:00.133 [JavaFX Application Thread] DEBUG GameApplicationServi - Removing overlay from GameScene and adding to DialogSubScene
03:16:00.133 [JavaFX Application Thread] DEBUG PrimaryStageWindow   - GameScene -> DialogSubScene
03:16:01.517 [JavaFX Application Thread] DEBUG PrimaryStageWindow   - Pop state: DialogSubScene
03:16:01.517 [JavaFX Application Thread] DEBUG Input                - Clearing active input actions
03:16:01.518 [JavaFX Application Thread] DEBUG GameApplicationServi - Removing overlay from DialogSubScene and adding to GameScene
03:16:01.518 [JavaFX Application Thread] DEBUG PrimaryStageWindow   - GameScene <- DialogSubScene
03:16:01.518 [JavaFX Application Thread] DEBUG Input                - Clearing active input actions
03:16:01.522 [JavaFX Application Thread] DEBUG GameApplicationServi - Removing overlay from GameScene and adding to FXGLMainMenuDummyScene
03:16:01.522 [JavaFX Application Thread] DEBUG PrimaryStageWindow   - GameScene -> FXGLMainMenuDummyScene
03:16:01.522 [JavaFX Application Thread] DEBUG PrimaryStageWindow   - Push state: AZTANKMainMenu
03:16:01.522 [JavaFX Application Thread] DEBUG Input                - Clearing active input actions
03:16:01.525 [JavaFX Application Thread] DEBUG GameApplicationServi - Removing overlay from FXGLMainMenuDummyScene and adding to AZTANKMainMenu
03:16:01.525 [JavaFX Application Thread] DEBUG PrimaryStageWindow   - FXGLMainMenuDummyScene -> AZTANKMainMenu
03:16:02.177 [JavaFX Application Thread] DEBUG Menu                 - fireNewGame()
03:16:02.177 [JavaFX Application Thread] DEBUG GameApplicationServi - Starting new game
03:16:02.177 [JavaFX Application Thread] DEBUG PrimaryStageWindow   - Pop state: AZTANKMainMenu
03:16:02.177 [JavaFX Application Thread] DEBUG Input                - Clearing active input actions
03:16:02.179 [JavaFX Application Thread] DEBUG GameApplicationServi - Removing overlay from AZTANKMainMenu and adding to FXGLMainMenuDummyScene
03:16:02.179 [JavaFX Application Thread] DEBUG PrimaryStageWindow   - FXGLMainMenuDummyScene <- AZTANKMainMenu
03:16:02.179 [JavaFX Application Thread] DEBUG Input                - Clearing active input actions
03:16:02.186 [JavaFX Application Thread] DEBUG GameApplicationServi - Removing overlay from FXGLMainMenuDummyScene and adding to FXGLLoadingScene
03:16:02.186 [JavaFX Application Thread] DEBUG PrimaryStageWindow   - FXGLMainMenuDummyScene -> FXGLLoadingScene
03:16:02.186 [JavaFX Application Thread] DEBUG GameApplicationServi - Clearing previous game
03:16:02.186 [JavaFX Application Thread] DEBUG GameScene            - Clearing game scene
03:16:02.186 [JavaFX Application Thread] DEBUG GameWorld            - Clearing game world
03:16:02.194 [JavaFX Application Thread] DEBUG PhysicsWorld         - Clearing physics world
03:16:02.194 [FXGL Background Thread 2 ] DEBUG FXGLApplication      - Initializing game
03:16:02.217 [FXGL Background Thread 2 ] INFO  FXGLApplication      - Game initialization took: 0.023 sec
03:16:02.218 [JavaFX Application Thread] DEBUG Input                - Clearing active input actions
03:16:02.220 [JavaFX Application Thread] DEBUG GameApplicationServi - Removing overlay from FXGLLoadingScene and adding to GameScene
03:16:02.220 [JavaFX Application Thread] DEBUG PrimaryStageWindow   - FXGLLoadingScene -> GameScene
03:16:08.900 [JavaFX Application Thread] DEBUG FXGLApplication      - Exiting FXGL
03:16:08.900 [JavaFX Application Thread] DEBUG LoopRunner           - Stopping loop
03:16:08.900 [JavaFX Application Thread] DEBUG SystemBundleService  - Saving FXGL system data
03:16:08.903 [JavaFX Application Thread] DEBUG FileSystemAccess     - Writing to: C:\Users\Chak\Documents\SUBJECTS\Komsai - Second Year\CMSC 22 (LEC) - Fundamentals of Object Oriented Programming\Final Project\system\fxgl.bundle
03:16:08.904 [JavaFX Application Thread] DEBUG Async                - Shutting down background threads
03:16:08.904 [JavaFX Application Thread] DEBUG PrimaryStageWindow   - Closing main window
03:16:08.937 [JavaFX Application Thread] DEBUG Logger               - Closing Logger
