11:28:34.811 [main                     ] DEBUG Logger               - Configured Logger
11:28:34.852 [main                     ] DEBUG GameApplication      - Logging settings
Title: AZ TANK
Version: 1.0
Width: 800
Height: 600
Fullscreen: false
Intro: false
Profiling: false
Single step:false
App Mode: DEVELOPER
Menu Key: ESCAPE
Stage Style: DECORATED
Scene Factory: class AZTANK$1

11:28:35.769 [JavaFX Application Thread] DEBUG FXGLApplication      - Initializing FXGL
11:28:35.781 [JavaFX Application Thread] INFO  Engine               - FXGL-21.1 (26.03.2024 17.33) on WINDOWS (J:22.0.2 FX:21.0.1)
11:28:35.782 [JavaFX Application Thread] DEBUG Engine               - JRE Vendor Name: Oracle Corporation
11:28:35.783 [JavaFX Application Thread] DEBUG Engine               - Running on OS: Windows 11 version 10.0
11:28:35.783 [JavaFX Application Thread] DEBUG Engine               - Architecture: amd64
11:28:35.783 [JavaFX Application Thread] INFO  Engine               - Source code and latest versions at: https://github.com/AlmasB/FXGL
11:28:35.784 [JavaFX Application Thread] INFO  Engine               -       Ask questions and discuss at: https://github.com/AlmasB/FXGL/discussions
11:28:35.784 [JavaFX Application Thread] INFO  Engine               -              Join the FXGL chat at: https://gitter.im/AlmasB/FXGL
11:28:36.156 [JavaFX Application Thread] DEBUG PrimaryStageWindow   - Creating a JavaFX scene
11:28:36.415 [JavaFX Application Thread] DEBUG PrimaryStageWindow   - Target settings size: 800.0 x 600.0
11:28:36.416 [JavaFX Application Thread] DEBUG PrimaryStageWindow   - Scaled scene size:    800.0 x 600.0
11:28:36.417 [JavaFX Application Thread] DEBUG PrimaryStageWindow   - Scaled ratio: (1.0, 1.0)
11:28:36.422 [JavaFX Application Thread] DEBUG PrimaryStageWindow   - Set initial scene to FXGLStartupScene
11:28:36.456 [JavaFX Application Thread] DEBUG PrimaryStageWindow   - Opening main window
11:28:36.732 [JavaFX Application Thread] DEBUG PrimaryStageWindow   - Window border size: (14.4000244140625, 37.5999755859375)
11:28:36.734 [JavaFX Application Thread] DEBUG PrimaryStageWindow   - Scaled size: 800.0 x 600.0
11:28:36.734 [JavaFX Application Thread] DEBUG PrimaryStageWindow   - Scaled ratio: (1.0, 1.0)
11:28:36.735 [JavaFX Application Thread] DEBUG PrimaryStageWindow   - Scene size: 800.0 x 600.0
11:28:36.735 [JavaFX Application Thread] DEBUG PrimaryStageWindow   - Stage size: 814.4000244140625 x 637.5999755859375
11:28:36.789 [FXGL Background Thread 1 ] DEBUG Engine               - Initializing environment variables
11:28:37.015 [FXGL Background Thread 1 ] DEBUG FXGLAssetLoaderServi - User app class for loading assets: class AZTANK
11:28:37.021 [FXGL Background Thread 1 ] DEBUG GameApplicationServi - Applying CSS: fxgl_dark.css
11:28:37.038 [FXGL Background Thread 1 ] DEBUG FXGLAssetLoaderServi - Loading from file system: jar:file:/C:/Users/Chak/Documents/SUBJECTS/Komsai%20-%20Second%20Year/CMSC%2022%20(LEC)%20-%20Fundamentals%20of%20Object%20Oriented%20Programming/Final%20Project/lib/fxgl-21.1-uber.jar!/fxglassets/ui/css/fxgl_dark.css
11:28:37.255 [FXGL Background Thread 1 ] DEBUG GameApplicationServi - Initializing application scenes
11:28:37.447 [FXGL Background Thread 1 ] DEBUG GameWorld            - Game world initialized
11:28:37.627 [FXGL Background Thread 1 ] DEBUG PhysicsWorld         - Physics world initialized: appHeight=600, physics.ppm=50.0
11:28:37.629 [FXGL Background Thread 1 ] DEBUG PhysicsWorld         - Using strategy: BRUTE_FORCE
11:28:37.648 [FXGL Background Thread 1 ] DEBUG GameScene            - Game scene initialized: 800x600
11:28:37.682 [FXGL Background Thread 1 ] DEBUG FXGL.DefaultMenu     - createMenuBodyMainMenu()
11:28:37.738 [FXGL Background Thread 1 ] DEBUG FXGL.DefaultMenu     - createOptionsMenu()
11:28:37.767 [FXGL Background Thread 1 ] DEBUG FXGLAssetLoaderServi - Loading from file system: jar:file:/C:/Users/Chak/Documents/SUBJECTS/Komsai%20-%20Second%20Year/CMSC%2022%20(LEC)%20-%20Fundamentals%20of%20Object%20Oriented%20Programming/Final%20Project/lib/fxgl-21.1-uber.jar!/fxglassets/textures/particles/smoke.png
11:28:37.996 [FXGL Background Thread 1 ] DEBUG FXGLAssetLoaderServi - Loading from file system: jar:file:/C:/Users/Chak/Documents/SUBJECTS/Komsai%20-%20Second%20Year/CMSC%2022%20(LEC)%20-%20Fundamentals%20of%20Object%20Oriented%20Programming/Final%20Project/lib/fxgl-21.1-uber.jar!/fxglassets/textures/particles/trace_horizontal.png
11:28:38.109 [FXGL Background Thread 1 ] DEBUG FXGL.DefaultMenu     - createMenuBodyGameMenu()
11:28:38.113 [FXGL Background Thread 1 ] DEBUG FXGL.DefaultMenu     - createOptionsMenu()
11:28:38.154 [FXGL Background Thread 1 ] DEBUG GameApplicationServi - Application scenes initialized
11:28:38.199 [FXGL Background Thread 1 ] DEBUG SystemBundleService  - Loading FXGL system data
11:28:38.212 [FXGL Background Thread 1 ] DEBUG FileSystemAccess     - Reading from: C:\Users\Chak\Documents\SUBJECTS\Komsai - Second Year\CMSC 22 (LEC) - Fundamentals of Object Oriented Programming\Final Project\system\fxgl.bundle
11:28:38.232 [FXGL Background Thread 1 ] DEBUG SystemBundleService  - Bundle FXGL: {}
11:28:38.232 [FXGL Background Thread 1 ] DEBUG UpdaterService       - Checking for updates
11:28:38.244 [FXGL Background Thread 4 ] DEBUG FXGLApplication      - Loading fonts
11:28:38.246 [FXGL Background Thread 4 ] DEBUG FXGLAssetLoaderServi - Loading from file system: jar:file:/C:/Users/Chak/Documents/SUBJECTS/Komsai%20-%20Second%20Year/CMSC%2022%20(LEC)%20-%20Fundamentals%20of%20Object%20Oriented%20Programming/Final%20Project/lib/fxgl-21.1-uber.jar!/fxglassets/ui/fonts/VarelaRound-Regular.ttf
11:28:38.247 [FXGL Background Thread 1 ] DEBUG FXGLApplication      - Loading default localization
11:28:38.249 [FXGL Background Thread 1 ] DEBUG FXGLAssetLoaderServi - Loading from file system: jar:file:/C:/Users/Chak/Documents/SUBJECTS/Komsai%20-%20Second%20Year/CMSC%2022%20(LEC)%20-%20Fundamentals%20of%20Object%20Oriented%20Programming/Final%20Project/lib/fxgl-21.1-uber.jar!/fxglassets/languages/english.lang
11:28:38.331 [FXGL Background Thread 1 ] INFO  FXGLApplication      - FXGL initialization took: 1.542 sec
11:28:38.352 [JavaFX Application Thread] DEBUG Input                - Registered new binding: Player 1 Move Left - Left
11:28:38.353 [FXGL Background Thread 4 ] DEBUG FXGLAssetLoaderServi - Loading from file system: jar:file:/C:/Users/Chak/Documents/SUBJECTS/Komsai%20-%20Second%20Year/CMSC%2022%20(LEC)%20-%20Fundamentals%20of%20Object%20Oriented%20Programming/Final%20Project/lib/fxgl-21.1-uber.jar!/fxglassets/ui/fonts/Abel-Regular.ttf
11:28:38.353 [JavaFX Application Thread] DEBUG Input                - Registered new binding: Player 1 Move Right - Right
11:28:38.353 [JavaFX Application Thread] DEBUG Input                - Registered new binding: Player 1 Move Forward - Up
11:28:38.354 [JavaFX Application Thread] DEBUG Input                - Registered new binding: Player 1 Move Backwards - Down
11:28:38.354 [JavaFX Application Thread] DEBUG Input                - Registered new binding: Player 1 Shoot - Space
11:28:38.354 [JavaFX Application Thread] DEBUG Input                - Registered new binding: Player 2 Move Left - A
11:28:38.356 [JavaFX Application Thread] DEBUG Input                - Registered new binding: Player 2 Move Right - D
11:28:38.356 [JavaFX Application Thread] DEBUG Input                - Registered new binding: Player 2 Move Forward - W
11:28:38.356 [JavaFX Application Thread] DEBUG Input                - Registered new binding: Player 2 Move Down - S
11:28:38.357 [JavaFX Application Thread] DEBUG Input                - Registered new binding: Player 2 Shoot - Q
11:28:38.359 [JavaFX Application Thread] DEBUG FXGLAssetLoaderServi - Loading from file system: jar:file:/C:/Users/Chak/Documents/SUBJECTS/Komsai%20-%20Second%20Year/CMSC%2022%20(LEC)%20-%20Fundamentals%20of%20Object%20Oriented%20Programming/Final%20Project/lib/fxgl-21.1-uber.jar!/fxglassets/textures/fxgl_icon.png
11:28:38.372 [FXGL Background Thread 4 ] DEBUG FXGLAssetLoaderServi - Loading from file system: jar:file:/C:/Users/Chak/Documents/SUBJECTS/Komsai%20-%20Second%20Year/CMSC%2022%20(LEC)%20-%20Fundamentals%20of%20Object%20Oriented%20Programming/Final%20Project/lib/fxgl-21.1-uber.jar!/fxglassets/ui/fonts/TerminalLandMono-Regular.otf
11:28:38.388 [FXGL Background Thread 4 ] DEBUG FXGLAssetLoaderServi - Loading from file system: jar:file:/C:/Users/Chak/Documents/SUBJECTS/Komsai%20-%20Second%20Year/CMSC%2022%20(LEC)%20-%20Fundamentals%20of%20Object%20Oriented%20Programming/Final%20Project/lib/fxgl-21.1-uber.jar!/fxglassets/ui/fonts/Courier-Prime.ttf
11:28:38.403 [JavaFX Application Thread] DEBUG FXGLAssetLoaderServi - Loading from file system: jar:file:/C:/Users/Chak/Documents/SUBJECTS/Komsai%20-%20Second%20Year/CMSC%2022%20(LEC)%20-%20Fundamentals%20of%20Object%20Oriented%20Programming/Final%20Project/lib/fxgl-21.1-uber.jar!/fxglassets/textures/fxgl_default_cursor.png
11:28:38.411 [JavaFX Application Thread] DEBUG Input                - Registered new binding: Screenshot - CTRL+8
11:28:38.414 [JavaFX Application Thread] DEBUG Input                - Registered new binding: System info dump - CTRL+9
11:28:38.416 [JavaFX Application Thread] DEBUG Input                - Registered new binding: Restart - CTRL+R
11:28:38.420 [JavaFX Application Thread] DEBUG Input                - Registered new binding: Toggle Debug Camera - CTRL+7
11:28:38.434 [JavaFX Application Thread] DEBUG LoopRunner           - Starting loop
11:28:38.435 [JavaFX Application Thread] DEBUG LoopRunner           - Initializing JavaFX AnimationTimerLoop
11:28:38.447 [JavaFX Application Thread] DEBUG Input                - Clearing active input actions
11:28:38.468 [JavaFX Application Thread] DEBUG GameApplicationServi - Removing overlay from FXGLStartupScene and adding to FXGLMainMenuDummyScene
11:28:38.470 [JavaFX Application Thread] DEBUG PrimaryStageWindow   - FXGLStartupScene -> FXGLMainMenuDummyScene
11:28:38.470 [JavaFX Application Thread] DEBUG PrimaryStageWindow   - Push state: AZTANKMainMenu
11:28:38.485 [JavaFX Application Thread] DEBUG Input                - Clearing active input actions
11:28:38.522 [JavaFX Application Thread] DEBUG GameApplicationServi - Removing overlay from FXGLMainMenuDummyScene and adding to AZTANKMainMenu
11:28:38.524 [JavaFX Application Thread] DEBUG PrimaryStageWindow   - FXGLMainMenuDummyScene -> AZTANKMainMenu
11:28:38.525 [JavaFX Application Thread] DEBUG FXGLApplication      - Registering font factories with UI factory
11:28:41.213 [JavaFX Application Thread] DEBUG Menu                 - fireNewGame()
11:28:41.213 [JavaFX Application Thread] DEBUG GameApplicationServi - Starting new game
11:28:41.218 [JavaFX Application Thread] DEBUG PrimaryStageWindow   - Pop state: AZTANKMainMenu
11:28:41.218 [JavaFX Application Thread] DEBUG Input                - Clearing active input actions
11:28:41.219 [JavaFX Application Thread] DEBUG GameApplicationServi - Removing overlay from AZTANKMainMenu and adding to FXGLMainMenuDummyScene
11:28:41.220 [JavaFX Application Thread] DEBUG PrimaryStageWindow   - FXGLMainMenuDummyScene <- AZTANKMainMenu
11:28:41.220 [JavaFX Application Thread] DEBUG Input                - Clearing active input actions
11:28:41.235 [JavaFX Application Thread] DEBUG GameApplicationServi - Removing overlay from FXGLMainMenuDummyScene and adding to FXGLLoadingScene
11:28:41.236 [JavaFX Application Thread] DEBUG PrimaryStageWindow   - FXGLMainMenuDummyScene -> FXGLLoadingScene
11:28:41.236 [JavaFX Application Thread] DEBUG GameApplicationServi - Clearing previous game
11:28:41.236 [JavaFX Application Thread] DEBUG GameScene            - Clearing game scene
11:28:41.236 [JavaFX Application Thread] DEBUG GameWorld            - Clearing game world
11:28:41.236 [JavaFX Application Thread] DEBUG PhysicsWorld         - Clearing physics world
11:28:41.238 [FXGL Background Thread 3 ] DEBUG Engine               - Logging environment variables
11:28:41.238 [FXGL Background Thread 3 ] DEBUG Engine               - achievements: []
11:28:41.239 [FXGL Background Thread 3 ] DEBUG Engine               - actualHeight: 600.0
11:28:41.239 [FXGL Background Thread 3 ] DEBUG Engine               - actualHeightProperty: ReadOnlyDoubleProperty [value: 600.0]
11:28:41.239 [FXGL Background Thread 3 ] DEBUG Engine               - actualWidth: 800.0
11:28:41.239 [FXGL Background Thread 3 ] DEBUG Engine               - actualWidthProperty: ReadOnlyDoubleProperty [value: 800.0]
11:28:41.239 [FXGL Background Thread 3 ] DEBUG Engine               - appIcon: fxgl_icon.png
11:28:41.239 [FXGL Background Thread 3 ] DEBUG Engine               - applicationMode: DEVELOPER
11:28:41.239 [FXGL Background Thread 2 ] DEBUG FXGLApplication      - Initializing game
11:28:41.239 [FXGL Background Thread 3 ] DEBUG Engine               - cSSList: [fxgl_dark.css]
11:28:41.240 [FXGL Background Thread 3 ] DEBUG Engine               - collisionDetectionStrategy: BRUTE_FORCE
11:28:41.240 [FXGL Background Thread 3 ] DEBUG Engine               - configClass: Optional.empty
11:28:41.240 [FXGL Background Thread 3 ] DEBUG Engine               - credits: []
11:28:41.242 [FXGL Background Thread 3 ] DEBUG Engine               - defaultCursor: CursorInfo(imageName=fxgl_default_cursor.png, hotspotX=7.0, hotspotY=6.0)
11:28:41.242 [FXGL Background Thread 3 ] DEBUG Engine               - devBBoxColorProperty: ObjectProperty [value: 0xff0000ff]
11:28:41.242 [FXGL Background Thread 3 ] DEBUG Engine               - devEnableDebugCameraProperty: BooleanProperty [value: false]
11:28:41.243 [FXGL Background Thread 3 ] DEBUG Engine               - devSensorColorProperty: ObjectProperty [value: 0xffff00ff]
11:28:41.243 [FXGL Background Thread 3 ] DEBUG Engine               - devShowBBoxProperty: BooleanProperty [value: false]
11:28:41.243 [FXGL Background Thread 3 ] DEBUG Engine               - devShowPositionProperty: BooleanProperty [value: false]
11:28:41.243 [FXGL Background Thread 3 ] DEBUG Engine               - enabledMenuItems: []
11:28:41.243 [FXGL Background Thread 3 ] DEBUG Engine               - engineServices: [class com.almasb.fxgl.app.services.FXGLAssetLoaderService, class com.almasb.fxgl.app.FXGLApplication$GameApplicationService, class com.almasb.fxgl.app.services.FXGLDialogService, class com.almasb.fxgl.app.services.IOTaskExecutorService, class com.almasb.fxgl.io.FileSystemService, class com.almasb.fxgl.localization.LocalizationService, class com.almasb.fxgl.app.services.SystemBundleService, class com.almasb.fxgl.profile.SaveLoadService, class com.almasb.fxgl.ui.FXGLUIFactoryServiceProvider, class com.almasb.fxgl.ui.FXGLDialogFactoryServiceProvider, class com.almasb.fxgl.audio.AudioPlayer, class com.almasb.fxgl.notification.impl.NotificationServiceProvider, class com.almasb.fxgl.achievement.AchievementService, class com.almasb.fxgl.cutscene.CutsceneService, class com.almasb.fxgl.minigames.MiniGameService, class com.almasb.fxgl.net.NetService, class com.almasb.fxgl.app.services.UpdaterService, class com.almasb.fxgl.dev.DevService]
11:28:41.243 [FXGL Background Thread 3 ] DEBUG Engine               - fontGame: Abel-Regular.ttf
11:28:41.243 [FXGL Background Thread 3 ] DEBUG Engine               - fontMono: TerminalLandMono-Regular.otf
11:28:41.244 [FXGL Background Thread 3 ] DEBUG Engine               - fontSizeScaleUI: 1.0
11:28:41.244 [FXGL Background Thread 3 ] DEBUG Engine               - fontText: Courier-Prime.ttf
11:28:41.244 [FXGL Background Thread 3 ] DEBUG Engine               - fontUI: VarelaRound-Regular.ttf
11:28:41.244 [FXGL Background Thread 3 ] DEBUG Engine               - fullScreen: BooleanProperty [value: false]
11:28:41.244 [FXGL Background Thread 3 ] DEBUG Engine               - gameDifficulty: MEDIUM
11:28:41.244 [FXGL Background Thread 3 ] DEBUG Engine               - gameDifficultyProperty: ObjectProperty [value: MEDIUM]
11:28:41.245 [FXGL Background Thread 3 ] DEBUG Engine               - globalMusicVolume: 0.5
11:28:41.245 [FXGL Background Thread 3 ] DEBUG Engine               - globalMusicVolumeProperty: DoubleProperty [value: 0.5]
11:28:41.245 [FXGL Background Thread 3 ] DEBUG Engine               - globalSoundVolume: 0.5
11:28:41.245 [FXGL Background Thread 3 ] DEBUG Engine               - globalSoundVolumeProperty: DoubleProperty [value: 0.5]
11:28:41.245 [FXGL Background Thread 3 ] DEBUG Engine               - height: 600
11:28:41.245 [FXGL Background Thread 3 ] DEBUG Engine               - is3D: false
11:28:41.246 [FXGL Background Thread 3 ] DEBUG Engine               - isAndroid: false
11:28:41.246 [FXGL Background Thread 3 ] DEBUG Engine               - isBrowser: false
11:28:41.246 [FXGL Background Thread 3 ] DEBUG Engine               - isClickFeedbackEnabled: false
11:28:41.246 [FXGL Background Thread 3 ] DEBUG Engine               - isCloseConfirmation: false
11:28:41.246 [FXGL Background Thread 3 ] DEBUG Engine               - isDesktop: true
11:28:41.246 [FXGL Background Thread 3 ] DEBUG Engine               - isDeveloperMenuEnabled: false
11:28:41.247 [FXGL Background Thread 3 ] DEBUG Engine               - isEmbedded: false
11:28:41.247 [FXGL Background Thread 3 ] DEBUG Engine               - isEntityPreloadEnabled: true
11:28:41.247 [FXGL Background Thread 3 ] DEBUG Engine               - isExperimentalTiledLargeMap: false
11:28:41.247 [FXGL Background Thread 3 ] DEBUG Engine               - isFileSystemWriteAllowed: true
11:28:41.247 [FXGL Background Thread 3 ] DEBUG Engine               - isFullScreenAllowed: false
11:28:41.247 [FXGL Background Thread 3 ] DEBUG Engine               - isFullScreenFromStart: false
11:28:41.247 [FXGL Background Thread 3 ] DEBUG Engine               - isGameMenuEnabled: true
11:28:41.248 [FXGL Background Thread 3 ] DEBUG Engine               - isIOS: false
11:28:41.248 [FXGL Background Thread 3 ] DEBUG Engine               - isIntroEnabled: false
11:28:41.248 [FXGL Background Thread 3 ] DEBUG Engine               - isLinux: false
11:28:41.248 [FXGL Background Thread 3 ] DEBUG Engine               - isMac: false
11:28:41.248 [FXGL Background Thread 3 ] DEBUG Engine               - isMainMenuEnabled: true
11:28:41.248 [FXGL Background Thread 3 ] DEBUG Engine               - isManualResizeEnabled: false
11:28:41.249 [FXGL Background Thread 3 ] DEBUG Engine               - isMobile: false
11:28:41.249 [FXGL Background Thread 3 ] DEBUG Engine               - isNative: false
11:28:41.249 [FXGL Background Thread 3 ] DEBUG Engine               - isPauseMusicWhenMinimized: true
11:28:41.249 [FXGL Background Thread 3 ] DEBUG Engine               - isPreserveResizeRatio: false
11:28:41.249 [FXGL Background Thread 3 ] DEBUG Engine               - isProfilingEnabled: false
11:28:41.249 [FXGL Background Thread 3 ] DEBUG Engine               - isScaleAffectedOnResize: true
11:28:41.249 [FXGL Background Thread 3 ] DEBUG Engine               - isSingleStep: false
11:28:41.249 [FXGL Background Thread 3 ] DEBUG Engine               - isUserProfileEnabled: false
11:28:41.249 [FXGL Background Thread 3 ] DEBUG Engine               - isWindows: true
11:28:41.249 [FXGL Background Thread 3 ] DEBUG Engine               - language: ObjectProperty [value: ENGLISH]
11:28:41.249 [FXGL Background Thread 3 ] DEBUG Engine               - menuKey: ESCAPE
11:28:41.250 [FXGL Background Thread 3 ] DEBUG Engine               - mouseSensitivity: 0.2
11:28:41.250 [FXGL Background Thread 3 ] DEBUG Engine               - notificationViewClass: class com.almasb.fxgl.notification.view.XboxNotificationView
11:28:41.250 [FXGL Background Thread 3 ] DEBUG Engine               - pixelsPerMeter: 50.0
11:28:41.250 [FXGL Background Thread 3 ] DEBUG Engine               - platform: WINDOWS
11:28:41.250 [FXGL Background Thread 3 ] DEBUG Engine               - prefHeightProperty: ReadOnlyDoubleProperty [value: 600.0]
11:28:41.250 [FXGL Background Thread 3 ] DEBUG Engine               - prefWidthProperty: ReadOnlyDoubleProperty [value: 800.0]
11:28:41.250 [FXGL Background Thread 3 ] DEBUG Engine               - profileDir: profiles/
11:28:41.250 [FXGL Background Thread 3 ] DEBUG Engine               - profileName: StringProperty [value: DEFAULT]
11:28:41.250 [FXGL Background Thread 3 ] DEBUG Engine               - randomSeed: -1
11:28:41.251 [FXGL Background Thread 3 ] DEBUG Engine               - runtimeInfo: RuntimeInfo(platform=WINDOWS, version=21.1, build=26.03.2024 17.33)
11:28:41.251 [FXGL Background Thread 3 ] DEBUG Engine               - saveFileExt: sav
11:28:41.252 [FXGL Background Thread 3 ] DEBUG Engine               - scaledHeightProp$fxgl: DoubleProperty [bound, value: 600.0]
11:28:41.252 [FXGL Background Thread 3 ] DEBUG Engine               - scaledWidthProp$fxgl: DoubleProperty [bound, value: 800.0]
11:28:41.252 [FXGL Background Thread 3 ] DEBUG Engine               - sceneFactory: AZTANK$1@3d220bb4
11:28:41.252 [FXGL Background Thread 3 ] DEBUG Engine               - secondsIn24h: 60
11:28:41.252 [FXGL Background Thread 3 ] DEBUG Engine               - soundMenuBack: menu/back.wav
11:28:41.252 [FXGL Background Thread 3 ] DEBUG Engine               - soundMenuPress: menu/press.wav
11:28:41.252 [FXGL Background Thread 3 ] DEBUG Engine               - soundMenuSelect: menu/select.wav
11:28:41.252 [FXGL Background Thread 3 ] DEBUG Engine               - soundNotification: core/notification.wav
11:28:41.252 [FXGL Background Thread 3 ] DEBUG Engine               - stageStyle: DECORATED
11:28:41.253 [FXGL Background Thread 3 ] DEBUG Engine               - supportedLanguages: [ENGLISH, FRENCH, GERMAN, HUNGARIAN, RUSSIAN]
11:28:41.253 [FXGL Background Thread 3 ] DEBUG Engine               - ticksPerSecond: -1
11:28:41.253 [FXGL Background Thread 3 ] DEBUG Engine               - title: AZ TANK
11:28:41.253 [FXGL Background Thread 3 ] DEBUG Engine               - urlGithub: https://github.com/AlmasB/FXGL
11:28:41.253 [FXGL Background Thread 3 ] DEBUG Engine               - urlLeaderboard: http://fxgl-top.herokuapp.com/
11:28:41.253 [FXGL Background Thread 3 ] DEBUG Engine               - urlPOM: https://raw.githubusercontent.com/AlmasB/FXGL/release/README.md
11:28:41.253 [FXGL Background Thread 3 ] DEBUG Engine               - userAppClass: class AZTANK
11:28:41.253 [FXGL Background Thread 3 ] DEBUG Engine               - version: 1.0
11:28:41.253 [FXGL Background Thread 3 ] DEBUG Engine               - versionCheckDays: 7
11:28:41.253 [FXGL Background Thread 3 ] DEBUG Engine               - width: 800
11:28:41.253 [FXGL Background Thread 3 ] DEBUG Engine               - Logging services
11:28:41.254 [FXGL Background Thread 3 ] DEBUG Engine               - class com.almasb.fxgl.app.services.FXGLAssetLoaderService
11:28:41.254 [FXGL Background Thread 3 ] DEBUG Engine               - class com.almasb.fxgl.app.FXGLApplication$GameApplicationService
11:28:41.254 [FXGL Background Thread 3 ] DEBUG Engine               - class com.almasb.fxgl.app.services.FXGLDialogService
11:28:41.254 [FXGL Background Thread 3 ] DEBUG Engine               - class com.almasb.fxgl.app.services.IOTaskExecutorService
11:28:41.254 [FXGL Background Thread 3 ] DEBUG Engine               - class com.almasb.fxgl.io.FileSystemService
11:28:41.254 [FXGL Background Thread 3 ] DEBUG Engine               - class com.almasb.fxgl.localization.LocalizationService
11:28:41.254 [FXGL Background Thread 3 ] DEBUG Engine               - class com.almasb.fxgl.app.services.SystemBundleService
11:28:41.254 [FXGL Background Thread 3 ] DEBUG Engine               - class com.almasb.fxgl.profile.SaveLoadService
11:28:41.254 [FXGL Background Thread 3 ] DEBUG Engine               - class com.almasb.fxgl.ui.FXGLUIFactoryServiceProvider
11:28:41.254 [FXGL Background Thread 3 ] DEBUG Engine               - class com.almasb.fxgl.ui.FXGLDialogFactoryServiceProvider
11:28:41.254 [FXGL Background Thread 3 ] DEBUG Engine               - class com.almasb.fxgl.audio.AudioPlayer
11:28:41.254 [FXGL Background Thread 3 ] DEBUG Engine               - class com.almasb.fxgl.notification.impl.NotificationServiceProvider
11:28:41.255 [FXGL Background Thread 3 ] DEBUG Engine               - class com.almasb.fxgl.achievement.AchievementService
11:28:41.255 [FXGL Background Thread 3 ] DEBUG Engine               - class com.almasb.fxgl.cutscene.CutsceneService
11:28:41.255 [FXGL Background Thread 3 ] DEBUG Engine               - class com.almasb.fxgl.minigames.MiniGameService
11:28:41.255 [FXGL Background Thread 3 ] DEBUG Engine               - class com.almasb.fxgl.net.NetService
11:28:41.255 [FXGL Background Thread 3 ] DEBUG Engine               - class com.almasb.fxgl.app.services.UpdaterService
11:28:41.255 [FXGL Background Thread 3 ] DEBUG Engine               - class com.almasb.fxgl.dev.DevService
11:28:41.333 [FXGL Background Thread 2 ] INFO  FXGLApplication      - Game initialization took: 0.093 sec
11:28:41.342 [JavaFX Application Thread] DEBUG Input                - Clearing active input actions
11:28:41.353 [JavaFX Application Thread] DEBUG GameApplicationServi - Removing overlay from FXGLLoadingScene and adding to GameScene
11:28:41.353 [JavaFX Application Thread] DEBUG PrimaryStageWindow   - FXGLLoadingScene -> GameScene
11:29:04.076 [JavaFX Application Thread] DEBUG PrimaryStageWindow   - Push state: DialogSubScene
11:29:04.076 [JavaFX Application Thread] DEBUG Input                - Clearing active input actions
11:29:04.078 [JavaFX Application Thread] DEBUG GameApplicationServi - Removing overlay from GameScene and adding to DialogSubScene
11:29:04.078 [JavaFX Application Thread] DEBUG PrimaryStageWindow   - GameScene -> DialogSubScene
11:29:05.556 [JavaFX Application Thread] DEBUG PrimaryStageWindow   - Pop state: DialogSubScene
11:29:05.556 [JavaFX Application Thread] DEBUG Input                - Clearing active input actions
11:29:05.557 [JavaFX Application Thread] DEBUG GameApplicationServi - Removing overlay from DialogSubScene and adding to GameScene
11:29:05.557 [JavaFX Application Thread] DEBUG PrimaryStageWindow   - GameScene <- DialogSubScene
11:29:05.557 [JavaFX Application Thread] DEBUG Input                - Clearing active input actions
11:29:05.563 [JavaFX Application Thread] DEBUG GameApplicationServi - Removing overlay from GameScene and adding to FXGLMainMenuDummyScene
11:29:05.563 [JavaFX Application Thread] DEBUG PrimaryStageWindow   - GameScene -> FXGLMainMenuDummyScene
11:29:05.563 [JavaFX Application Thread] DEBUG PrimaryStageWindow   - Push state: AZTANKMainMenu
11:29:05.563 [JavaFX Application Thread] DEBUG Input                - Clearing active input actions
11:29:05.568 [JavaFX Application Thread] DEBUG GameApplicationServi - Removing overlay from FXGLMainMenuDummyScene and adding to AZTANKMainMenu
11:29:05.568 [JavaFX Application Thread] DEBUG PrimaryStageWindow   - FXGLMainMenuDummyScene -> AZTANKMainMenu
11:29:14.422 [JavaFX Application Thread] DEBUG FXGLApplication      - Exiting FXGL
11:29:14.422 [JavaFX Application Thread] DEBUG LoopRunner           - Stopping loop
11:29:14.422 [JavaFX Application Thread] DEBUG SystemBundleService  - Saving FXGL system data
11:29:14.425 [JavaFX Application Thread] DEBUG FileSystemAccess     - Writing to: C:\Users\Chak\Documents\SUBJECTS\Komsai - Second Year\CMSC 22 (LEC) - Fundamentals of Object Oriented Programming\Final Project\system\fxgl.bundle
11:29:14.428 [JavaFX Application Thread] DEBUG Async                - Shutting down background threads
11:29:14.429 [JavaFX Application Thread] DEBUG PrimaryStageWindow   - Closing main window
11:29:14.466 [JavaFX Application Thread] DEBUG Logger               - Closing Logger
