03:20:02.610 [main                     ] DEBUG Logger               - Configured Logger
03:20:02.633 [main                     ] DEBUG GameApplication      - Logging settings
Title: AZ TANK
Version: 1.0
Width: 800
Height: 600
Fullscreen: false
Intro: false
Profiling: false
Single step:false
App Mode: DEVELOPER
Menu Key: ESCAPE
Stage Style: DECORATED
Scene Factory: class AZTANK$1

03:20:02.982 [JavaFX Application Thread] DEBUG FXGLApplication      - Initializing FXGL
03:20:02.985 [JavaFX Application Thread] INFO  Engine               - FXGL-21.1 (26.03.2024 17.33) on WINDOWS (J:22.0.2 FX:21.0.1)
03:20:02.986 [JavaFX Application Thread] DEBUG Engine               - JRE Vendor Name: Oracle Corporation
03:20:02.986 [JavaFX Application Thread] DEBUG Engine               - Running on OS: Windows 11 version 10.0
03:20:02.986 [JavaFX Application Thread] DEBUG Engine               - Architecture: amd64
03:20:02.986 [JavaFX Application Thread] INFO  Engine               - Source code and latest versions at: https://github.com/AlmasB/FXGL
03:20:02.986 [JavaFX Application Thread] INFO  Engine               -       Ask questions and discuss at: https://github.com/AlmasB/FXGL/discussions
03:20:02.986 [JavaFX Application Thread] INFO  Engine               -              Join the FXGL chat at: https://gitter.im/AlmasB/FXGL
03:20:03.076 [JavaFX Application Thread] DEBUG PrimaryStageWindow   - Creating a JavaFX scene
03:20:03.115 [JavaFX Application Thread] DEBUG PrimaryStageWindow   - Target settings size: 800.0 x 600.0
03:20:03.115 [JavaFX Application Thread] DEBUG PrimaryStageWindow   - Scaled scene size:    800.0 x 600.0
03:20:03.115 [JavaFX Application Thread] DEBUG PrimaryStageWindow   - Scaled ratio: (1.0, 1.0)
03:20:03.117 [JavaFX Application Thread] DEBUG PrimaryStageWindow   - Set initial scene to FXGLStartupScene
03:20:03.124 [JavaFX Application Thread] DEBUG PrimaryStageWindow   - Opening main window
03:20:03.224 [JavaFX Application Thread] DEBUG PrimaryStageWindow   - Window border size: (14.4000244140625, 37.5999755859375)
03:20:03.224 [JavaFX Application Thread] DEBUG PrimaryStageWindow   - Scaled size: 800.0 x 600.0
03:20:03.224 [JavaFX Application Thread] DEBUG PrimaryStageWindow   - Scaled ratio: (1.0, 1.0)
03:20:03.224 [JavaFX Application Thread] DEBUG PrimaryStageWindow   - Scene size: 800.0 x 600.0
03:20:03.225 [JavaFX Application Thread] DEBUG PrimaryStageWindow   - Stage size: 814.4000244140625 x 637.5999755859375
03:20:03.232 [FXGL Background Thread 1 ] DEBUG Engine               - Initializing environment variables
03:20:03.320 [FXGL Background Thread 1 ] DEBUG FXGLAssetLoaderServi - User app class for loading assets: class AZTANK
03:20:03.320 [FXGL Background Thread 1 ] DEBUG GameApplicationServi - Applying CSS: fxgl_dark.css
03:20:03.321 [FXGL Background Thread 1 ] DEBUG FXGLAssetLoaderServi - Loading from file system: jar:file:/C:/Users/Chak/Documents/SUBJECTS/Komsai%20-%20Second%20Year/CMSC%2022%20(LEC)%20-%20Fundamentals%20of%20Object%20Oriented%20Programming/Final%20Project/lib/fxgl-21.1-uber.jar!/fxglassets/ui/css/fxgl_dark.css
03:20:03.370 [FXGL Background Thread 1 ] DEBUG GameApplicationServi - Initializing application scenes
03:20:03.449 [FXGL Background Thread 1 ] DEBUG GameWorld            - Game world initialized
03:20:03.557 [FXGL Background Thread 1 ] DEBUG PhysicsWorld         - Physics world initialized: appHeight=600, physics.ppm=50.0
03:20:03.557 [FXGL Background Thread 1 ] DEBUG PhysicsWorld         - Using strategy: BRUTE_FORCE
03:20:03.565 [FXGL Background Thread 1 ] DEBUG GameScene            - Game scene initialized: 800x600
03:20:03.576 [FXGL Background Thread 1 ] DEBUG FXGL.DefaultMenu     - createMenuBodyMainMenu()
03:20:03.588 [FXGL Background Thread 1 ] DEBUG FXGL.DefaultMenu     - createOptionsMenu()
03:20:03.601 [FXGL Background Thread 1 ] DEBUG FXGLAssetLoaderServi - Loading from file system: jar:file:/C:/Users/Chak/Documents/SUBJECTS/Komsai%20-%20Second%20Year/CMSC%2022%20(LEC)%20-%20Fundamentals%20of%20Object%20Oriented%20Programming/Final%20Project/lib/fxgl-21.1-uber.jar!/fxglassets/textures/particles/smoke.png
03:20:03.706 [FXGL Background Thread 1 ] DEBUG FXGLAssetLoaderServi - Loading from file system: jar:file:/C:/Users/Chak/Documents/SUBJECTS/Komsai%20-%20Second%20Year/CMSC%2022%20(LEC)%20-%20Fundamentals%20of%20Object%20Oriented%20Programming/Final%20Project/lib/fxgl-21.1-uber.jar!/fxglassets/textures/particles/trace_horizontal.png
03:20:03.757 [FXGL Background Thread 1 ] DEBUG FXGL.DefaultMenu     - createMenuBodyGameMenu()
03:20:03.759 [FXGL Background Thread 1 ] DEBUG FXGL.DefaultMenu     - createOptionsMenu()
03:20:03.776 [FXGL Background Thread 1 ] DEBUG GameApplicationServi - Application scenes initialized
03:20:03.789 [FXGL Background Thread 1 ] DEBUG SystemBundleService  - Loading FXGL system data
03:20:03.796 [FXGL Background Thread 1 ] DEBUG FileSystemAccess     - Reading from: C:\Users\Chak\Documents\SUBJECTS\Komsai - Second Year\CMSC 22 (LEC) - Fundamentals of Object Oriented Programming\Final Project\system\fxgl.bundle
03:20:03.803 [FXGL Background Thread 1 ] DEBUG SystemBundleService  - Bundle FXGL: {}
03:20:03.803 [FXGL Background Thread 1 ] DEBUG UpdaterService       - Checking for updates
03:20:03.811 [FXGL Background Thread 4 ] DEBUG FXGLApplication      - Loading fonts
03:20:03.812 [FXGL Background Thread 4 ] DEBUG FXGLAssetLoaderServi - Loading from file system: jar:file:/C:/Users/Chak/Documents/SUBJECTS/Komsai%20-%20Second%20Year/CMSC%2022%20(LEC)%20-%20Fundamentals%20of%20Object%20Oriented%20Programming/Final%20Project/lib/fxgl-21.1-uber.jar!/fxglassets/ui/fonts/VarelaRound-Regular.ttf
03:20:03.812 [FXGL Background Thread 1 ] DEBUG FXGLApplication      - Loading default localization
03:20:03.812 [FXGL Background Thread 1 ] DEBUG FXGLAssetLoaderServi - Loading from file system: jar:file:/C:/Users/Chak/Documents/SUBJECTS/Komsai%20-%20Second%20Year/CMSC%2022%20(LEC)%20-%20Fundamentals%20of%20Object%20Oriented%20Programming/Final%20Project/lib/fxgl-21.1-uber.jar!/fxglassets/languages/english.lang
03:20:03.866 [FXGL Background Thread 4 ] DEBUG FXGLAssetLoaderServi - Loading from file system: jar:file:/C:/Users/Chak/Documents/SUBJECTS/Komsai%20-%20Second%20Year/CMSC%2022%20(LEC)%20-%20Fundamentals%20of%20Object%20Oriented%20Programming/Final%20Project/lib/fxgl-21.1-uber.jar!/fxglassets/ui/fonts/Abel-Regular.ttf
03:20:03.870 [FXGL Background Thread 4 ] DEBUG FXGLAssetLoaderServi - Loading from file system: jar:file:/C:/Users/Chak/Documents/SUBJECTS/Komsai%20-%20Second%20Year/CMSC%2022%20(LEC)%20-%20Fundamentals%20of%20Object%20Oriented%20Programming/Final%20Project/lib/fxgl-21.1-uber.jar!/fxglassets/ui/fonts/TerminalLandMono-Regular.otf
03:20:03.876 [FXGL Background Thread 4 ] DEBUG FXGLAssetLoaderServi - Loading from file system: jar:file:/C:/Users/Chak/Documents/SUBJECTS/Komsai%20-%20Second%20Year/CMSC%2022%20(LEC)%20-%20Fundamentals%20of%20Object%20Oriented%20Programming/Final%20Project/lib/fxgl-21.1-uber.jar!/fxglassets/ui/fonts/Courier-Prime.ttf
03:20:03.881 [FXGL Background Thread 1 ] INFO  FXGLApplication      - FXGL initialization took: 0.649 sec
03:20:03.898 [JavaFX Application Thread] DEBUG Input                - Registered new binding: Player 1 Move Left - Left
03:20:03.899 [JavaFX Application Thread] DEBUG Input                - Registered new binding: Player 1 Move Right - Right
03:20:03.899 [JavaFX Application Thread] DEBUG Input                - Registered new binding: Player 1 Move Forward - Up
03:20:03.899 [JavaFX Application Thread] DEBUG Input                - Registered new binding: Player 1 Move Backwards - Down
03:20:03.899 [JavaFX Application Thread] DEBUG Input                - Registered new binding: Player 1 Shoot - Space
03:20:03.899 [JavaFX Application Thread] DEBUG Input                - Registered new binding: Player 2 Move Left - A
03:20:03.899 [JavaFX Application Thread] DEBUG Input                - Registered new binding: Player 2 Move Right - D
03:20:03.899 [JavaFX Application Thread] DEBUG Input                - Registered new binding: Player 2 Move Forward - W
03:20:03.900 [JavaFX Application Thread] DEBUG Input                - Registered new binding: Player 2 Move Down - S
03:20:03.900 [JavaFX Application Thread] DEBUG Input                - Registered new binding: Player 2 Shoot - Q
03:20:03.900 [JavaFX Application Thread] DEBUG FXGLAssetLoaderServi - Loading from file system: jar:file:/C:/Users/Chak/Documents/SUBJECTS/Komsai%20-%20Second%20Year/CMSC%2022%20(LEC)%20-%20Fundamentals%20of%20Object%20Oriented%20Programming/Final%20Project/lib/fxgl-21.1-uber.jar!/fxglassets/textures/fxgl_icon.png
03:20:03.923 [JavaFX Application Thread] DEBUG FXGLAssetLoaderServi - Loading from file system: jar:file:/C:/Users/Chak/Documents/SUBJECTS/Komsai%20-%20Second%20Year/CMSC%2022%20(LEC)%20-%20Fundamentals%20of%20Object%20Oriented%20Programming/Final%20Project/lib/fxgl-21.1-uber.jar!/fxglassets/textures/fxgl_default_cursor.png
03:20:03.932 [JavaFX Application Thread] DEBUG Input                - Registered new binding: Screenshot - CTRL+8
03:20:03.933 [JavaFX Application Thread] DEBUG Input                - Registered new binding: System info dump - CTRL+9
03:20:03.934 [JavaFX Application Thread] DEBUG Input                - Registered new binding: Restart - CTRL+R
03:20:03.936 [JavaFX Application Thread] DEBUG Input                - Registered new binding: Toggle Debug Camera - CTRL+7
03:20:03.940 [JavaFX Application Thread] DEBUG LoopRunner           - Starting loop
03:20:03.941 [JavaFX Application Thread] DEBUG LoopRunner           - Initializing JavaFX AnimationTimerLoop
03:20:03.949 [JavaFX Application Thread] DEBUG Input                - Clearing active input actions
03:20:03.956 [JavaFX Application Thread] DEBUG GameApplicationServi - Removing overlay from FXGLStartupScene and adding to FXGLMainMenuDummyScene
03:20:03.957 [JavaFX Application Thread] DEBUG PrimaryStageWindow   - FXGLStartupScene -> FXGLMainMenuDummyScene
03:20:03.957 [JavaFX Application Thread] DEBUG PrimaryStageWindow   - Push state: AZTANKMainMenu
03:20:03.987 [JavaFX Application Thread] DEBUG Input                - Clearing active input actions
03:20:04.009 [JavaFX Application Thread] DEBUG GameApplicationServi - Removing overlay from FXGLMainMenuDummyScene and adding to AZTANKMainMenu
03:20:04.010 [JavaFX Application Thread] DEBUG PrimaryStageWindow   - FXGLMainMenuDummyScene -> AZTANKMainMenu
03:20:04.020 [JavaFX Application Thread] DEBUG FXGLApplication      - Registering font factories with UI factory
03:20:05.749 [JavaFX Application Thread] DEBUG Menu                 - fireNewGame()
03:20:05.749 [JavaFX Application Thread] DEBUG GameApplicationServi - Starting new game
03:20:05.755 [JavaFX Application Thread] DEBUG PrimaryStageWindow   - Pop state: AZTANKMainMenu
03:20:05.755 [JavaFX Application Thread] DEBUG Input                - Clearing active input actions
03:20:05.756 [JavaFX Application Thread] DEBUG GameApplicationServi - Removing overlay from AZTANKMainMenu and adding to FXGLMainMenuDummyScene
03:20:05.757 [JavaFX Application Thread] DEBUG PrimaryStageWindow   - FXGLMainMenuDummyScene <- AZTANKMainMenu
03:20:05.757 [JavaFX Application Thread] DEBUG Input                - Clearing active input actions
03:20:05.768 [JavaFX Application Thread] DEBUG GameApplicationServi - Removing overlay from FXGLMainMenuDummyScene and adding to FXGLLoadingScene
03:20:05.768 [JavaFX Application Thread] DEBUG PrimaryStageWindow   - FXGLMainMenuDummyScene -> FXGLLoadingScene
03:20:05.768 [JavaFX Application Thread] DEBUG GameApplicationServi - Clearing previous game
03:20:05.768 [JavaFX Application Thread] DEBUG GameScene            - Clearing game scene
03:20:05.768 [JavaFX Application Thread] DEBUG GameWorld            - Clearing game world
03:20:05.768 [JavaFX Application Thread] DEBUG PhysicsWorld         - Clearing physics world
03:20:05.775 [FXGL Background Thread 2 ] DEBUG FXGLApplication      - Initializing game
03:20:05.858 [FXGL Background Thread 2 ] INFO  FXGLApplication      - Game initialization took: 0.083 sec
03:20:05.859 [JavaFX Application Thread] DEBUG Input                - Clearing active input actions
03:20:05.863 [JavaFX Application Thread] DEBUG GameApplicationServi - Removing overlay from FXGLLoadingScene and adding to GameScene
03:20:05.863 [JavaFX Application Thread] DEBUG PrimaryStageWindow   - FXGLLoadingScene -> GameScene
03:20:06.807 [FXGL Background Thread 3 ] DEBUG Engine               - Logging environment variables
03:20:06.807 [FXGL Background Thread 3 ] DEBUG Engine               - achievements: []
03:20:06.808 [FXGL Background Thread 3 ] DEBUG Engine               - actualHeight: 600.0
03:20:06.808 [FXGL Background Thread 3 ] DEBUG Engine               - actualHeightProperty: ReadOnlyDoubleProperty [value: 600.0]
03:20:06.808 [FXGL Background Thread 3 ] DEBUG Engine               - actualWidth: 800.0
03:20:06.808 [FXGL Background Thread 3 ] DEBUG Engine               - actualWidthProperty: ReadOnlyDoubleProperty [value: 800.0]
03:20:06.808 [FXGL Background Thread 3 ] DEBUG Engine               - appIcon: fxgl_icon.png
03:20:06.808 [FXGL Background Thread 3 ] DEBUG Engine               - applicationMode: DEVELOPER
03:20:06.808 [FXGL Background Thread 3 ] DEBUG Engine               - cSSList: [fxgl_dark.css]
03:20:06.808 [FXGL Background Thread 3 ] DEBUG Engine               - collisionDetectionStrategy: BRUTE_FORCE
03:20:06.808 [FXGL Background Thread 3 ] DEBUG Engine               - configClass: Optional.empty
03:20:06.808 [FXGL Background Thread 3 ] DEBUG Engine               - credits: []
03:20:06.808 [FXGL Background Thread 3 ] DEBUG Engine               - defaultCursor: CursorInfo(imageName=fxgl_default_cursor.png, hotspotX=7.0, hotspotY=6.0)
03:20:06.809 [FXGL Background Thread 3 ] DEBUG Engine               - devBBoxColorProperty: ObjectProperty [value: 0xff0000ff]
03:20:06.809 [FXGL Background Thread 3 ] DEBUG Engine               - devEnableDebugCameraProperty: BooleanProperty [value: false]
03:20:06.809 [FXGL Background Thread 3 ] DEBUG Engine               - devSensorColorProperty: ObjectProperty [value: 0xffff00ff]
03:20:06.809 [FXGL Background Thread 3 ] DEBUG Engine               - devShowBBoxProperty: BooleanProperty [value: false]
03:20:06.809 [FXGL Background Thread 3 ] DEBUG Engine               - devShowPositionProperty: BooleanProperty [value: false]
03:20:06.809 [FXGL Background Thread 3 ] DEBUG Engine               - enabledMenuItems: []
03:20:06.809 [FXGL Background Thread 3 ] DEBUG Engine               - engineServices: [class com.almasb.fxgl.app.services.FXGLAssetLoaderService, class com.almasb.fxgl.app.FXGLApplication$GameApplicationService, class com.almasb.fxgl.app.services.FXGLDialogService, class com.almasb.fxgl.app.services.IOTaskExecutorService, class com.almasb.fxgl.io.FileSystemService, class com.almasb.fxgl.localization.LocalizationService, class com.almasb.fxgl.app.services.SystemBundleService, class com.almasb.fxgl.profile.SaveLoadService, class com.almasb.fxgl.ui.FXGLUIFactoryServiceProvider, class com.almasb.fxgl.ui.FXGLDialogFactoryServiceProvider, class com.almasb.fxgl.audio.AudioPlayer, class com.almasb.fxgl.notification.impl.NotificationServiceProvider, class com.almasb.fxgl.achievement.AchievementService, class com.almasb.fxgl.cutscene.CutsceneService, class com.almasb.fxgl.minigames.MiniGameService, class com.almasb.fxgl.net.NetService, class com.almasb.fxgl.app.services.UpdaterService, class com.almasb.fxgl.dev.DevService]
03:20:06.809 [FXGL Background Thread 3 ] DEBUG Engine               - fontGame: Abel-Regular.ttf
03:20:06.809 [FXGL Background Thread 3 ] DEBUG Engine               - fontMono: TerminalLandMono-Regular.otf
03:20:06.809 [FXGL Background Thread 3 ] DEBUG Engine               - fontSizeScaleUI: 1.0
03:20:06.809 [FXGL Background Thread 3 ] DEBUG Engine               - fontText: Courier-Prime.ttf
03:20:06.809 [FXGL Background Thread 3 ] DEBUG Engine               - fontUI: VarelaRound-Regular.ttf
03:20:06.809 [FXGL Background Thread 3 ] DEBUG Engine               - fullScreen: BooleanProperty [value: false]
03:20:06.809 [FXGL Background Thread 3 ] DEBUG Engine               - gameDifficulty: MEDIUM
03:20:06.809 [FXGL Background Thread 3 ] DEBUG Engine               - gameDifficultyProperty: ObjectProperty [value: MEDIUM]
03:20:06.809 [FXGL Background Thread 3 ] DEBUG Engine               - globalMusicVolume: 0.5
03:20:06.809 [FXGL Background Thread 3 ] DEBUG Engine               - globalMusicVolumeProperty: DoubleProperty [value: 0.5]
03:20:06.809 [FXGL Background Thread 3 ] DEBUG Engine               - globalSoundVolume: 0.5
03:20:06.809 [FXGL Background Thread 3 ] DEBUG Engine               - globalSoundVolumeProperty: DoubleProperty [value: 0.5]
03:20:06.809 [FXGL Background Thread 3 ] DEBUG Engine               - height: 600
03:20:06.809 [FXGL Background Thread 3 ] DEBUG Engine               - is3D: false
03:20:06.809 [FXGL Background Thread 3 ] DEBUG Engine               - isAndroid: false
03:20:06.810 [FXGL Background Thread 3 ] DEBUG Engine               - isBrowser: false
03:20:06.810 [FXGL Background Thread 3 ] DEBUG Engine               - isClickFeedbackEnabled: false
03:20:06.810 [FXGL Background Thread 3 ] DEBUG Engine               - isCloseConfirmation: false
03:20:06.810 [FXGL Background Thread 3 ] DEBUG Engine               - isDesktop: true
03:20:06.810 [FXGL Background Thread 3 ] DEBUG Engine               - isDeveloperMenuEnabled: false
03:20:06.810 [FXGL Background Thread 3 ] DEBUG Engine               - isEmbedded: false
03:20:06.810 [FXGL Background Thread 3 ] DEBUG Engine               - isEntityPreloadEnabled: true
03:20:06.810 [FXGL Background Thread 3 ] DEBUG Engine               - isExperimentalTiledLargeMap: false
03:20:06.810 [FXGL Background Thread 3 ] DEBUG Engine               - isFileSystemWriteAllowed: true
03:20:06.810 [FXGL Background Thread 3 ] DEBUG Engine               - isFullScreenAllowed: false
03:20:06.810 [FXGL Background Thread 3 ] DEBUG Engine               - isFullScreenFromStart: false
03:20:06.810 [FXGL Background Thread 3 ] DEBUG Engine               - isGameMenuEnabled: true
03:20:06.810 [FXGL Background Thread 3 ] DEBUG Engine               - isIOS: false
03:20:06.810 [FXGL Background Thread 3 ] DEBUG Engine               - isIntroEnabled: false
03:20:06.810 [FXGL Background Thread 3 ] DEBUG Engine               - isLinux: false
03:20:06.810 [FXGL Background Thread 3 ] DEBUG Engine               - isMac: false
03:20:06.810 [FXGL Background Thread 3 ] DEBUG Engine               - isMainMenuEnabled: true
03:20:06.810 [FXGL Background Thread 3 ] DEBUG Engine               - isManualResizeEnabled: false
03:20:06.810 [FXGL Background Thread 3 ] DEBUG Engine               - isMobile: false
03:20:06.810 [FXGL Background Thread 3 ] DEBUG Engine               - isNative: false
03:20:06.810 [FXGL Background Thread 3 ] DEBUG Engine               - isPauseMusicWhenMinimized: true
03:20:06.810 [FXGL Background Thread 3 ] DEBUG Engine               - isPreserveResizeRatio: false
03:20:06.810 [FXGL Background Thread 3 ] DEBUG Engine               - isProfilingEnabled: false
03:20:06.810 [FXGL Background Thread 3 ] DEBUG Engine               - isScaleAffectedOnResize: true
03:20:06.810 [FXGL Background Thread 3 ] DEBUG Engine               - isSingleStep: false
03:20:06.810 [FXGL Background Thread 3 ] DEBUG Engine               - isUserProfileEnabled: false
03:20:06.810 [FXGL Background Thread 3 ] DEBUG Engine               - isWindows: true
03:20:06.810 [FXGL Background Thread 3 ] DEBUG Engine               - language: ObjectProperty [value: ENGLISH]
03:20:06.810 [FXGL Background Thread 3 ] DEBUG Engine               - menuKey: ESCAPE
03:20:06.810 [FXGL Background Thread 3 ] DEBUG Engine               - mouseSensitivity: 0.2
03:20:06.810 [FXGL Background Thread 3 ] DEBUG Engine               - notificationViewClass: class com.almasb.fxgl.notification.view.XboxNotificationView
03:20:06.810 [FXGL Background Thread 3 ] DEBUG Engine               - pixelsPerMeter: 50.0
03:20:06.810 [FXGL Background Thread 3 ] DEBUG Engine               - platform: WINDOWS
03:20:06.810 [FXGL Background Thread 3 ] DEBUG Engine               - prefHeightProperty: ReadOnlyDoubleProperty [value: 600.0]
03:20:06.810 [FXGL Background Thread 3 ] DEBUG Engine               - prefWidthProperty: ReadOnlyDoubleProperty [value: 800.0]
03:20:06.810 [FXGL Background Thread 3 ] DEBUG Engine               - profileDir: profiles/
03:20:06.811 [FXGL Background Thread 3 ] DEBUG Engine               - profileName: StringProperty [value: DEFAULT]
03:20:06.811 [FXGL Background Thread 3 ] DEBUG Engine               - randomSeed: -1
03:20:06.811 [FXGL Background Thread 3 ] DEBUG Engine               - runtimeInfo: RuntimeInfo(platform=WINDOWS, version=21.1, build=26.03.2024 17.33)
03:20:06.811 [FXGL Background Thread 3 ] DEBUG Engine               - saveFileExt: sav
03:20:06.811 [FXGL Background Thread 3 ] DEBUG Engine               - scaledHeightProp$fxgl: DoubleProperty [bound, value: 600.0]
03:20:06.811 [FXGL Background Thread 3 ] DEBUG Engine               - scaledWidthProp$fxgl: DoubleProperty [bound, value: 800.0]
03:20:06.811 [FXGL Background Thread 3 ] DEBUG Engine               - sceneFactory: AZTANK$1@9dab9d7
03:20:06.812 [FXGL Background Thread 3 ] DEBUG Engine               - secondsIn24h: 60
03:20:06.812 [FXGL Background Thread 3 ] DEBUG Engine               - soundMenuBack: menu/back.wav
03:20:06.812 [FXGL Background Thread 3 ] DEBUG Engine               - soundMenuPress: menu/press.wav
03:20:06.812 [FXGL Background Thread 3 ] DEBUG Engine               - soundMenuSelect: menu/select.wav
03:20:06.812 [FXGL Background Thread 3 ] DEBUG Engine               - soundNotification: core/notification.wav
03:20:06.812 [FXGL Background Thread 3 ] DEBUG Engine               - stageStyle: DECORATED
03:20:06.812 [FXGL Background Thread 3 ] DEBUG Engine               - supportedLanguages: [ENGLISH, FRENCH, GERMAN, HUNGARIAN, RUSSIAN]
03:20:06.812 [FXGL Background Thread 3 ] DEBUG Engine               - ticksPerSecond: -1
03:20:06.812 [FXGL Background Thread 3 ] DEBUG Engine               - title: AZ TANK
03:20:06.812 [FXGL Background Thread 3 ] DEBUG Engine               - urlGithub: https://github.com/AlmasB/FXGL
03:20:06.812 [FXGL Background Thread 3 ] DEBUG Engine               - urlLeaderboard: http://fxgl-top.herokuapp.com/
03:20:06.812 [FXGL Background Thread 3 ] DEBUG Engine               - urlPOM: https://raw.githubusercontent.com/AlmasB/FXGL/release/README.md
03:20:06.812 [FXGL Background Thread 3 ] DEBUG Engine               - userAppClass: class AZTANK
03:20:06.812 [FXGL Background Thread 3 ] DEBUG Engine               - version: 1.0
03:20:06.812 [FXGL Background Thread 3 ] DEBUG Engine               - versionCheckDays: 7
03:20:06.812 [FXGL Background Thread 3 ] DEBUG Engine               - width: 800
03:20:06.812 [FXGL Background Thread 3 ] DEBUG Engine               - Logging services
03:20:06.812 [FXGL Background Thread 3 ] DEBUG Engine               - class com.almasb.fxgl.app.services.FXGLAssetLoaderService
03:20:06.812 [FXGL Background Thread 3 ] DEBUG Engine               - class com.almasb.fxgl.app.FXGLApplication$GameApplicationService
03:20:06.812 [FXGL Background Thread 3 ] DEBUG Engine               - class com.almasb.fxgl.app.services.FXGLDialogService
03:20:06.812 [FXGL Background Thread 3 ] DEBUG Engine               - class com.almasb.fxgl.app.services.IOTaskExecutorService
03:20:06.812 [FXGL Background Thread 3 ] DEBUG Engine               - class com.almasb.fxgl.io.FileSystemService
03:20:06.812 [FXGL Background Thread 3 ] DEBUG Engine               - class com.almasb.fxgl.localization.LocalizationService
03:20:06.812 [FXGL Background Thread 3 ] DEBUG Engine               - class com.almasb.fxgl.app.services.SystemBundleService
03:20:06.812 [FXGL Background Thread 3 ] DEBUG Engine               - class com.almasb.fxgl.profile.SaveLoadService
03:20:06.812 [FXGL Background Thread 3 ] DEBUG Engine               - class com.almasb.fxgl.ui.FXGLUIFactoryServiceProvider
03:20:06.812 [FXGL Background Thread 3 ] DEBUG Engine               - class com.almasb.fxgl.ui.FXGLDialogFactoryServiceProvider
03:20:06.812 [FXGL Background Thread 3 ] DEBUG Engine               - class com.almasb.fxgl.audio.AudioPlayer
03:20:06.812 [FXGL Background Thread 3 ] DEBUG Engine               - class com.almasb.fxgl.notification.impl.NotificationServiceProvider
03:20:06.812 [FXGL Background Thread 3 ] DEBUG Engine               - class com.almasb.fxgl.achievement.AchievementService
03:20:06.812 [FXGL Background Thread 3 ] DEBUG Engine               - class com.almasb.fxgl.cutscene.CutsceneService
03:20:06.812 [FXGL Background Thread 3 ] DEBUG Engine               - class com.almasb.fxgl.minigames.MiniGameService
03:20:06.812 [FXGL Background Thread 3 ] DEBUG Engine               - class com.almasb.fxgl.net.NetService
03:20:06.813 [FXGL Background Thread 3 ] DEBUG Engine               - class com.almasb.fxgl.app.services.UpdaterService
03:20:06.813 [FXGL Background Thread 3 ] DEBUG Engine               - class com.almasb.fxgl.dev.DevService
03:20:15.971 [JavaFX Application Thread] DEBUG FXGLApplication      - Exiting FXGL
03:20:15.971 [JavaFX Application Thread] DEBUG LoopRunner           - Stopping loop
03:20:15.972 [JavaFX Application Thread] DEBUG SystemBundleService  - Saving FXGL system data
03:20:15.975 [JavaFX Application Thread] DEBUG FileSystemAccess     - Writing to: C:\Users\Chak\Documents\SUBJECTS\Komsai - Second Year\CMSC 22 (LEC) - Fundamentals of Object Oriented Programming\Final Project\system\fxgl.bundle
03:20:15.976 [JavaFX Application Thread] DEBUG Async                - Shutting down background threads
03:20:15.977 [JavaFX Application Thread] DEBUG PrimaryStageWindow   - Closing main window
03:20:16.010 [JavaFX Application Thread] DEBUG Logger               - Closing Logger
