18:13:10.015 [main                     ] DEBUG Logger               - Configured Logger
18:13:10.054 [main                     ] DEBUG GameApplication      - Logging settings
Title: AZ TANK
Version: 1.0
Width: 800
Height: 600
Fullscreen: false
Intro: false
Profiling: false
Single step:false
App Mode: DEVELOPER
Menu Key: ESCAPE
Stage Style: DECORATED
Scene Factory: class AZTANK$1

18:13:10.715 [JavaFX Application Thread] DEBUG FXGLApplication      - Initializing FXGL
18:13:10.722 [JavaFX Application Thread] INFO  Engine               - FXGL-21.1 (26.03.2024 17.33) on WINDOWS (J:22.0.2 FX:21.0.1)
18:13:10.722 [JavaFX Application Thread] DEBUG Engine               - JRE Vendor Name: Oracle Corporation
18:13:10.723 [JavaFX Application Thread] DEBUG Engine               - Running on OS: Windows 11 version 10.0
18:13:10.723 [JavaFX Application Thread] DEBUG Engine               - Architecture: amd64
18:13:10.723 [JavaFX Application Thread] INFO  Engine               - Source code and latest versions at: https://github.com/AlmasB/FXGL
18:13:10.723 [JavaFX Application Thread] INFO  Engine               -       Ask questions and discuss at: https://github.com/AlmasB/FXGL/discussions
18:13:10.724 [JavaFX Application Thread] INFO  Engine               -              Join the FXGL chat at: https://gitter.im/AlmasB/FXGL
18:13:10.915 [JavaFX Application Thread] DEBUG PrimaryStageWindow   - Creating a JavaFX scene
18:13:10.986 [JavaFX Application Thread] DEBUG PrimaryStageWindow   - Target settings size: 800.0 x 600.0
18:13:10.987 [JavaFX Application Thread] DEBUG PrimaryStageWindow   - Scaled scene size:    800.0 x 600.0
18:13:10.987 [JavaFX Application Thread] DEBUG PrimaryStageWindow   - Scaled ratio: (1.0, 1.0)
18:13:10.989 [JavaFX Application Thread] DEBUG PrimaryStageWindow   - Set initial scene to FXGLStartupScene
18:13:10.997 [JavaFX Application Thread] DEBUG PrimaryStageWindow   - Opening main window
18:13:11.168 [JavaFX Application Thread] DEBUG PrimaryStageWindow   - Window border size: (14.4000244140625, 37.5999755859375)
18:13:11.168 [JavaFX Application Thread] DEBUG PrimaryStageWindow   - Scaled size: 800.0 x 600.0
18:13:11.169 [JavaFX Application Thread] DEBUG PrimaryStageWindow   - Scaled ratio: (1.0, 1.0)
18:13:11.170 [JavaFX Application Thread] DEBUG PrimaryStageWindow   - Scene size: 800.0 x 600.0
18:13:11.170 [JavaFX Application Thread] DEBUG PrimaryStageWindow   - Stage size: 814.4000244140625 x 637.5999755859375
18:13:11.188 [FXGL Background Thread 1 ] DEBUG Engine               - Initializing environment variables
18:13:11.401 [FXGL Background Thread 1 ] DEBUG FXGLAssetLoaderServi - User app class for loading assets: class AZTANK
18:13:11.402 [FXGL Background Thread 1 ] DEBUG GameApplicationServi - Applying CSS: fxgl_dark.css
18:13:11.403 [FXGL Background Thread 1 ] DEBUG FXGLAssetLoaderServi - Loading from file system: jar:file:/C:/Users/Chak/Documents/SUBJECTS/Komsai%20-%20Second%20Year/CMSC%2022%20(LEC)%20-%20Fundamentals%20of%20Object%20Oriented%20Programming/Final%20Project/lib/fxgl-21.1-uber.jar!/fxglassets/ui/css/fxgl_dark.css
18:13:11.528 [FXGL Background Thread 1 ] DEBUG GameApplicationServi - Initializing application scenes
18:13:11.667 [FXGL Background Thread 1 ] DEBUG GameWorld            - Game world initialized
18:13:11.849 [FXGL Background Thread 1 ] DEBUG PhysicsWorld         - Physics world initialized: appHeight=600, physics.ppm=50.0
18:13:11.850 [FXGL Background Thread 1 ] DEBUG PhysicsWorld         - Using strategy: BRUTE_FORCE
18:13:11.864 [FXGL Background Thread 1 ] DEBUG GameScene            - Game scene initialized: 800x600
18:13:11.886 [FXGL Background Thread 1 ] DEBUG FXGL.DefaultMenu     - createMenuBodyMainMenu()
18:13:11.926 [FXGL Background Thread 1 ] DEBUG FXGL.DefaultMenu     - createOptionsMenu()
18:13:11.947 [FXGL Background Thread 1 ] DEBUG FXGLAssetLoaderServi - Loading from file system: jar:file:/C:/Users/Chak/Documents/SUBJECTS/Komsai%20-%20Second%20Year/CMSC%2022%20(LEC)%20-%20Fundamentals%20of%20Object%20Oriented%20Programming/Final%20Project/lib/fxgl-21.1-uber.jar!/fxglassets/textures/particles/smoke.png
18:13:12.146 [FXGL Background Thread 1 ] DEBUG FXGLAssetLoaderServi - Loading from file system: jar:file:/C:/Users/Chak/Documents/SUBJECTS/Komsai%20-%20Second%20Year/CMSC%2022%20(LEC)%20-%20Fundamentals%20of%20Object%20Oriented%20Programming/Final%20Project/lib/fxgl-21.1-uber.jar!/fxglassets/textures/particles/trace_horizontal.png
18:13:12.247 [FXGL Background Thread 1 ] DEBUG FXGL.DefaultMenu     - createMenuBodyGameMenu()
18:13:12.249 [FXGL Background Thread 1 ] DEBUG FXGL.DefaultMenu     - createOptionsMenu()
18:13:12.276 [FXGL Background Thread 1 ] DEBUG GameApplicationServi - Application scenes initialized
18:13:12.309 [FXGL Background Thread 1 ] DEBUG SystemBundleService  - Loading FXGL system data
18:13:12.315 [FXGL Background Thread 1 ] DEBUG FileSystemAccess     - Reading from: C:\Users\Chak\Documents\SUBJECTS\Komsai - Second Year\CMSC 22 (LEC) - Fundamentals of Object Oriented Programming\Final Project\system\fxgl.bundle
18:13:12.327 [FXGL Background Thread 1 ] DEBUG SystemBundleService  - Bundle FXGL: {}
18:13:12.327 [FXGL Background Thread 1 ] DEBUG UpdaterService       - Checking for updates
18:13:12.334 [FXGL Background Thread 4 ] DEBUG FXGLApplication      - Loading fonts
18:13:12.335 [FXGL Background Thread 4 ] DEBUG FXGLAssetLoaderServi - Loading from file system: jar:file:/C:/Users/Chak/Documents/SUBJECTS/Komsai%20-%20Second%20Year/CMSC%2022%20(LEC)%20-%20Fundamentals%20of%20Object%20Oriented%20Programming/Final%20Project/lib/fxgl-21.1-uber.jar!/fxglassets/ui/fonts/VarelaRound-Regular.ttf
18:13:12.335 [FXGL Background Thread 1 ] DEBUG FXGLApplication      - Loading default localization
18:13:12.336 [FXGL Background Thread 1 ] DEBUG FXGLAssetLoaderServi - Loading from file system: jar:file:/C:/Users/Chak/Documents/SUBJECTS/Komsai%20-%20Second%20Year/CMSC%2022%20(LEC)%20-%20Fundamentals%20of%20Object%20Oriented%20Programming/Final%20Project/lib/fxgl-21.1-uber.jar!/fxglassets/languages/english.lang
18:13:12.399 [FXGL Background Thread 1 ] INFO  FXGLApplication      - FXGL initialization took: 1.211 sec
18:13:12.410 [FXGL Background Thread 4 ] DEBUG FXGLAssetLoaderServi - Loading from file system: jar:file:/C:/Users/Chak/Documents/SUBJECTS/Komsai%20-%20Second%20Year/CMSC%2022%20(LEC)%20-%20Fundamentals%20of%20Object%20Oriented%20Programming/Final%20Project/lib/fxgl-21.1-uber.jar!/fxglassets/ui/fonts/Abel-Regular.ttf
18:13:12.413 [JavaFX Application Thread] DEBUG Input                - Registered new binding: Player 1 Move Left - Left
18:13:12.414 [JavaFX Application Thread] DEBUG Input                - Registered new binding: Player 1 Move Right - Right
18:13:12.415 [JavaFX Application Thread] DEBUG Input                - Registered new binding: Player 1 Move Forward - Up
18:13:12.416 [JavaFX Application Thread] DEBUG Input                - Registered new binding: Player 1 Move Backwards - Down
18:13:12.416 [JavaFX Application Thread] DEBUG Input                - Registered new binding: Player 1 Shoot - Space
18:13:12.416 [JavaFX Application Thread] DEBUG Input                - Registered new binding: Player 2 Move Left - A
18:13:12.416 [JavaFX Application Thread] DEBUG Input                - Registered new binding: Player 2 Move Right - D
18:13:12.417 [JavaFX Application Thread] DEBUG Input                - Registered new binding: Player 2 Move Forward - W
18:13:12.417 [JavaFX Application Thread] DEBUG Input                - Registered new binding: Player 2 Move Down - S
18:13:12.417 [JavaFX Application Thread] DEBUG Input                - Registered new binding: Player 2 Shoot - Q
18:13:12.419 [JavaFX Application Thread] DEBUG FXGLAssetLoaderServi - Loading from file system: jar:file:/C:/Users/Chak/Documents/SUBJECTS/Komsai%20-%20Second%20Year/CMSC%2022%20(LEC)%20-%20Fundamentals%20of%20Object%20Oriented%20Programming/Final%20Project/lib/fxgl-21.1-uber.jar!/fxglassets/textures/fxgl_icon.png
18:13:12.419 [FXGL Background Thread 4 ] DEBUG FXGLAssetLoaderServi - Loading from file system: jar:file:/C:/Users/Chak/Documents/SUBJECTS/Komsai%20-%20Second%20Year/CMSC%2022%20(LEC)%20-%20Fundamentals%20of%20Object%20Oriented%20Programming/Final%20Project/lib/fxgl-21.1-uber.jar!/fxglassets/ui/fonts/TerminalLandMono-Regular.otf
18:13:12.426 [FXGL Background Thread 4 ] DEBUG FXGLAssetLoaderServi - Loading from file system: jar:file:/C:/Users/Chak/Documents/SUBJECTS/Komsai%20-%20Second%20Year/CMSC%2022%20(LEC)%20-%20Fundamentals%20of%20Object%20Oriented%20Programming/Final%20Project/lib/fxgl-21.1-uber.jar!/fxglassets/ui/fonts/Courier-Prime.ttf
18:13:12.450 [JavaFX Application Thread] DEBUG FXGLAssetLoaderServi - Loading from file system: jar:file:/C:/Users/Chak/Documents/SUBJECTS/Komsai%20-%20Second%20Year/CMSC%2022%20(LEC)%20-%20Fundamentals%20of%20Object%20Oriented%20Programming/Final%20Project/lib/fxgl-21.1-uber.jar!/fxglassets/textures/fxgl_default_cursor.png
18:13:12.455 [JavaFX Application Thread] DEBUG Input                - Registered new binding: Screenshot - CTRL+8
18:13:12.457 [JavaFX Application Thread] DEBUG Input                - Registered new binding: System info dump - CTRL+9
18:13:12.458 [JavaFX Application Thread] DEBUG Input                - Registered new binding: Restart - CTRL+R
18:13:12.462 [JavaFX Application Thread] DEBUG Input                - Registered new binding: Toggle Debug Camera - CTRL+7
18:13:12.471 [JavaFX Application Thread] DEBUG LoopRunner           - Starting loop
18:13:12.471 [JavaFX Application Thread] DEBUG LoopRunner           - Initializing JavaFX AnimationTimerLoop
18:13:12.477 [JavaFX Application Thread] DEBUG Input                - Clearing active input actions
18:13:12.489 [JavaFX Application Thread] DEBUG GameApplicationServi - Removing overlay from FXGLStartupScene and adding to FXGLMainMenuDummyScene
18:13:12.490 [JavaFX Application Thread] DEBUG PrimaryStageWindow   - FXGLStartupScene -> FXGLMainMenuDummyScene
18:13:12.491 [JavaFX Application Thread] DEBUG PrimaryStageWindow   - Push state: AZTANKMainMenu
18:13:12.502 [JavaFX Application Thread] DEBUG Input                - Clearing active input actions
18:13:12.526 [JavaFX Application Thread] DEBUG GameApplicationServi - Removing overlay from FXGLMainMenuDummyScene and adding to AZTANKMainMenu
18:13:12.527 [JavaFX Application Thread] DEBUG PrimaryStageWindow   - FXGLMainMenuDummyScene -> AZTANKMainMenu
18:13:12.538 [JavaFX Application Thread] DEBUG FXGLApplication      - Registering font factories with UI factory
18:13:14.548 [JavaFX Application Thread] DEBUG Menu                 - fireNewGame()
18:13:14.548 [JavaFX Application Thread] DEBUG GameApplicationServi - Starting new game
18:13:14.552 [JavaFX Application Thread] DEBUG PrimaryStageWindow   - Pop state: AZTANKMainMenu
18:13:14.552 [JavaFX Application Thread] DEBUG Input                - Clearing active input actions
18:13:14.553 [JavaFX Application Thread] DEBUG GameApplicationServi - Removing overlay from AZTANKMainMenu and adding to FXGLMainMenuDummyScene
18:13:14.553 [JavaFX Application Thread] DEBUG PrimaryStageWindow   - FXGLMainMenuDummyScene <- AZTANKMainMenu
18:13:14.554 [JavaFX Application Thread] DEBUG Input                - Clearing active input actions
18:13:14.578 [JavaFX Application Thread] DEBUG GameApplicationServi - Removing overlay from FXGLMainMenuDummyScene and adding to FXGLLoadingScene
18:13:14.579 [JavaFX Application Thread] DEBUG PrimaryStageWindow   - FXGLMainMenuDummyScene -> FXGLLoadingScene
18:13:14.579 [JavaFX Application Thread] DEBUG GameApplicationServi - Clearing previous game
18:13:14.579 [JavaFX Application Thread] DEBUG GameScene            - Clearing game scene
18:13:14.579 [JavaFX Application Thread] DEBUG GameWorld            - Clearing game world
18:13:14.579 [JavaFX Application Thread] DEBUG PhysicsWorld         - Clearing physics world
18:13:14.582 [FXGL Background Thread 2 ] DEBUG FXGLApplication      - Initializing game
18:13:14.657 [FXGL Background Thread 2 ] INFO  FXGLApplication      - Game initialization took: 0.075 sec
18:13:14.660 [JavaFX Application Thread] DEBUG Input                - Clearing active input actions
18:13:14.667 [JavaFX Application Thread] DEBUG GameApplicationServi - Removing overlay from FXGLLoadingScene and adding to GameScene
18:13:14.668 [JavaFX Application Thread] DEBUG PrimaryStageWindow   - FXGLLoadingScene -> GameScene
18:13:15.332 [FXGL Background Thread 3 ] DEBUG Engine               - Logging environment variables
18:13:15.333 [FXGL Background Thread 3 ] DEBUG Engine               - achievements: []
18:13:15.333 [FXGL Background Thread 3 ] DEBUG Engine               - actualHeight: 600.0
18:13:15.333 [FXGL Background Thread 3 ] DEBUG Engine               - actualHeightProperty: ReadOnlyDoubleProperty [value: 600.0]
18:13:15.333 [FXGL Background Thread 3 ] DEBUG Engine               - actualWidth: 800.0
18:13:15.333 [FXGL Background Thread 3 ] DEBUG Engine               - actualWidthProperty: ReadOnlyDoubleProperty [value: 800.0]
18:13:15.334 [FXGL Background Thread 3 ] DEBUG Engine               - appIcon: fxgl_icon.png
18:13:15.334 [FXGL Background Thread 3 ] DEBUG Engine               - applicationMode: DEVELOPER
18:13:15.334 [FXGL Background Thread 3 ] DEBUG Engine               - cSSList: [fxgl_dark.css]
18:13:15.334 [FXGL Background Thread 3 ] DEBUG Engine               - collisionDetectionStrategy: BRUTE_FORCE
18:13:15.334 [FXGL Background Thread 3 ] DEBUG Engine               - configClass: Optional.empty
18:13:15.334 [FXGL Background Thread 3 ] DEBUG Engine               - credits: []
18:13:15.335 [FXGL Background Thread 3 ] DEBUG Engine               - defaultCursor: CursorInfo(imageName=fxgl_default_cursor.png, hotspotX=7.0, hotspotY=6.0)
18:13:15.335 [FXGL Background Thread 3 ] DEBUG Engine               - devBBoxColorProperty: ObjectProperty [value: 0xff0000ff]
18:13:15.335 [FXGL Background Thread 3 ] DEBUG Engine               - devEnableDebugCameraProperty: BooleanProperty [value: false]
18:13:15.335 [FXGL Background Thread 3 ] DEBUG Engine               - devSensorColorProperty: ObjectProperty [value: 0xffff00ff]
18:13:15.336 [FXGL Background Thread 3 ] DEBUG Engine               - devShowBBoxProperty: BooleanProperty [value: false]
18:13:15.336 [FXGL Background Thread 3 ] DEBUG Engine               - devShowPositionProperty: BooleanProperty [value: false]
18:13:15.336 [FXGL Background Thread 3 ] DEBUG Engine               - enabledMenuItems: []
18:13:15.336 [FXGL Background Thread 3 ] DEBUG Engine               - engineServices: [class com.almasb.fxgl.app.services.FXGLAssetLoaderService, class com.almasb.fxgl.app.FXGLApplication$GameApplicationService, class com.almasb.fxgl.app.services.FXGLDialogService, class com.almasb.fxgl.app.services.IOTaskExecutorService, class com.almasb.fxgl.io.FileSystemService, class com.almasb.fxgl.localization.LocalizationService, class com.almasb.fxgl.app.services.SystemBundleService, class com.almasb.fxgl.profile.SaveLoadService, class com.almasb.fxgl.ui.FXGLUIFactoryServiceProvider, class com.almasb.fxgl.ui.FXGLDialogFactoryServiceProvider, class com.almasb.fxgl.audio.AudioPlayer, class com.almasb.fxgl.notification.impl.NotificationServiceProvider, class com.almasb.fxgl.achievement.AchievementService, class com.almasb.fxgl.cutscene.CutsceneService, class com.almasb.fxgl.minigames.MiniGameService, class com.almasb.fxgl.net.NetService, class com.almasb.fxgl.app.services.UpdaterService, class com.almasb.fxgl.dev.DevService]
18:13:15.336 [FXGL Background Thread 3 ] DEBUG Engine               - fontGame: Abel-Regular.ttf
18:13:15.336 [FXGL Background Thread 3 ] DEBUG Engine               - fontMono: TerminalLandMono-Regular.otf
18:13:15.336 [FXGL Background Thread 3 ] DEBUG Engine               - fontSizeScaleUI: 1.0
18:13:15.336 [FXGL Background Thread 3 ] DEBUG Engine               - fontText: Courier-Prime.ttf
18:13:15.336 [FXGL Background Thread 3 ] DEBUG Engine               - fontUI: VarelaRound-Regular.ttf
18:13:15.336 [FXGL Background Thread 3 ] DEBUG Engine               - fullScreen: BooleanProperty [value: false]
18:13:15.336 [FXGL Background Thread 3 ] DEBUG Engine               - gameDifficulty: MEDIUM
18:13:15.337 [FXGL Background Thread 3 ] DEBUG Engine               - gameDifficultyProperty: ObjectProperty [value: MEDIUM]
18:13:15.337 [FXGL Background Thread 3 ] DEBUG Engine               - globalMusicVolume: 0.5
18:13:15.337 [FXGL Background Thread 3 ] DEBUG Engine               - globalMusicVolumeProperty: DoubleProperty [value: 0.5]
18:13:15.337 [FXGL Background Thread 3 ] DEBUG Engine               - globalSoundVolume: 0.5
18:13:15.337 [FXGL Background Thread 3 ] DEBUG Engine               - globalSoundVolumeProperty: DoubleProperty [value: 0.5]
18:13:15.337 [FXGL Background Thread 3 ] DEBUG Engine               - height: 600
18:13:15.337 [FXGL Background Thread 3 ] DEBUG Engine               - is3D: false
18:13:15.337 [FXGL Background Thread 3 ] DEBUG Engine               - isAndroid: false
18:13:15.337 [FXGL Background Thread 3 ] DEBUG Engine               - isBrowser: false
18:13:15.338 [FXGL Background Thread 3 ] DEBUG Engine               - isClickFeedbackEnabled: false
18:13:15.338 [FXGL Background Thread 3 ] DEBUG Engine               - isCloseConfirmation: false
18:13:15.338 [FXGL Background Thread 3 ] DEBUG Engine               - isDesktop: true
18:13:15.338 [FXGL Background Thread 3 ] DEBUG Engine               - isDeveloperMenuEnabled: false
18:13:15.338 [FXGL Background Thread 3 ] DEBUG Engine               - isEmbedded: false
18:13:15.338 [FXGL Background Thread 3 ] DEBUG Engine               - isEntityPreloadEnabled: true
18:13:15.338 [FXGL Background Thread 3 ] DEBUG Engine               - isExperimentalTiledLargeMap: false
18:13:15.338 [FXGL Background Thread 3 ] DEBUG Engine               - isFileSystemWriteAllowed: true
18:13:15.338 [FXGL Background Thread 3 ] DEBUG Engine               - isFullScreenAllowed: false
18:13:15.338 [FXGL Background Thread 3 ] DEBUG Engine               - isFullScreenFromStart: false
18:13:15.338 [FXGL Background Thread 3 ] DEBUG Engine               - isGameMenuEnabled: true
18:13:15.338 [FXGL Background Thread 3 ] DEBUG Engine               - isIOS: false
18:13:15.338 [FXGL Background Thread 3 ] DEBUG Engine               - isIntroEnabled: false
18:13:15.338 [FXGL Background Thread 3 ] DEBUG Engine               - isLinux: false
18:13:15.338 [FXGL Background Thread 3 ] DEBUG Engine               - isMac: false
18:13:15.338 [FXGL Background Thread 3 ] DEBUG Engine               - isMainMenuEnabled: true
18:13:15.339 [FXGL Background Thread 3 ] DEBUG Engine               - isManualResizeEnabled: false
18:13:15.339 [FXGL Background Thread 3 ] DEBUG Engine               - isMobile: false
18:13:15.339 [FXGL Background Thread 3 ] DEBUG Engine               - isNative: false
18:13:15.339 [FXGL Background Thread 3 ] DEBUG Engine               - isPauseMusicWhenMinimized: true
18:13:15.339 [FXGL Background Thread 3 ] DEBUG Engine               - isPreserveResizeRatio: false
18:13:15.339 [FXGL Background Thread 3 ] DEBUG Engine               - isProfilingEnabled: false
18:13:15.340 [FXGL Background Thread 3 ] DEBUG Engine               - isScaleAffectedOnResize: true
18:13:15.340 [FXGL Background Thread 3 ] DEBUG Engine               - isSingleStep: false
18:13:15.340 [FXGL Background Thread 3 ] DEBUG Engine               - isUserProfileEnabled: false
18:13:15.340 [FXGL Background Thread 3 ] DEBUG Engine               - isWindows: true
18:13:15.340 [FXGL Background Thread 3 ] DEBUG Engine               - language: ObjectProperty [value: ENGLISH]
18:13:15.340 [FXGL Background Thread 3 ] DEBUG Engine               - menuKey: ESCAPE
18:13:15.340 [FXGL Background Thread 3 ] DEBUG Engine               - mouseSensitivity: 0.2
18:13:15.340 [FXGL Background Thread 3 ] DEBUG Engine               - notificationViewClass: class com.almasb.fxgl.notification.view.XboxNotificationView
18:13:15.340 [FXGL Background Thread 3 ] DEBUG Engine               - pixelsPerMeter: 50.0
18:13:15.341 [FXGL Background Thread 3 ] DEBUG Engine               - platform: WINDOWS
18:13:15.341 [FXGL Background Thread 3 ] DEBUG Engine               - prefHeightProperty: ReadOnlyDoubleProperty [value: 600.0]
18:13:15.341 [FXGL Background Thread 3 ] DEBUG Engine               - prefWidthProperty: ReadOnlyDoubleProperty [value: 800.0]
18:13:15.342 [FXGL Background Thread 3 ] DEBUG Engine               - profileDir: profiles/
18:13:15.342 [FXGL Background Thread 3 ] DEBUG Engine               - profileName: StringProperty [value: DEFAULT]
18:13:15.342 [FXGL Background Thread 3 ] DEBUG Engine               - randomSeed: -1
18:13:15.343 [FXGL Background Thread 3 ] DEBUG Engine               - runtimeInfo: RuntimeInfo(platform=WINDOWS, version=21.1, build=26.03.2024 17.33)
18:13:15.343 [FXGL Background Thread 3 ] DEBUG Engine               - saveFileExt: sav
18:13:15.343 [FXGL Background Thread 3 ] DEBUG Engine               - scaledHeightProp$fxgl: DoubleProperty [bound, value: 600.0]
18:13:15.343 [FXGL Background Thread 3 ] DEBUG Engine               - scaledWidthProp$fxgl: DoubleProperty [bound, value: 800.0]
18:13:15.343 [FXGL Background Thread 3 ] DEBUG Engine               - sceneFactory: AZTANK$1@6bd48e0b
18:13:15.344 [FXGL Background Thread 3 ] DEBUG Engine               - secondsIn24h: 60
18:13:15.344 [FXGL Background Thread 3 ] DEBUG Engine               - soundMenuBack: menu/back.wav
18:13:15.344 [FXGL Background Thread 3 ] DEBUG Engine               - soundMenuPress: menu/press.wav
18:13:15.344 [FXGL Background Thread 3 ] DEBUG Engine               - soundMenuSelect: menu/select.wav
18:13:15.344 [FXGL Background Thread 3 ] DEBUG Engine               - soundNotification: core/notification.wav
18:13:15.344 [FXGL Background Thread 3 ] DEBUG Engine               - stageStyle: DECORATED
18:13:15.344 [FXGL Background Thread 3 ] DEBUG Engine               - supportedLanguages: [ENGLISH, FRENCH, GERMAN, HUNGARIAN, RUSSIAN]
18:13:15.344 [FXGL Background Thread 3 ] DEBUG Engine               - ticksPerSecond: -1
18:13:15.344 [FXGL Background Thread 3 ] DEBUG Engine               - title: AZ TANK
18:13:15.344 [FXGL Background Thread 3 ] DEBUG Engine               - urlGithub: https://github.com/AlmasB/FXGL
18:13:15.344 [FXGL Background Thread 3 ] DEBUG Engine               - urlLeaderboard: http://fxgl-top.herokuapp.com/
18:13:15.345 [FXGL Background Thread 3 ] DEBUG Engine               - urlPOM: https://raw.githubusercontent.com/AlmasB/FXGL/release/README.md
18:13:15.345 [FXGL Background Thread 3 ] DEBUG Engine               - userAppClass: class AZTANK
18:13:15.345 [FXGL Background Thread 3 ] DEBUG Engine               - version: 1.0
18:13:15.345 [FXGL Background Thread 3 ] DEBUG Engine               - versionCheckDays: 7
18:13:15.345 [FXGL Background Thread 3 ] DEBUG Engine               - width: 800
18:13:15.345 [FXGL Background Thread 3 ] DEBUG Engine               - Logging services
18:13:15.345 [FXGL Background Thread 3 ] DEBUG Engine               - class com.almasb.fxgl.app.services.FXGLAssetLoaderService
18:13:15.345 [FXGL Background Thread 3 ] DEBUG Engine               - class com.almasb.fxgl.app.FXGLApplication$GameApplicationService
18:13:15.345 [FXGL Background Thread 3 ] DEBUG Engine               - class com.almasb.fxgl.app.services.FXGLDialogService
18:13:15.345 [FXGL Background Thread 3 ] DEBUG Engine               - class com.almasb.fxgl.app.services.IOTaskExecutorService
18:13:15.345 [FXGL Background Thread 3 ] DEBUG Engine               - class com.almasb.fxgl.io.FileSystemService
18:13:15.345 [FXGL Background Thread 3 ] DEBUG Engine               - class com.almasb.fxgl.localization.LocalizationService
18:13:15.345 [FXGL Background Thread 3 ] DEBUG Engine               - class com.almasb.fxgl.app.services.SystemBundleService
18:13:15.345 [FXGL Background Thread 3 ] DEBUG Engine               - class com.almasb.fxgl.profile.SaveLoadService
18:13:15.345 [FXGL Background Thread 3 ] DEBUG Engine               - class com.almasb.fxgl.ui.FXGLUIFactoryServiceProvider
18:13:15.346 [FXGL Background Thread 3 ] DEBUG Engine               - class com.almasb.fxgl.ui.FXGLDialogFactoryServiceProvider
18:13:15.346 [FXGL Background Thread 3 ] DEBUG Engine               - class com.almasb.fxgl.audio.AudioPlayer
18:13:15.346 [FXGL Background Thread 3 ] DEBUG Engine               - class com.almasb.fxgl.notification.impl.NotificationServiceProvider
18:13:15.346 [FXGL Background Thread 3 ] DEBUG Engine               - class com.almasb.fxgl.achievement.AchievementService
18:13:15.346 [FXGL Background Thread 3 ] DEBUG Engine               - class com.almasb.fxgl.cutscene.CutsceneService
18:13:15.346 [FXGL Background Thread 3 ] DEBUG Engine               - class com.almasb.fxgl.minigames.MiniGameService
18:13:15.346 [FXGL Background Thread 3 ] DEBUG Engine               - class com.almasb.fxgl.net.NetService
18:13:15.346 [FXGL Background Thread 3 ] DEBUG Engine               - class com.almasb.fxgl.app.services.UpdaterService
18:13:15.346 [FXGL Background Thread 3 ] DEBUG Engine               - class com.almasb.fxgl.dev.DevService
18:13:25.594 [JavaFX Application Thread] DEBUG FXGLApplication      - Exiting FXGL
18:13:25.594 [JavaFX Application Thread] DEBUG LoopRunner           - Stopping loop
18:13:25.595 [JavaFX Application Thread] DEBUG SystemBundleService  - Saving FXGL system data
18:13:25.600 [JavaFX Application Thread] DEBUG FileSystemAccess     - Writing to: C:\Users\Chak\Documents\SUBJECTS\Komsai - Second Year\CMSC 22 (LEC) - Fundamentals of Object Oriented Programming\Final Project\system\fxgl.bundle
18:13:25.603 [JavaFX Application Thread] DEBUG Async                - Shutting down background threads
18:13:25.604 [JavaFX Application Thread] DEBUG PrimaryStageWindow   - Closing main window
18:13:25.659 [JavaFX Application Thread] DEBUG Logger               - Closing Logger
